
	Position file = /workspace/gene_expression_predictions/outputs/annotation/homer/mid_vivo_lymph.bed
	Genome = hg38
	Output Directory = /workspace/gene_expression_predictions/outputs/annotation/homer/mid_vivo_lymph
	Fragment size set to 200
	Will use repeat masked sequences
	Using 8 CPUs
	Found mset for "human", will check against vertebrates motifs
	Peak/BED file conversion summary:
		BED/Header formatted lines: 415
		peakfile formatted lines: 0

	Peak File Statistics:
		Total Peaks: 415
		Redundant Peak IDs: 0
		Peaks lacking information: 0 (need at least 5 columns per peak)
		Peaks with misformatted coordinates: 0 (should be integer)
		Peaks with misformatted strand: 0 (should be either +/- or 0/1)

	Peak file looks good!

	Background files for 200 bp fragments found.
	Custom genome sequence directory: /workspace/.//data/genomes/hg38//

	Extracting sequences from file: /workspace/.//data/genomes/hg38///genome.fa
	Looking for peak sequences in a single file (/workspace/.//data/genomes/hg38///genome.fa)
	Extracting 204 sequences from chr8
	Extracting 211 sequences from chr9


!!!!!!!!!!!!!!!!!!!!!!!!!!!!!!!!!!!!!!!!!!!!!!!!!!!!!!!!!!!!!
	Potential Problem with Sequences (ignore if preparsing genome):
		203 of 415 removed because they had >70.00% Ns (i.e. masked repeats)
	Due to 	high repeat content, consider using a non-repeat masked genome


!!!!!!!!!!!!!!!!!!!!!!!!!!!!!!!!!!!!!!!!!!!!!!!!!!!!!!!!!!!!!

	Not removing redundant sequences


	Sequences processed:
		Auto detected maximum sequence length of 201 bp
		212 total

	Frequency Bins: 0.2 0.25 0.3 0.35 0.4 0.45 0.5 0.6 0.7 0.8
	Freq	Bin	Count
	0.2	0	1
	0.25	1	6
	0.3	2	31
	0.35	3	50
	0.4	4	42
	0.45	5	30
	0.5	6	28
	0.6	7	19
	0.7	8	5
	Max distance to merge: direct overlap required (-d given)
	Calculating co-bound peaks relative to reference: /workspace/.//data/genomes/hg38//preparsed//hg38r.200.pos

	Comparing peaks: (peakfile, overlapping peaks, logRatio(obs/expected), logP)
		/workspace/gene_expression_predictions/outputs/annotation/homer/mid_vivo_lymph/target200.pos	38	-0.96	14.45

	Co-bound by 0 peaks: 1064627
	Co-bound by 1 peaks: 38 (max: 38 effective total)

	Total sequences set to 100000

	Choosing background that matches in CpG/GC content...
	Bin	# Targets	# Background	Background Weight
	0	1	471	0.999
	1	6	2824	1.000
	2	31	14592	1.000
	3	50	23535	1.000
	4	42	19769	1.000
	5	30	14121	1.000
	6	28	13180	1.000
	7	19	8943	1.000
	8	5	2353	1.000
	Assembling sequence file...
	Normalizing lower order oligos using homer2

	Reading input files...
	100000 total sequences read
	Autonormalization: 1-mers (4 total)
		A	30.76%	30.67%	1.003
		C	19.24%	19.33%	0.996
		G	19.24%	19.33%	0.996
		T	30.76%	30.67%	1.003
	Autonormalization: 2-mers (16 total)
		AA	10.76%	10.69%	1.007
		CA	6.99%	6.88%	1.016
		GA	5.86%	5.90%	0.993
		TA	7.15%	7.22%	0.990
		AC	4.89%	4.99%	0.980
		CC	4.59%	4.66%	0.985
		GC	3.87%	3.76%	1.030
		TC	5.86%	5.90%	0.993
		AG	6.84%	6.82%	1.003
		CG	0.84%	0.96%	0.879
		GG	4.59%	4.66%	0.985
		TG	6.99%	6.88%	1.016
		AT	8.26%	8.18%	1.010
		CT	6.84%	6.82%	1.003
		GT	4.89%	4.99%	0.980
		TT	10.76%	10.69%	1.007
	Autonormalization: 3-mers (64 total)
	Normalization weights can be found in file: /workspace/gene_expression_predictions/outputs/annotation/homer/mid_vivo_lymph/seq.autonorm.tsv
	Converging on autonormalization solution:
	...............................................................................
	Final normalization:	Autonormalization: 1-mers (4 total)
		A	30.76%	30.75%	1.000
		C	19.24%	19.25%	0.999
		G	19.24%	19.25%	0.999
		T	30.76%	30.75%	1.000
	Autonormalization: 2-mers (16 total)
		AA	10.76%	10.75%	1.001
		CA	6.99%	6.97%	1.003
		GA	5.86%	5.88%	0.997
		TA	7.15%	7.16%	0.999
		AC	4.89%	4.91%	0.995
		CC	4.59%	4.59%	1.000
		GC	3.87%	3.86%	1.004
		TC	5.86%	5.88%	0.997
		AG	6.84%	6.85%	1.000
		CG	0.84%	0.84%	0.998
		GG	4.59%	4.59%	1.000
		TG	6.99%	6.97%	1.003
		AT	8.26%	8.24%	1.003
		CT	6.84%	6.85%	1.000
		GT	4.89%	4.91%	0.995
		TT	10.76%	10.75%	1.001
	Autonormalization: 3-mers (64 total)
	Finished preparing sequence/group files

	----------------------------------------------------------
	Known motif enrichment

	Reading input files...
	100000 total sequences read
	472 motifs loaded
	Cache length = 11180
	Using binomial scoring
	Checking enrichment of 472 motif(s)
	|0%                                    50%                                  100%|
	=================================================================================
	Preparing HTML output with sequence logos...
		1 of 472 (1e-3) Oct6(POU,Homeobox)/NPC-Pou3f1-ChIP-Seq(GSE35496)/Homer
		2 of 472 (1e-2) Brn1(POU,Homeobox)/NPC-Brn1-ChIP-Seq(GSE35496)/Homer
	----------------------------------------------------------
	De novo motif finding (HOMER)

	Number of Trial motifs (-T) set to 8 (from 10) to work well with 8 CPUs
	Scanning input files...
	Parsing sequences...
	|0%                                   50%                                  100%|
	===============================================================================
	Total number of Oligos: 32896
	Autoadjustment for sequence coverage in background: 1.00x

	Oligos: 32896 of 34497 max
	Tree  : 67128 of 172485 max
	Optimizing memory usage...
	Cache length = 11180
	Using binomial scoring

	Global Optimization Phase: Looking for enriched oligos with up to 2 mismatches...

	Screening oligos 32896 (allowing 0 mismatches):
	|0%                                   50%                                  100%|
	================================================================================
		49.91% skipped, 50.09% checked (16479 of 32896), of those checked:
		49.91% not in target, 0.00% increased p-value, 0.00% high p-value

	Screening oligos 32896 (allowing 1 mismatches):
	|0%                                   50%                                  100%|
	================================================================================
		49.91% skipped, 50.09% checked (16479 of 32896), of those checked:
		0.00% not in target, 22.06% increased p-value, 33.85% high p-value

	Screening oligos 32896 (allowing 2 mismatches):
	|0%                                   50%                                  100%|
	================================================================================
		90.49% skipped, 9.51% checked (3128 of 32896), of those checked:
		0.00% not in target, 9.04% increased p-value, 0.00% high p-value
	Reading input files...
	100000 total sequences read
	Cache length = 11180
	Using binomial scoring

	Local Optimization Phase:
	1 of 25 Initial Sequence: TATGAGGG... (-9.019)
		Round 1: -14.98 TATGAGGG T:31.0(13.63%),B:4530.3(4.44%),P:1e-6
		Round 2: -14.98 TATGAGGG T:31.0(13.63%),B:4530.3(4.44%),P:1e-6
		=Final=: -15.10 TATGAGGG T:28.0(13.21%),B:4412.6(4.42%),P:1e-6
		Performing exhaustive masking of motif...
		Reprioritizing potential motifs...
	2 of 25 Initial Sequence: ATTCCCAG... (-8.407)
		Round 1: -12.81 ATTCCCAG T:52.0(21.80%),B:11307.7(10.73%),P:1e-5
		Round 2: -12.81 ATTCCCAG T:52.0(21.80%),B:11307.7(10.73%),P:1e-5
		=Final=: -14.97 ATTCCCAG T:48.0(22.64%),B:10578.1(10.59%),P:1e-6
		Performing exhaustive masking of motif...
		Reprioritizing potential motifs...
	3 of 25 Initial Sequence: CGCGCGCG... (-8.173)
		Round 1: -15.39 CGCGCGCG T:21.0(9.45%),B:2382.9(2.36%),P:1e-6
		Round 2: -15.39 CGCGCGCG T:21.0(9.45%),B:2382.9(2.36%),P:1e-6
		=Final=: -6.09 CGCGCGCG T:5.0(2.36%),B:424.5(0.42%),P:1e-2
		Performing exhaustive masking of motif...
		Reprioritizing potential motifs...
	4 of 25 Initial Sequence: CGTCAGGT... (-7.960)
		Round 1: -13.00 CGTCAGGT T:18.0(8.16%),B:2061.4(2.05%),P:1e-5
		Round 2: -13.00 CGTCAGGT T:18.0(8.16%),B:2061.4(2.05%),P:1e-5
		=Final=: -13.08 CGTCAGGT T:17.0(8.02%),B:2032.6(2.03%),P:1e-5
		Performing exhaustive masking of motif...
		Reprioritizing potential motifs...
	5 of 25 Initial Sequence: ACATGAAT... (-7.507)
		Round 1: -10.17 ACATGAAT T:23.0(10.30%),B:3700.2(3.64%),P:1e-4
		Round 2: -15.69 ACAGGAWT T:57.0(23.62%),B:11615.8(11.00%),P:1e-6
		Round 3: -15.69 ACAGGAWT T:57.0(23.62%),B:11615.8(11.00%),P:1e-6
		=Final=: -15.21 ACAGGAWT T:49.0(23.11%),B:10824.3(10.84%),P:1e-6
		Performing exhaustive masking of motif...
		Reprioritizing potential motifs...
	Remaining seeds don't look promising (After initial 5 motifs, logp -6.796 > -8.326)

	Finalizing Enrichment Statistics (new in v3.4)
	Reading input files...
	100000 total sequences read
	Cache length = 11180
	Using binomial scoring
	Checking enrichment of 5 motif(s)
	|0%                                    50%                                  100%|
	=================================================================================
	Output in file: /workspace/gene_expression_predictions/outputs/annotation/homer/mid_vivo_lymph/homerMotifs.motifs8


	Number of Trial motifs (-T) set to 8 (from 10) to work well with 8 CPUs
	Scanning input files...
	Parsing sequences...
	|0%                                   50%                                  100%|
	===============================================================================
	Total number of Oligos: 508384
	Autoadjustment for sequence coverage in background: 1.00x

	Oligos: 508384 of 551887 max
	Tree  : 1042324 of 2759435 max
	Optimizing memory usage...
	Cache length = 11180
	Using binomial scoring

	Global Optimization Phase: Looking for enriched oligos with up to 2 mismatches...

	Screening oligos 508384 (allowing 0 mismatches):
	|0%                                   50%                                  100%|
	================================================================================
		93.88% skipped, 6.12% checked (31088 of 508384), of those checked:
		93.88% not in target, 0.00% increased p-value, 0.00% high p-value

	Screening oligos 508384 (allowing 1 mismatches):
	|0%                                   50%                                  100%|
	================================================================================
		93.88% skipped, 6.12% checked (31088 of 508384), of those checked:
		0.00% not in target, 5.50% increased p-value, 0.57% high p-value

	Screening oligos 508384 (allowing 2 mismatches):
	|0%                                   50%                                  100%|
	================================================================================
		99.47% skipped, 0.53% checked (2714 of 508384), of those checked:
		0.00% not in target, 0.49% increased p-value, 0.00% high p-value
	Reading input files...
	100000 total sequences read
	Cache length = 11180
	Using binomial scoring

	Local Optimization Phase:
	1 of 25 Initial Sequence: ATAGGTCTCC... (-13.441)
		Round 1: -22.57 ATAGGTCTCC T:11.0(5.07%),B:239.5(0.24%),P:1e-9
		Round 2: -22.57 ATAGGTCTCC T:11.0(5.07%),B:239.5(0.24%),P:1e-9
		=Final=: -22.55 ATAGGTCTCC T:10.0(4.72%),B:239.5(0.24%),P:1e-9
		Performing exhaustive masking of motif...
		Reprioritizing potential motifs...
	2 of 25 Initial Sequence: TCCCATTTTA... (-9.024)
		Round 1: -16.95 TCCCATTTTA T:17.0(7.72%),B:1353.4(1.35%),P:1e-7
		Round 2: -16.95 TCCCATTTTA T:17.0(7.72%),B:1353.4(1.35%),P:1e-7
		=Final=: -15.84 TCCCATTTTA T:14.0(6.60%),B:1096.6(1.10%),P:1e-6
		Performing exhaustive masking of motif...
		Reprioritizing potential motifs...
	3 of 25 Initial Sequence: AAGGATTTAG... (-8.971)
		Round 1: -20.85 AAGGATTTAG T:17.0(7.72%),B:1019.6(1.02%),P:1e-9
		Round 2: -21.16 AAGGATTTAG T:15.0(6.85%),B:714.3(0.71%),P:1e-9
		Round 3: -21.16 AAGGATTTAG T:15.0(6.85%),B:714.3(0.71%),P:1e-9
		=Final=: -21.19 AAGGATTTAG T:14.0(6.60%),B:711.9(0.71%),P:1e-9
		Performing exhaustive masking of motif...
		Reprioritizing potential motifs...
	4 of 25 Initial Sequence: TCAATCTCCA... (-8.464)
		Round 1: -17.35 TCAATCTCCA T:12.0(5.52%),B:536.1(0.54%),P:1e-7
		Round 2: -17.35 TCAATCTCCA T:12.0(5.52%),B:536.1(0.54%),P:1e-7
		=Final=: -19.81 TCAATCTCCA T:12.0(5.66%),B:533.9(0.53%),P:1e-8
		Performing exhaustive masking of motif...
		Reprioritizing potential motifs...
	5 of 25 Initial Sequence: ATGATGGCCA... (-8.296)
		Round 1: -17.77 ATGATGGCCA T:11.0(5.07%),B:397.5(0.40%),P:1e-7
		Round 2: -17.77 ATGATGGCCA T:11.0(5.07%),B:397.5(0.40%),P:1e-7
		=Final=: -17.86 ATGATGGCCA T:10.0(4.72%),B:393.1(0.39%),P:1e-7
		Performing exhaustive masking of motif...
		Reprioritizing potential motifs...
	Remaining seeds don't look promising (After initial 5 motifs, logp -8.229 > -8.326)

	Finalizing Enrichment Statistics (new in v3.4)
	Reading input files...
	100000 total sequences read
	Cache length = 11180
	Using binomial scoring
	Checking enrichment of 5 motif(s)
	|0%                                    50%                                  100%|
	=================================================================================
	Output in file: /workspace/gene_expression_predictions/outputs/annotation/homer/mid_vivo_lymph/homerMotifs.motifs10


	Number of Trial motifs (-T) set to 8 (from 10) to work well with 8 CPUs
	-blen automatically set to 2
	Scanning input files...
	Parsing sequences...
	|0%                                   50%                                  100%|
	===============================================================================
	Total number of Oligos: 4658560
	Autoadjustment for sequence coverage in background: 1.00x

	Oligos: 4658560 of 8830118 max
	Tree  : 10275056 of 44150590 max
	Optimizing memory usage...
	Cache length = 11180
	Using binomial scoring

	Global Optimization Phase: Looking for enriched oligos with up to 2 mismatches...

	Screening oligos 4658560 (allowing 0 mismatches):
	|0%                                   50%                                  100%|
	===============================================================================
		99.29% skipped, 0.71% checked (33146 of 4658560), of those checked:
		99.29% not in target, 0.00% increased p-value, 0.00% high p-value

	Screening oligos 4658560 (allowing 1 mismatches):
	|0%                                   50%                                  100%|
	================================================================================
		99.29% skipped, 0.71% checked (33146 of 4658560), of those checked:
		0.00% not in target, 0.71% increased p-value, 0.00% high p-value

	Screening oligos 4658560 (allowing 2 mismatches):
	|0%                                   50%                                  100%|
	================================================================================
		100.00% skipped, 0.00% checked (213 of 4658560), of those checked:
		0.00% not in target, 0.00% increased p-value, 0.00% high p-value
	Reading input files...
	100000 total sequences read
	Cache length = 11180
	Using binomial scoring

	Local Optimization Phase:
	1 of 25 Initial Sequence: CTCCAGTGTAGT... (-12.583)
		Round 1: -23.43 CTCCAGTGTAGT T:5.0(2.34%),B:4.6(0.00%),P:1e-10
		Round 2: -23.43 CTCCAGTGTAGT T:5.0(2.34%),B:4.6(0.00%),P:1e-10
		=Final=: -10.24 CTCCAGTGTAGT T:2.0(0.94%),B:4.6(0.00%),P:1e-4
		Performing exhaustive masking of motif...
		Reprioritizing potential motifs...
	2 of 25 Initial Sequence: GAATCTCTGAAG... (-10.904)
		Round 1: -20.42 GAATCTCTGAAG T:6.0(2.80%),B:22.1(0.02%),P:1e-8
		Round 2: -20.42 GAATCTCTGAAG T:6.0(2.80%),B:22.1(0.02%),P:1e-8
		=Final=: -25.07 GAATCTCTGAAG T:6.0(2.83%),B:22.1(0.02%),P:1e-10
		Performing exhaustive masking of motif...
		Reprioritizing potential motifs...
	3 of 25 Initial Sequence: TTTTTTTTGGTC... (-9.472)
		Round 1: -16.15 TTTTTTTTGGTC T:13.0(5.96%),B:749.2(0.75%),P:1e-7
		Round 2: -16.15 TTTTTTTTGGTC T:13.0(5.96%),B:749.2(0.75%),P:1e-7
		=Final=: -14.86 TTTTTTTTGGTC T:10.0(4.72%),B:545.1(0.55%),P:1e-6
		Performing exhaustive masking of motif...
		Reprioritizing potential motifs...
	4 of 25 Initial Sequence: TCATAAAATCCT... (-9.185)
		Round 1: -21.41 TCATAAAATCCT T:16.0(7.29%),B:835.5(0.83%),P:1e-9
		Round 2: -27.90 TCAWAAAATCCT T:19.0(8.59%),B:862.5(0.86%),P:1e-12
		Round 3: -29.67 TCATAAAATCCT T:19.0(8.59%),B:774.4(0.77%),P:1e-12
		Round 4: -29.67 TCATAAAATCCT T:19.0(8.59%),B:774.4(0.77%),P:1e-12
		=Final=: -32.16 TCATAAAATCCT T:19.0(8.96%),B:774.4(0.78%),P:1e-13
		Performing exhaustive masking of motif...
		Reprioritizing potential motifs...
	5 of 25 Initial Sequence: GCTACCATATGT... (-8.384)
		Round 1: -16.98 GCTACCATATGT T:4.0(1.87%),B:4.0(0.00%),P:1e-7
		Round 2: -18.25 GCTAMCATTTGT T:5.0(2.34%),B:12.9(0.01%),P:1e-7
		Round 3: -19.71 GCTAACATTTGT T:13.0(5.96%),B:539.4(0.54%),P:1e-8
		Round 4: -19.71 GCTAACATTTGT T:13.0(5.96%),B:539.4(0.54%),P:1e-8
		=Final=: -22.22 GCTAACATTTGT T:13.0(6.13%),B:537.4(0.54%),P:1e-9
		Performing exhaustive masking of motif...
		Reprioritizing potential motifs...
	Remaining seeds don't look promising (After initial 5 motifs, logp -8.227 > -8.326)

	Finalizing Enrichment Statistics (new in v3.4)
	Reading input files...
	100000 total sequences read
	Cache length = 11180
	Using binomial scoring
	Checking enrichment of 5 motif(s)
	|0%                                    50%                                  100%|
	=================================================================================
	Output in file: /workspace/gene_expression_predictions/outputs/annotation/homer/mid_vivo_lymph/homerMotifs.motifs12

	(Motifs in homer2 format)
	Determining similar motifs...	15 reduced to 13 motifs
	Outputing HTML and sequence logos for motif comparison...
	Checking de novo motifs against known motifs...
	Formatting HTML page...
		1 of 13 (1e-13) similar to HOXC10/MA0905.2/Jaspar(0.684)
		2 of 13 (1e-10) similar to TCF7/MA0769.3/Jaspar(0.625)
		3 of 13 (1e-9) similar to PB0053.1_Rara_1/Jaspar(0.666)
		4 of 13 (1e-9) similar to Msgn1/MA1524.3/Jaspar(0.651)
		5 of 13 (1e-9) similar to Otx2(Homeobox)/EpiLC-Otx2-ChIP-Seq(GSE56098)/Homer(0.661)
		6 of 13 (1e-8) similar to MZF1/MA0056.3/Jaspar(0.728)
		7 of 13 (1e-7) similar to Nanog/MA2339.1/Jaspar(0.694)
		8 of 13 (1e-6) similar to Yy1/MA0095.4/Jaspar(0.789)
		9 of 13 (1e-6) similar to RBPJ/MA1116.2/Jaspar(0.853)
		10 of 13 (1e-6) similar to ZNF384/MA1125.2/Jaspar(0.785)
		11 of 13 (1e-5) similar to Six4/MA2001.2/Jaspar(0.817)
		12 of 13 (1e-4) similar to ZSCAN29/MA1602.2/Jaspar(0.610)
		13 of 13 (1e-2) similar to TCFL5/MA0632.3/Jaspar(0.861)
	Job finished - if results look good, please send beer to ..

	Cleaning up tmp files...

