
	Position file = /workspace/gene_expression_predictions/outputs/annotation/homer/early_vitro_lymph.bed
	Genome = hg38
	Output Directory = /workspace/gene_expression_predictions/outputs/annotation/homer/early_vitro_lymph
	Fragment size set to 200
	Will use repeat masked sequences
	Using 8 CPUs
	Found mset for "human", will check against vertebrates motifs
	Peak/BED file conversion summary:
		BED/Header formatted lines: 396
		peakfile formatted lines: 0

	Peak File Statistics:
		Total Peaks: 396
		Redundant Peak IDs: 0
		Peaks lacking information: 0 (need at least 5 columns per peak)
		Peaks with misformatted coordinates: 0 (should be integer)
		Peaks with misformatted strand: 0 (should be either +/- or 0/1)

	Peak file looks good!

	Background files for 200 bp fragments found.
	Custom genome sequence directory: /workspace/.//data/genomes/hg38//

	Extracting sequences from file: /workspace/.//data/genomes/hg38///genome.fa
	Looking for peak sequences in a single file (/workspace/.//data/genomes/hg38///genome.fa)
	Extracting 213 sequences from chr8
	Extracting 183 sequences from chr9


!!!!!!!!!!!!!!!!!!!!!!!!!!!!!!!!!!!!!!!!!!!!!!!!!!!!!!!!!!!!!
	Potential Problem with Sequences (ignore if preparsing genome):
		167 of 396 removed because they had >70.00% Ns (i.e. masked repeats)
	Due to 	high repeat content, consider using a non-repeat masked genome


!!!!!!!!!!!!!!!!!!!!!!!!!!!!!!!!!!!!!!!!!!!!!!!!!!!!!!!!!!!!!

	Not removing redundant sequences


	Sequences processed:
		Auto detected maximum sequence length of 201 bp
		229 total

	Frequency Bins: 0.2 0.25 0.3 0.35 0.4 0.45 0.5 0.6 0.7 0.8
	Freq	Bin	Count
	0.25	1	10
	0.3	2	41
	0.35	3	51
	0.4	4	45
	0.45	5	38
	0.5	6	20
	0.6	7	16
	0.7	8	8
	Max distance to merge: direct overlap required (-d given)
	Calculating co-bound peaks relative to reference: /workspace/.//data/genomes/hg38//preparsed//hg38r.200.pos

	Comparing peaks: (peakfile, overlapping peaks, logRatio(obs/expected), logP)
		/workspace/gene_expression_predictions/outputs/annotation/homer/early_vitro_lymph/target200.pos	37	-0.77	10.31

	Co-bound by 0 peaks: 1064628
	Co-bound by 1 peaks: 37 (max: 37 effective total)

	Total sequences set to 100000

	Choosing background that matches in CpG/GC content...
	Bin	# Targets	# Background	Background Weight
	1	10	4357	1.000
	2	41	17863	1.000
	3	51	22220	1.000
	4	45	19606	1.000
	5	38	16556	1.000
	6	20	8714	1.000
	7	16	6971	1.000
	8	8	3485	1.000
	Assembling sequence file...
	Normalizing lower order oligos using homer2

	Reading input files...
	100001 total sequences read
	Autonormalization: 1-mers (4 total)
		A	31.12%	31.04%	1.002
		C	18.88%	18.96%	0.996
		G	18.88%	18.96%	0.996
		T	31.12%	31.04%	1.002
	Autonormalization: 2-mers (16 total)
		AA	10.89%	10.97%	0.993
		CA	7.02%	6.79%	1.034
		GA	5.80%	5.83%	0.995
		TA	7.44%	7.47%	0.997
		AC	4.97%	4.96%	1.001
		CC	4.51%	4.50%	1.002
		GC	3.60%	3.65%	0.985
		TC	5.80%	5.83%	0.995
		AG	6.65%	6.72%	0.990
		CG	0.66%	0.93%	0.707
		GG	4.51%	4.50%	1.002
		TG	7.02%	6.79%	1.034
		AT	8.61%	8.40%	1.026
		CT	6.65%	6.72%	0.990
		GT	4.97%	4.96%	1.001
		TT	10.89%	10.97%	0.993
	Autonormalization: 3-mers (64 total)
	Normalization weights can be found in file: /workspace/gene_expression_predictions/outputs/annotation/homer/early_vitro_lymph/seq.autonorm.tsv
	Converging on autonormalization solution:
	...............................................................................
	Final normalization:	Autonormalization: 1-mers (4 total)
		A	31.12%	31.14%	0.999
		C	18.88%	18.86%	1.001
		G	18.88%	18.86%	1.001
		T	31.12%	31.14%	0.999
	Autonormalization: 2-mers (16 total)
		AA	10.89%	10.89%	1.000
		CA	7.02%	7.00%	1.003
		GA	5.80%	5.81%	0.999
		TA	7.44%	7.45%	0.999
		AC	4.97%	4.97%	0.999
		CC	4.51%	4.49%	1.005
		GC	3.60%	3.59%	1.003
		TC	5.80%	5.81%	0.999
		AG	6.65%	6.68%	0.996
		CG	0.66%	0.68%	0.967
		GG	4.51%	4.49%	1.005
		TG	7.02%	7.00%	1.003
		AT	8.61%	8.59%	1.002
		CT	6.65%	6.68%	0.996
		GT	4.97%	4.97%	0.999
		TT	10.89%	10.89%	1.000
	Autonormalization: 3-mers (64 total)
	Finished preparing sequence/group files

	----------------------------------------------------------
	Known motif enrichment

	Reading input files...
	100001 total sequences read
	472 motifs loaded
	Cache length = 11180
	Using binomial scoring
	Checking enrichment of 472 motif(s)
	|0%                                    50%                                  100%|
	=================================================================================
	Preparing HTML output with sequence logos...
		1 of 472 (1e-3) Sox3(HMG)/NPC-Sox3-ChIP-Seq(GSE33059)/Homer
		2 of 472 (1e-2) ZBED2(Zf)/SUIT2-ZBED2.HA-ChIP-Seq(GSE141606)/Homer
	----------------------------------------------------------
	De novo motif finding (HOMER)

	Number of Trial motifs (-T) set to 8 (from 10) to work well with 8 CPUs
	Scanning input files...
	Parsing sequences...
	|0%                                   50%                                  100%|
	================================================================================
	Total number of Oligos: 32896
	Autoadjustment for sequence coverage in background: 0.99x

	Oligos: 32896 of 34497 max
	Tree  : 67064 of 172485 max
	Optimizing memory usage...
	Cache length = 11180
	Using binomial scoring

	Global Optimization Phase: Looking for enriched oligos with up to 2 mismatches...

	Screening oligos 32896 (allowing 0 mismatches):
	|0%                                   50%                                  100%|
	================================================================================
		49.25% skipped, 50.75% checked (16696 of 32896), of those checked:
		49.25% not in target, 0.00% increased p-value, 0.00% high p-value

	Screening oligos 32896 (allowing 1 mismatches):
	|0%                                   50%                                  100%|
	================================================================================
		49.25% skipped, 50.75% checked (16696 of 32896), of those checked:
		0.00% not in target, 21.69% increased p-value, 34.97% high p-value

	Screening oligos 32896 (allowing 2 mismatches):
	|0%                                   50%                                  100%|
	================================================================================
		90.57% skipped, 9.43% checked (3103 of 32896), of those checked:
		0.00% not in target, 9.15% increased p-value, 0.00% high p-value
	Reading input files...
	100001 total sequences read
	Cache length = 11180
	Using binomial scoring

	Local Optimization Phase:
	1 of 25 Initial Sequence: GACCGAAC... (-10.943)
		Round 1: -13.14 GACCGAAC T:5.0(2.16%),B:38.4(0.04%),P:1e-5
		Round 2: -13.65 GATCGATC T:6.0(2.59%),B:78.6(0.08%),P:1e-5
		Round 3: -13.65 GATCGATC T:6.0(2.59%),B:78.6(0.08%),P:1e-5
		=Final=: -7.13 GATCGATC T:3.0(1.31%),B:78.6(0.08%),P:1e-3
		Performing exhaustive masking of motif...
		Reprioritizing potential motifs...
	2 of 25 Initial Sequence: CTACAGTG... (-10.083)
		Round 1: -12.59 CTACAGTG T:11.0(4.70%),B:655.0(0.65%),P:1e-5
		Round 2: -18.18 CKACRGTG T:14.0(5.94%),B:702.1(0.70%),P:1e-7
		Round 3: -18.42 CGVCSGTG T:37.0(14.95%),B:5021.1(4.90%),P:1e-8
		Round 4: -18.42 CGVCSGTG T:37.0(14.95%),B:5021.1(4.90%),P:1e-8
		=Final=: -9.39 CGVCSGTG T:25.0(10.92%),B:4719.7(4.68%),P:1e-4
		Performing exhaustive masking of motif...
		Reprioritizing potential motifs...
	3 of 25 Initial Sequence: GCGCCCAG... (-8.972)
		Round 1: -12.85 GCGCCCAG T:21.0(8.78%),B:2608.9(2.58%),P:1e-5
		Round 2: -12.85 GCGCCCAG T:21.0(8.78%),B:2608.9(2.58%),P:1e-5
		=Final=: -7.47 GCGCCCAG T:15.0(6.55%),B:2458.6(2.44%),P:1e-3
		Performing exhaustive masking of motif...
		Reprioritizing potential motifs...
	4 of 25 Initial Sequence: AGTTCAAT... (-7.736)
		Round 1: -13.47 AGTTCAAT T:33.0(13.45%),B:5085.4(4.96%),P:1e-5
		Round 2: -17.75 AGTKCAAT T:46.0(18.23%),B:7143.2(6.90%),P:1e-7
		Round 3: -17.75 AGTKCAAT T:46.0(18.23%),B:7143.2(6.90%),P:1e-7
		=Final=: -20.63 AGTKCAAT T:43.0(18.78%),B:6815.1(6.75%),P:1e-8
		Performing exhaustive masking of motif...
		Reprioritizing potential motifs...
	5 of 25 Initial Sequence: GCTCTCCG... (-7.543)
		Round 1: -10.35 GCTCTCCG T:18.0(7.58%),B:2353.0(2.33%),P:1e-4
		Round 2: -10.35 GCTCTCCG T:18.0(7.58%),B:2353.0(2.33%),P:1e-4
		=Final=: -10.52 GCTCTCCG T:17.0(7.42%),B:2314.1(2.29%),P:1e-4
		Performing exhaustive masking of motif...
		Reprioritizing potential motifs...
	Remaining seeds don't look promising (After initial 5 motifs, logp -7.498 > -8.360)

	Finalizing Enrichment Statistics (new in v3.4)
	Reading input files...
	100001 total sequences read
	Cache length = 11180
	Using binomial scoring
	Checking enrichment of 5 motif(s)
	|0%                                    50%                                  100%|
	=================================================================================
	Output in file: /workspace/gene_expression_predictions/outputs/annotation/homer/early_vitro_lymph/homerMotifs.motifs8


	Number of Trial motifs (-T) set to 8 (from 10) to work well with 8 CPUs
	Scanning input files...
	Parsing sequences...
	|0%                                   50%                                  100%|
	================================================================================
	Total number of Oligos: 507807
	Autoadjustment for sequence coverage in background: 0.99x

	Oligos: 507807 of 551887 max
	Tree  : 1042656 of 2759435 max
	Optimizing memory usage...
	Cache length = 11180
	Using binomial scoring

	Global Optimization Phase: Looking for enriched oligos with up to 2 mismatches...

	Screening oligos 507807 (allowing 0 mismatches):
	|0%                                   50%                                  100%|
	================================================================================
		93.46% skipped, 6.54% checked (33189 of 507807), of those checked:
		93.46% not in target, 0.00% increased p-value, 0.00% high p-value

	Screening oligos 507807 (allowing 1 mismatches):
	|0%                                   50%                                  100%|
	================================================================================
		93.46% skipped, 6.54% checked (33189 of 507807), of those checked:
		0.00% not in target, 5.75% increased p-value, 0.76% high p-value

	Screening oligos 507807 (allowing 2 mismatches):
	|0%                                   50%                                  100%|
	================================================================================
		99.34% skipped, 0.66% checked (3361 of 507807), of those checked:
		0.00% not in target, 0.57% increased p-value, 0.00% high p-value
	Reading input files...
	100001 total sequences read
	Cache length = 11180
	Using binomial scoring

	Local Optimization Phase:
	1 of 25 Initial Sequence: GTCACTGTAG... (-25.963)
		Round 1: -26.99 GTCACTGTAG T:9.0(3.86%),B:59.4(0.06%),P:1e-11
		Round 2: -27.81 GTCACTMTAG T:14.0(5.94%),B:315.9(0.31%),P:1e-12
		Round 3: -27.81 GTCACTMTAG T:14.0(5.94%),B:315.9(0.31%),P:1e-12
		=Final=: -14.07 GTCACTMTAG T:8.0(3.49%),B:313.3(0.31%),P:1e-6
		Performing exhaustive masking of motif...
		Reprioritizing potential motifs...
	2 of 25 Initial Sequence: AACCTGACCG... (-17.965)
		Round 1: -17.96 AACCTGACCG T:4.0(1.74%),B:3.4(0.00%),P:1e-7
		Round 2: -17.96 AACCTGACCG T:4.0(1.74%),B:3.4(0.00%),P:1e-7
		=Final=: -4.99 AACCTGACCG T:1.0(0.44%),B:3.4(0.00%),P:1e-2
		Performing exhaustive masking of motif...
		Reprioritizing potential motifs...
	3 of 25 Initial Sequence: GGAAAAAGCC... (-10.998)
		Round 1: -14.40 GGAAAAAGCC T:8.0(3.44%),B:203.6(0.20%),P:1e-6
		Round 2: -17.63 GGAAAAAGGC T:18.0(7.58%),B:1360.8(1.35%),P:1e-7
		Round 3: -17.63 GGAAAAAGGC T:18.0(7.58%),B:1360.8(1.35%),P:1e-7
		=Final=: -14.34 GGAAAAAGGC T:15.0(6.55%),B:1341.5(1.33%),P:1e-6
		Performing exhaustive masking of motif...
		Reprioritizing potential motifs...
	4 of 25 Initial Sequence: AGAATTGCAC... (-9.705)
		Round 1: -18.91 AGAATTGCAC T:12.0(5.12%),B:425.6(0.42%),P:1e-8
		Round 2: -18.91 AGAATTGCAC T:12.0(5.12%),B:425.6(0.42%),P:1e-8
		=Final=: -21.61 AGAATTGCAC T:12.0(5.24%),B:423.8(0.42%),P:1e-9
		Performing exhaustive masking of motif...
		Reprioritizing potential motifs...
	5 of 25 Initial Sequence: ATTTAATACT... (-9.161)
		Round 1: -12.24 ATTTAATACT T:31.0(12.69%),B:5127.6(5.00%),P:1e-5
		Round 2: -12.24 ATTTAATACT T:31.0(12.69%),B:5127.6(5.00%),P:1e-5
		=Final=: -10.26 ATTTAATACT T:26.0(11.35%),B:4750.9(4.71%),P:1e-4
		Performing exhaustive masking of motif...
		Reprioritizing potential motifs...
	6 of 25 Initial Sequence: ACACCTACAA... (-8.988)
		Round 1: -16.78 ACACCTACAA T:12.0(5.12%),B:526.5(0.52%),P:1e-7
		Round 2: -16.78 ACACCTACAA T:12.0(5.12%),B:526.5(0.52%),P:1e-7
		=Final=: -19.28 ACACCTACAA T:12.0(5.24%),B:523.0(0.52%),P:1e-8
		Performing exhaustive masking of motif...
		Reprioritizing potential motifs...
	7 of 25 Initial Sequence: TCTGTGATCA... (-8.932)
		Round 1: -20.61 TCTGTGATCA T:14.0(5.94%),B:570.6(0.57%),P:1e-8
		Round 2: -20.61 TCTGTGATCA T:14.0(5.94%),B:570.6(0.57%),P:1e-8
		=Final=: -13.96 TCTGTGATCA T:10.0(4.37%),B:563.2(0.56%),P:1e-6
		Performing exhaustive masking of motif...
		Reprioritizing potential motifs...
	8 of 25 Initial Sequence: TGTTACCGTA... (-8.544)
		Round 1: -11.54 TGTTACCGTA T:7.0(3.02%),B:207.1(0.21%),P:1e-5
		Round 2: -11.73 TGTTTCHTTA T:20.0(8.38%),B:2574.4(2.54%),P:1e-5
		Round 3: -12.60 TGTTTCHTTA T:49.0(19.30%),B:9790.6(9.33%),P:1e-5
		Round 4: -12.60 TGTTTCHTTA T:49.0(19.30%),B:9790.6(9.33%),P:1e-5
		=Final=: -11.31 TGTTTCHTTA T:42.0(18.34%),B:9264.8(9.18%),P:1e-4
		Performing exhaustive masking of motif...
		Reprioritizing potential motifs...
	Remaining seeds don't look promising (After initial 5 motifs, logp -8.275 > -8.360)

	Finalizing Enrichment Statistics (new in v3.4)
	Reading input files...
	100001 total sequences read
	Cache length = 11180
	Using binomial scoring
	Checking enrichment of 8 motif(s)
	|0%                                    50%                                  100%|
	=================================================================================
	Output in file: /workspace/gene_expression_predictions/outputs/annotation/homer/early_vitro_lymph/homerMotifs.motifs10


	Number of Trial motifs (-T) set to 8 (from 10) to work well with 8 CPUs
	-blen automatically set to 2
	Scanning input files...
	Parsing sequences...
	|0%                                   50%                                  100%|
	================================================================================
	Total number of Oligos: 4602501
	Autoadjustment for sequence coverage in background: 0.99x

	Oligos: 4602501 of 8830118 max
	Tree  : 10166244 of 44150590 max
	Optimizing memory usage...
	Cache length = 11180
	Using binomial scoring

	Global Optimization Phase: Looking for enriched oligos with up to 2 mismatches...

	Screening oligos 4602501 (allowing 0 mismatches):
	|0%                                   50%                                  100%|
	================================================================================
		99.22% skipped, 0.78% checked (35738 of 4602501), of those checked:
		99.22% not in target, 0.00% increased p-value, 0.00% high p-value

	Screening oligos 4602501 (allowing 1 mismatches):
	|0%                                   50%                                  100%|
	================================================================================
		99.22% skipped, 0.78% checked (35738 of 4602501), of those checked:
		0.00% not in target, 0.77% increased p-value, 0.00% high p-value

	Screening oligos 4602501 (allowing 2 mismatches):
	|0%                                   50%                                  100%|
	================================================================================
		99.99% skipped, 0.01% checked (309 of 4602501), of those checked:
		0.00% not in target, 0.01% increased p-value, 0.00% high p-value
	Reading input files...
	100001 total sequences read
	Cache length = 11180
	Using binomial scoring

	Local Optimization Phase:
	1 of 25 Initial Sequence: GTGTCACTGTAG... (-31.762)
		Round 1: -46.17 GTGTGACTGTAG T:11.0(4.70%),B:21.5(0.02%),P:1e-20
		Round 2: -46.17 GTGTGACTGTAG T:11.0(4.70%),B:21.5(0.02%),P:1e-20
		=Final=: -16.75 GTGTGACTGTAG T:4.0(1.75%),B:15.5(0.02%),P:1e-7
		Performing exhaustive masking of motif...
		Reprioritizing potential motifs...
	2 of 25 Initial Sequence: CAAAACCTGACC... (-20.042)
		Round 1: -24.75 CAAAACCTGACC T:5.0(2.16%),B:4.0(0.00%),P:1e-10
		Round 2: -24.75 CAAAACCTGACC T:5.0(2.16%),B:4.0(0.00%),P:1e-10
		=Final=: -10.68 CAAAACCTGACC T:2.0(0.87%),B:4.0(0.00%),P:1e-4
		Performing exhaustive masking of motif...
		Reprioritizing potential motifs...
	3 of 25 Initial Sequence: CATAAAATTGGT... (-12.856)
		Round 1: -14.77 CATAAAATTGGT T:8.0(3.44%),B:192.5(0.19%),P:1e-6
		Round 2: -15.66 TAAAAAATTAGT T:30.0(12.30%),B:4039.4(3.96%),P:1e-6
		Round 3: -17.27 TAWAAAATTAGT T:15.0(6.35%),B:905.3(0.90%),P:1e-7
		Round 4: -17.75 TATAAAATTAGT T:14.0(5.94%),B:728.8(0.73%),P:1e-7
		Round 5: -17.75 TATAAAATTAGT T:14.0(5.94%),B:728.8(0.73%),P:1e-7
		=Final=: -20.05 TATAAAATTAGT T:14.0(6.11%),B:726.8(0.72%),P:1e-8
		Performing exhaustive masking of motif...
		Reprioritizing potential motifs...
	4 of 25 Initial Sequence: GAACACTCACGG... (-12.856)
		Round 1: -12.86 GAACACTCACGG T:3.0(1.30%),B:0.0(0.00%),P:1e-5
		Round 2: -12.86 GAACACTCACGG T:3.0(1.30%),B:0.0(0.00%),P:1e-5
		=Final=: -6.09 GAACACTCACGG T:1.0(0.44%),B:0.0(0.00%),P:1e-2
		Performing exhaustive masking of motif...
		Reprioritizing potential motifs...
	5 of 25 Initial Sequence: AAAAAGCCCAGG... (-12.856)
		Round 1: -12.86 AAAAAGCCCAGG T:3.0(1.30%),B:2.9(0.00%),P:1e-5
		Round 2: -12.86 AAAAAGCCCAGG T:3.0(1.30%),B:2.9(0.00%),P:1e-5
		=Final=: -5.40 AAAAAGCCCAGG T:1.0(0.44%),B:2.9(0.00%),P:1e-2
		Performing exhaustive masking of motif...
		Reprioritizing potential motifs...
	6 of 25 Initial Sequence: GAGATGGCTGGG... (-12.856)
		Round 1: -18.33 GAGMTGGCYGGY T:5.0(2.16%),B:11.3(0.01%),P:1e-7
		Round 2: -18.33 GAGMTGGCYGGY T:5.0(2.16%),B:11.3(0.01%),P:1e-7
		=Final=: -12.89 GAGMTGGCYGGY T:3.0(1.31%),B:11.3(0.01%),P:1e-5
		Performing exhaustive masking of motif...
		Reprioritizing potential motifs...
	7 of 25 Initial Sequence: GCAAGTAATAAA... (-11.073)
		Round 1: -19.07 GCAAGTAATAAA T:7.0(3.02%),B:57.7(0.06%),P:1e-8
		Round 2: -19.07 GCAAGTAATAAA T:7.0(3.02%),B:57.7(0.06%),P:1e-8
		=Final=: -23.04 GCAAGTAATAAA T:7.0(3.06%),B:57.7(0.06%),P:1e-10
		Performing exhaustive masking of motif...
		Reprioritizing potential motifs...
	8 of 25 Initial Sequence: TCAATATCAAAA... (-9.280)
		Round 1: -12.77 TSAATATCAAAA T:8.0(3.44%),B:260.4(0.26%),P:1e-5
		Round 2: -15.19 TSAATATCAAAA T:5.0(2.16%),B:23.5(0.02%),P:1e-6
		Round 3: -15.19 TSAATATCAAAA T:5.0(2.16%),B:23.5(0.02%),P:1e-6
		=Final=: -19.64 TSAATATCAAAA T:5.0(2.18%),B:23.5(0.02%),P:1e-8
		Performing exhaustive masking of motif...
		Reprioritizing potential motifs...
	9 of 25 Initial Sequence: GAGGCCTTATCA... (-8.898)
		Round 1: -20.04 GAGGCCTTATCA T:4.0(1.74%),B:2.6(0.00%),P:1e-8
		Round 2: -20.04 GAGGCCTTATCA T:4.0(1.74%),B:2.6(0.00%),P:1e-8
		=Final=: -24.79 GAGGCCTTATCA T:4.0(1.75%),B:2.6(0.00%),P:1e-10
		Performing exhaustive masking of motif...
		Reprioritizing potential motifs...
	10 of 25 Initial Sequence: GGTTAATAACCC... (-8.389)
		Round 1: -15.89 GGTTAATAACCC T:4.0(1.74%),B:5.8(0.01%),P:1e-6
		Round 2: -17.96 GGTTATTAACCM T:9.0(3.86%),B:186.1(0.19%),P:1e-7
		Round 3: -18.35 GGTTAWTAACCM T:8.0(3.44%),B:113.8(0.11%),P:1e-7
		Round 4: -18.35 GGTTAWTAACCM T:8.0(3.44%),B:113.8(0.11%),P:1e-7
		=Final=: -14.67 GGTTAWTAACCM T:5.0(2.18%),B:63.8(0.06%),P:1e-6
		Performing exhaustive masking of motif...
		Reprioritizing potential motifs...
	Remaining seeds don't look promising (After initial 5 motifs, logp -8.057 > -8.360)

	Finalizing Enrichment Statistics (new in v3.4)
	Reading input files...
	100001 total sequences read
	Cache length = 11180
	Using binomial scoring
	Checking enrichment of 10 motif(s)
	|0%                                    50%                                  100%|
	=================================================================================
	Output in file: /workspace/gene_expression_predictions/outputs/annotation/homer/early_vitro_lymph/homerMotifs.motifs12

	(Motifs in homer2 format)
	Determining similar motifs...	23 reduced to 17 motifs
	Outputing HTML and sequence logos for motif comparison...
	Checking de novo motifs against known motifs...
	Formatting HTML page...
		1 of 17 (1e-10) similar to ZFX(Zf)/mES-Zfx-ChIP-Seq(GSE11431)/Homer(0.682)
		2 of 17 (1e-10) similar to Hoxd12(Homeobox)/ChickenMSG-Hoxd12.Flag-ChIP-Seq(GSE86088)/Homer(0.739)
		3 of 17 (1e-9) similar to ZNF35/MA2333.1/Jaspar(0.766)
		4 of 17 (1e-8) similar to PH0056.1_Hoxa9/Jaspar(0.711)
		5 of 17 (1e-8) similar to PB0105.1_Arid3a_2/Jaspar(0.681)
		6 of 17 (1e-8) similar to TBX5/MA0807.1/Jaspar(0.657)
		7 of 17 (1e-7) similar to OSR1/MA1542.2/Jaspar(0.638)
		8 of 17 (1e-6) similar to PH0073.1_Hoxc9/Jaspar(0.631)
		9 of 17 (1e-6) similar to PRDM1/MA0508.4/Jaspar(0.729)
		10 of 17 (1e-6) similar to Tbx20(T-box)/Heart-Tbx20-ChIP-Seq(GSE29636)/Homer(0.629)
		11 of 17 (1e-5) similar to ZFP42/MA1651.2/Jaspar(0.635)
		12 of 17 (1e-4) similar to Six4/MA2001.2/Jaspar(0.775)
		13 of 17 (1e-4) similar to Prdm5/MA1999.2/Jaspar(0.713)
		14 of 17 (1e-4) similar to MYB(HTH)/ERMYB-Myb-ChIPSeq(GSE22095)/Homer(0.616)
		15 of 17 (1e-3) similar to ZNF416(Zf)/HEK293-ZNF416.GFP-ChIP-Seq(GSE58341)/Homer(0.788)
		16 of 17 (1e-3) similar to HNF6(Homeobox)/Liver-Hnf6-ChIP-Seq(ERP000394)/Homer(0.804)
		17 of 17 (1e-2) similar to MSANTD3/MA1523.2/Jaspar(0.738)
	Job finished - if results look good, please send beer to ..

	Cleaning up tmp files...

