
	Position file = /workspace/gene_expression_predictions/outputs/annotation/homer/late_vitro_lymph.bed
	Genome = hg38
	Output Directory = /workspace/gene_expression_predictions/outputs/annotation/homer/late_vitro_lymph
	Fragment size set to 200
	Will use repeat masked sequences
	background position file: /workspace/gene_expression_predictions/data/windows.bed
	Using 6 CPUs
	Found mset for "human", will check against vertebrates motifs
	Peak/BED file conversion summary:
		BED/Header formatted lines: 713
		peakfile formatted lines: 0

	Peak File Statistics:
		Total Peaks: 713
		Redundant Peak IDs: 0
		Peaks lacking information: 0 (need at least 5 columns per peak)
		Peaks with misformatted coordinates: 0 (should be integer)
		Peaks with misformatted strand: 0 (should be either +/- or 0/1)

	Peak file looks good!

	Peak/BED file conversion summary:
		BED/Header formatted lines: 10000
		peakfile formatted lines: 0
	Max distance to merge: 200 bp
	Calculating co-bound peaks relative to reference: /workspace/gene_expression_predictions/outputs/annotation/homer/late_vitro_lymph/bg.clean.pos

	Comparing peaks: (peakfile, overlapping peaks, logRatio(obs/expected), logP)
	**	/workspace/gene_expression_predictions/outputs/annotation/homer/late_vitro_lymph/target.clean..pos	550	6.31	-3053.73

	**	Pairwise stats are approx with fixed distance (-d 200) and -cobound #
		They get worse as the size increases and peaks from a single file start overlapping
		To get accurate ones, adjust peak sizes first with adjustPeakFile.pl and
		then rerun mergePeaks with the "-d given" option (only applies to -cobound #)

	Co-bound by 0 peaks: 9450
	Co-bound by 1 peaks: 550 (max: 550 effective total)
	Custom genome sequence directory: /opt/homer/.//data/genomes/hg38//

	Extracting sequences from file: /opt/homer/.//data/genomes/hg38///genome.fa
	Looking for peak sequences in a single file (/opt/homer/.//data/genomes/hg38///genome.fa)
	Extracting 5205 sequences from chr8
	Extracting 4958 sequences from chr9


!!!!!!!!!!!!!!!!!!!!!!!!!!!!!!!!!!!!!!!!!!!!!!!!!!!!!!!!!!!!!
	Potential Problem with Sequences (ignore if preparsing genome):
		4841 of 10163 removed because they had >70.00% Ns (i.e. masked repeats)
	Due to 	high repeat content, consider using a non-repeat masked genome


!!!!!!!!!!!!!!!!!!!!!!!!!!!!!!!!!!!!!!!!!!!!!!!!!!!!!!!!!!!!!

	Not removing redundant sequences


	Sequences processed:
		Auto detected maximum sequence length of 201 bp
		5322 total

	Frequency Bins: 0.2 0.25 0.3 0.35 0.4 0.45 0.5 0.6 0.7 0.8
	Freq	Bin	Count
	0.2	0	38
	0.25	1	152
	0.3	2	607
	0.35	3	1051
	0.4	4	1140
	0.45	5	880
	0.5	6	576
	0.6	7	602
	0.7	8	237
	0.8	9	36
	10	10	3
	Bin	# Targets	# Background	Background Weight
	0	2	36	0.708
	1	12	140	1.092
	2	48	559	1.094
	3	72	979	0.937
	4	77	1063	0.923
	5	65	815	1.016
	6	47	529	1.132
	7	43	559	0.980
	8	19	218	1.111
	9	2	34	0.750
	Normalizing lower order oligos using homer2

	Reading input files...
	5319 total sequences read
	Autonormalization: 1-mers (4 total)
		A	29.91%	29.91%	1.000
		C	20.09%	20.09%	1.000
		G	20.09%	20.09%	1.000
		T	29.91%	29.91%	1.000
	Autonormalization: 2-mers (16 total)
		AA	10.06%	10.06%	1.000
		CA	7.13%	7.12%	1.001
		GA	6.00%	5.97%	1.006
		TA	6.74%	6.78%	0.995
		AC	4.95%	4.96%	0.999
		CC	5.03%	5.04%	0.999
		GC	4.08%	4.12%	0.992
		TC	6.00%	5.97%	1.006
		AG	7.02%	7.00%	1.004
		CG	0.90%	0.92%	0.976
		GG	5.03%	5.04%	0.999
		TG	7.13%	7.12%	1.001
		AT	7.88%	7.91%	0.996
		CT	7.02%	7.00%	1.004
		GT	4.95%	4.96%	0.999
		TT	10.06%	10.06%	1.000
	Autonormalization: 3-mers (64 total)
	Normalization weights can be found in file: /workspace/gene_expression_predictions/outputs/annotation/homer/late_vitro_lymph/seq.autonorm.tsv
	Converging on autonormalization solution:
	...............................................................................
	Final normalization:	Autonormalization: 1-mers (4 total)
		A	29.91%	29.92%	1.000
		C	20.09%	20.08%	1.000
		G	20.09%	20.08%	1.000
		T	29.91%	29.92%	1.000
	Autonormalization: 2-mers (16 total)
		AA	10.06%	10.05%	1.000
		CA	7.13%	7.13%	1.000
		GA	6.00%	6.00%	1.000
		TA	6.74%	6.74%	1.000
		AC	4.95%	4.95%	0.999
		CC	5.03%	5.03%	1.000
		GC	4.08%	4.09%	0.999
		TC	6.00%	6.00%	1.000
		AG	7.02%	7.02%	1.001
		CG	0.90%	0.90%	1.001
		GG	5.03%	5.03%	1.000
		TG	7.13%	7.13%	1.000
		AT	7.88%	7.89%	0.998
		CT	7.02%	7.02%	1.001
		GT	4.95%	4.95%	0.999
		TT	10.06%	10.05%	1.000
	Autonormalization: 3-mers (64 total)
	Finished preparing sequence/group files

	----------------------------------------------------------
	Known motif enrichment

	Reading input files...
	5319 total sequences read
	472 motifs loaded
	Cache length = 11180
	Using binomial scoring
	Checking enrichment of 472 motif(s)
	|0%                                    50%                                  100%|
	=================================================================================
	Preparing HTML output with sequence logos...
		1 of 472 (1e-3) Tlx?(NR)/NPC-H3K4me1-ChIP-Seq(GSE16256)/Homer
		2 of 472 (1e-3) ERb(NR),IR3/Ovary-ERb-ChIP-Seq(GSE203391)/Homer
		3 of 472 (1e-2) Smad4(MAD)/ESC-SMAD4-ChIP-Seq(GSE29422)/Homer
		4 of 472 (1e-2) NF1(CTF)/LNCAP-NF1-ChIP-Seq(Unpublished)/Homer
		5 of 472 (1e-2) Zscan4c(Zf)/ESC-Zscan4c-ChIP-seq(GSE140619)/Homer
		6 of 472 (1e-2) NFkB-p65-Rel(RHD)/ThioMac-LPS-Expression(GSE23622)/Homer
		7 of 472 (1e-2) RBPJ:Ebox(?,bHLH)/Panc1-Rbpj1-ChIP-Seq(GSE47459)/Homer
		8 of 472 (1e-2) E2F6(E2F)/Hela-E2F6-ChIP-Seq(GSE31477)/Homer
	----------------------------------------------------------
	De novo motif finding (HOMER)

	Number of Trial motifs (-T) set to 12 (from 10) to work well with 6 CPUs
	Scanning input files...
	Parsing sequences...
	|0%                                   50%                                  100%|
	================================================================================
	Total number of Oligos: 31888
	Autoadjustment for sequence coverage in background: 1.00x

	Oligos: 31888 of 34497 max
	Tree  : 65408 of 172485 max
	Optimizing memory usage...
	Cache length = 11180
	Using binomial scoring

	Global Optimization Phase: Looking for enriched oligos with up to 2 mismatches...

	Screening oligos 31888 (allowing 0 mismatches):
	|0%                                   50%                                  100%|
	================================================================================
		33.75% skipped, 66.25% checked (21126 of 31888), of those checked:
		33.75% not in target, 0.00% increased p-value, 0.00% high p-value

	Screening oligos 31888 (allowing 1 mismatches):
	|0%                                   50%                                  100%|
	================================================================================
		33.75% skipped, 66.25% checked (21126 of 31888), of those checked:
		0.00% not in target, 27.90% increased p-value, 42.59% high p-value

	Screening oligos 31888 (allowing 2 mismatches):
	|0%                                   50%                                  100%|
	================================================================================
		86.52% skipped, 13.48% checked (4299 of 31888), of those checked:
		0.00% not in target, 12.63% increased p-value, 0.00% high p-value
	Reading input files...
	5319 total sequences read
	Cache length = 11180
	Using binomial scoring

	Local Optimization Phase:
	1 of 25 Initial Sequence: GAACCCAC... (-12.446)
		Round 1: -12.45 GAACCCAC T:10.0(2.55%),B:16.7(0.32%),P:1e-5
		Round 2: -12.45 GAACCCAC T:10.0(2.55%),B:16.7(0.32%),P:1e-5
		=Final=: -14.05 GAACCCAC T:10.0(2.58%),B:16.7(0.34%),P:1e-6
		Performing exhaustive masking of motif...
		Reprioritizing potential motifs...
	2 of 25 Initial Sequence: GGAGGAGG... (-12.258)
		Round 1: -15.80 GGAGGAGG T:40.0(9.83%),B:191.9(3.80%),P:1e-6
		Round 2: -15.80 GGAGGAGG T:40.0(9.83%),B:191.9(3.80%),P:1e-6
		=Final=: -3.56 GGAGGAGG T:12.0(3.10%),B:81.1(1.65%),P:1e-1
		Performing exhaustive masking of motif...
		Reprioritizing potential motifs...
	3 of 25 Initial Sequence: TCACACGG... (-10.857)
		Round 1: -11.52 TCACACGG T:7.0(1.79%),B:7.6(0.14%),P:1e-5
		Round 2: -11.52 TCACACGG T:7.0(1.79%),B:7.6(0.14%),P:1e-5
		=Final=: -2.25 TCACACGG T:2.0(0.52%),B:7.6(0.15%),P:1e0
		Performing exhaustive masking of motif...
		Reprioritizing potential motifs...
	4 of 25 Initial Sequence: TTTAGATC... (-9.515)
		Round 1: -9.52 TTTAGATC T:9.0(2.30%),B:19.0(0.36%),P:1e-4
		Round 2: -9.52 TTTAGATC T:9.0(2.30%),B:19.0(0.36%),P:1e-4
		=Final=: -9.13 TTTAGATC T:8.0(2.07%),B:19.0(0.39%),P:1e-3
		Performing exhaustive masking of motif...
		Reprioritizing potential motifs...
	5 of 25 Initial Sequence: GGGACCGA... (-9.488)
		Round 1: -13.83 GGGACCGA T:7.0(1.79%),B:5.2(0.10%),P:1e-6
		Round 2: -14.06 GCGACCGA T:9.0(2.30%),B:11.0(0.20%),P:1e-6
		Round 3: -14.06 GCGACCGA T:9.0(2.30%),B:11.0(0.20%),P:1e-6
		=Final=: -13.29 GCGACCGA T:8.0(2.07%),B:11.0(0.22%),P:1e-5
		Performing exhaustive masking of motif...
		Reprioritizing potential motifs...
	6 of 25 Initial Sequence: TGCCATTA... (-9.316)
		Round 1: -20.86 TGCCATTA T:61.0(14.60%),B:302.0(5.95%),P:1e-9
		Round 2: -20.86 TGCCATTA T:61.0(14.60%),B:302.0(5.95%),P:1e-9
		=Final=: -19.77 TGCCATTA T:55.0(14.21%),B:293.2(5.95%),P:1e-8
		Performing exhaustive masking of motif...
		Reprioritizing potential motifs...
	7 of 25 Initial Sequence: ATATATCC... (-9.215)
		Round 1: -13.48 ATATATCC T:62.0(14.82%),B:390.0(7.60%),P:1e-5
		Round 2: -13.48 ATATATCC T:62.0(14.82%),B:390.0(7.60%),P:1e-5
		=Final=: -13.13 ATATATCC T:50.0(12.92%),B:314.6(6.38%),P:1e-5
		Performing exhaustive masking of motif...
		Reprioritizing potential motifs...
	8 of 25 Initial Sequence: CCTGTCGT... (-8.781)
		Round 1: -15.64 CCTGTCGT T:33.0(8.18%),B:137.8(2.74%),P:1e-6
		Round 2: -15.64 CCTGTCGT T:33.0(8.18%),B:137.8(2.74%),P:1e-6
		=Final=: -13.55 CCTGTCGT T:29.0(7.49%),B:134.6(2.73%),P:1e-5
		Performing exhaustive masking of motif...
		Reprioritizing potential motifs...
	9 of 25 Initial Sequence: TGTACAGG... (-8.722)
		Round 1: -8.72 TGTACAGG T:7.0(1.79%),B:11.3(0.22%),P:1e-3
		Round 2: -8.72 TGTACAGG T:7.0(1.79%),B:11.3(0.22%),P:1e-3
		=Final=: -8.22 TGTACAGG T:6.0(1.55%),B:11.3(0.23%),P:1e-3
		Performing exhaustive masking of motif...
		Reprioritizing potential motifs...
	Remaining seeds don't look promising (After initial 5 motifs, logp -8.241 > -8.588)

	Finalizing Enrichment Statistics (new in v3.4)
	Reading input files...
	5319 total sequences read
	Cache length = 11180
	Using binomial scoring
	Checking enrichment of 9 motif(s)
	|0%                                    50%                                  100%|
	=================================================================================
	Output in file: /workspace/gene_expression_predictions/outputs/annotation/homer/late_vitro_lymph/homerMotifs.motifs8


	Number of Trial motifs (-T) set to 12 (from 10) to work well with 6 CPUs
	Scanning input files...
	Parsing sequences...
	|0%                                   50%                                  100%|
	================================================================================
	Total number of Oligos: 297020
	Autoadjustment for sequence coverage in background: 1.00x

	Oligos: 297020 of 551887 max
	Tree  : 657172 of 2759435 max
	Optimizing memory usage...
	Cache length = 11180
	Using binomial scoring

	Global Optimization Phase: Looking for enriched oligos with up to 2 mismatches...

	Screening oligos 297020 (allowing 0 mismatches):
	|0%                                   50%                                  100%|
	================================================================================
		81.92% skipped, 18.08% checked (53699 of 297020), of those checked:
		81.92% not in target, 0.00% increased p-value, 0.00% high p-value

	Screening oligos 297020 (allowing 1 mismatches):
	|0%                                   50%                                  100%|
	================================================================================
		81.92% skipped, 18.08% checked (53699 of 297020), of those checked:
		0.00% not in target, 15.54% increased p-value, 3.02% high p-value

	Screening oligos 297020 (allowing 2 mismatches):
	|0%                                   50%                                  100%|
	================================================================================
		97.97% skipped, 2.03% checked (6035 of 297020), of those checked:
		0.00% not in target, 1.79% increased p-value, 0.00% high p-value
	Reading input files...
	5319 total sequences read
	Cache length = 11180
	Using binomial scoring

	Local Optimization Phase:
	1 of 25 Initial Sequence: GTGTGAGGAG... (-31.095)
		Round 1: -35.86 GTGTGAGGAG T:10.0(2.55%),B:2.3(0.04%),P:1e-15
		Round 2: -35.86 GTGTGAGGAG T:10.0(2.55%),B:2.3(0.04%),P:1e-15
		=Final=: -4.50 GTGTGAGGAG T:2.0(0.52%),B:2.3(0.05%),P:1e-1
		Performing exhaustive masking of motif...
		Reprioritizing potential motifs...
	2 of 25 Initial Sequence: ACCGGTCCTC... (-18.493)
		Round 1: -31.10 ACCGGTCCTC T:9.0(2.30%),B:2.9(0.04%),P:1e-13
		Round 2: -33.87 ACMGGTCCTC T:11.0(2.81%),B:3.9(0.06%),P:1e-14
		Round 3: -33.87 ACMGGTCCTC T:11.0(2.81%),B:3.9(0.06%),P:1e-14
		=Final=: -16.95 ACMGGTCCTC T:7.0(1.81%),B:4.8(0.10%),P:1e-7
		Performing exhaustive masking of motif...
		Reprioritizing potential motifs...
	3 of 25 Initial Sequence: GAGGGAGTCC... (-17.596)
		Round 1: -25.62 GAGGGAGTCC T:9.0(2.30%),B:3.3(0.06%),P:1e-11
		Round 2: -26.34 GAGGGAGTGC T:12.0(3.06%),B:7.8(0.14%),P:1e-11
		Round 3: -29.88 GAGGGAGTCC T:11.0(2.81%),B:4.2(0.08%),P:1e-12
		Round 4: -35.86 AAGGGAGCCC T:10.0(2.55%),B:2.6(0.04%),P:1e-15
		Round 5: -35.86 AAGGGAGCCC T:10.0(2.55%),B:2.6(0.04%),P:1e-15
		=Final=: -14.20 AAGGGAGCCC T:5.0(1.29%),B:2.6(0.05%),P:1e-6
		Performing exhaustive masking of motif...
		Reprioritizing potential motifs...
	4 of 25 Initial Sequence: CCATTAGAGT... (-11.598)
		Round 1: -18.33 CCATTAGAGT T:11.0(2.81%),B:11.2(0.22%),P:1e-7
		Round 2: -20.08 CCADTAGAGT T:10.0(2.55%),B:7.5(0.14%),P:1e-8
		Round 3: -20.08 CCADTAGAGT T:10.0(2.55%),B:7.5(0.14%),P:1e-8
		=Final=: -21.69 CCADTAGAGT T:10.0(2.58%),B:7.5(0.15%),P:1e-9
		Performing exhaustive masking of motif...
		Reprioritizing potential motifs...
	5 of 25 Initial Sequence: GGGAGGAGGT... (-10.720)
		Round 1: -11.53 GGGAGGAGGT T:7.0(1.79%),B:7.3(0.14%),P:1e-5
		Round 2: -11.53 GGGAGGAGGT T:7.0(1.79%),B:7.3(0.14%),P:1e-5
		=Final=: -13.24 GGGAGGAGGT T:7.0(1.81%),B:7.3(0.15%),P:1e-5
		Performing exhaustive masking of motif...
		Reprioritizing potential motifs...
	6 of 25 Initial Sequence: CCTCCCTTCT... (-10.720)
		Round 1: -10.86 CCTCCCTTCT T:6.0(1.54%),B:5.2(0.10%),P:1e-4
		Round 2: -10.87 CCACCCTTCT T:9.0(2.30%),B:15.4(0.30%),P:1e-4
		Round 3: -16.24 CCCCCCTTCT T:12.0(3.06%),B:17.9(0.34%),P:1e-7
		Round 4: -16.24 CCCCCCTTCT T:12.0(3.06%),B:17.9(0.34%),P:1e-7
		=Final=: -13.51 CCCCCCTTCT T:10.0(2.58%),B:17.9(0.36%),P:1e-5
		Performing exhaustive masking of motif...
		Reprioritizing potential motifs...
	7 of 25 Initial Sequence: AAACTTGCTT... (-10.612)
		Round 1: -25.78 AAACTTGCTT T:19.0(4.80%),B:27.8(0.55%),P:1e-11
		Round 2: -25.78 AAACTTGCTT T:19.0(4.80%),B:27.8(0.55%),P:1e-11
		=Final=: -25.57 AAACTTGCTT T:23.0(5.94%),B:47.5(0.96%),P:1e-11
		Performing exhaustive masking of motif...
		Reprioritizing potential motifs...
	8 of 25 Initial Sequence: TGAGAGCTGA... (-10.612)
		Round 1: -21.41 TGAGAGCTGA T:18.0(4.55%),B:31.2(0.63%),P:1e-9
		Round 2: -21.41 TGAGAGCTGA T:18.0(4.55%),B:31.2(0.63%),P:1e-9
		=Final=: -22.98 TGAGAGCTGA T:18.0(4.65%),B:31.2(0.63%),P:1e-9
		Performing exhaustive masking of motif...
		Reprioritizing potential motifs...
	9 of 25 Initial Sequence: GGCAATGTTC... (-10.425)
		Round 1: -17.74 GGCAATGTTC T:15.0(3.81%),B:26.0(0.53%),P:1e-7
		Round 2: -20.92 GGCAATGTTC T:18.0(4.55%),B:32.8(0.65%),P:1e-9
		Round 3: -20.92 GGCAATGTTC T:18.0(4.55%),B:32.8(0.65%),P:1e-9
		=Final=: -22.48 GGCAATGTTC T:18.0(4.65%),B:32.8(0.66%),P:1e-9
		Performing exhaustive masking of motif...
		Reprioritizing potential motifs...
	10 of 25 Initial Sequence: TGAAAGAGAA... (-10.312)
		Round 1: -19.56 TGAAAGAGAA T:25.0(6.26%),B:71.7(1.43%),P:1e-8
		Round 2: -19.56 TGAAAGAGAA T:25.0(6.26%),B:71.7(1.43%),P:1e-8
		=Final=: -19.57 TGAAAGAGAA T:24.0(6.20%),B:70.9(1.44%),P:1e-8
		Performing exhaustive masking of motif...
		Reprioritizing potential motifs...
	11 of 25 Initial Sequence: TTCACTTCCT... (-10.337)
		Round 1: -18.93 TTCACTTCCT T:23.0(5.78%),B:62.2(1.25%),P:1e-8
		Round 2: -18.93 TTCACTTCCT T:23.0(5.78%),B:62.2(1.25%),P:1e-8
		=Final=: -20.26 TTCACTTCCT T:23.0(5.94%),B:62.2(1.26%),P:1e-8
		Performing exhaustive masking of motif...
		Reprioritizing potential motifs...
	12 of 25 Initial Sequence: TTTTTATGAT... (-10.244)
		Round 1: -23.89 TTTTTATGAT T:38.0(9.36%),B:127.0(2.55%),P:1e-10
		Round 2: -23.89 TTTTTATGAT T:38.0(9.36%),B:127.0(2.55%),P:1e-10
		=Final=: -23.80 TTTTTATGAT T:37.0(9.56%),B:132.1(2.68%),P:1e-10
		Performing exhaustive masking of motif...
		Reprioritizing potential motifs...
	13 of 25 Initial Sequence: GTAAGGGCAG... (-10.010)
		Round 1: -23.16 GTAAGGGCAG T:11.0(2.81%),B:7.5(0.14%),P:1e-10
		Round 2: -26.11 GTAAGGGCAG T:10.0(2.55%),B:4.8(0.08%),P:1e-11
		Round 3: -26.11 GTAAGGGCAG T:10.0(2.55%),B:4.8(0.08%),P:1e-11
		=Final=: -27.08 GTAAGGGCAG T:10.0(2.58%),B:4.8(0.10%),P:1e-11
		Performing exhaustive masking of motif...
		Reprioritizing potential motifs...
	14 of 25 Initial Sequence: TTGAATATTA... (-9.489)
		Round 1: -9.93 TTGAATATTA T:7.0(1.79%),B:9.2(0.18%),P:1e-4
		Round 2: -13.60 TTGAATACTA T:10.0(2.55%),B:14.1(0.28%),P:1e-5
		Round 3: -13.60 TTGAATACTA T:10.0(2.55%),B:14.1(0.28%),P:1e-5
		=Final=: -15.24 TTGAATACTA T:10.0(2.58%),B:14.1(0.29%),P:1e-6
		Performing exhaustive masking of motif...
		Reprioritizing potential motifs...
	15 of 25 Initial Sequence: CCCCAGAACC... (-9.489)
		Round 1: -16.95 CCCCAGAACC T:8.0(2.05%),B:5.8(0.10%),P:1e-7
		Round 2: -17.85 CCCCAGAACC T:7.0(1.79%),B:3.5(0.06%),P:1e-7
		Round 3: -17.85 CCCCAGAACC T:7.0(1.79%),B:3.5(0.06%),P:1e-7
		=Final=: -12.23 CCCCAGAACC T:5.0(1.29%),B:3.5(0.07%),P:1e-5
		Performing exhaustive masking of motif...
		Reprioritizing potential motifs...
	16 of 25 Initial Sequence: AAGTGCCATT... (-9.489)
		Round 1: -17.26 AAGTGCCATT T:13.0(3.31%),B:19.5(0.39%),P:1e-7
		Round 2: -17.26 AAGTGCCATT T:13.0(3.31%),B:19.5(0.39%),P:1e-7
		=Final=: -18.89 AAGTGCCATT T:13.0(3.36%),B:19.5(0.40%),P:1e-8
		Performing exhaustive masking of motif...
		Reprioritizing potential motifs...
	17 of 25 Initial Sequence: TTCCCATTAT... (-9.489)
		Round 1: -13.43 TTCCCATTAT T:5.0(1.29%),B:2.9(0.04%),P:1e-5
		Round 2: -13.43 TTCCCATTAT T:5.0(1.29%),B:2.9(0.04%),P:1e-5
		=Final=: -14.20 TTCCCATTAT T:5.0(1.29%),B:2.9(0.06%),P:1e-6
		Performing exhaustive masking of motif...
		Reprioritizing potential motifs...
	18 of 25 Initial Sequence: TGTATGAGAA... (-9.489)
		Round 1: -9.49 TGTATGAGAA T:4.0(1.03%),B:1.0(0.02%),P:1e-4
		Round 2: -9.49 TGTATGAGAA T:4.0(1.03%),B:1.0(0.02%),P:1e-4
		=Final=: -13.43 TGTATGAGAA T:4.0(1.03%),B:1.0(0.02%),P:1e-5
		Performing exhaustive masking of motif...
		Reprioritizing potential motifs...
	19 of 25 Initial Sequence: TATATGGTAT... (-9.489)
		Round 1: -22.44 TATATGGTAT T:9.0(2.30%),B:4.7(0.08%),P:1e-9
		Round 2: -22.44 TATATGGTAT T:9.0(2.30%),B:4.7(0.08%),P:1e-9
		=Final=: -23.59 TATATGGTAT T:9.0(2.33%),B:4.7(0.10%),P:1e-10
		Performing exhaustive masking of motif...
		Reprioritizing potential motifs...
	20 of 25 Initial Sequence: ACGGCAAGCT... (-9.290)
		Round 1: -21.95 ACGGCAAGCT T:7.0(1.79%),B:2.3(0.04%),P:1e-9
		Round 2: -21.95 ACGGCAAGCT T:7.0(1.79%),B:2.3(0.04%),P:1e-9
		=Final=: -21.67 ACGGCAAGCT T:7.0(1.81%),B:2.3(0.05%),P:1e-9
		Performing exhaustive masking of motif...
		Reprioritizing potential motifs...
	21 of 25 Initial Sequence: CTGTACAGGT... (-9.201)
		Round 1: -23.59 CTGTACAGGT T:10.0(2.55%),B:5.2(0.10%),P:1e-10
		Round 2: -23.59 CTGTACAGGT T:10.0(2.55%),B:5.2(0.10%),P:1e-10
		=Final=: -21.65 CTGTACAGGT T:9.0(2.33%),B:5.2(0.11%),P:1e-9
		Performing exhaustive masking of motif...
		Reprioritizing potential motifs...
	22 of 25 Initial Sequence: TGCCTTTAGA... (-9.143)
		Round 1: -23.59 TGCCTTTAGA T:10.0(2.55%),B:5.8(0.10%),P:1e-10
		Round 2: -23.59 TGCCTTTAGA T:10.0(2.55%),B:5.8(0.10%),P:1e-10
		=Final=: -24.92 TGCCTTTAGA T:10.0(2.58%),B:5.8(0.12%),P:1e-10
		Performing exhaustive masking of motif...
		Reprioritizing potential motifs...
	23 of 25 Initial Sequence: GTCCTCCTGT... (-8.806)
		Round 1: -23.59 GTCCTCCTGT T:10.0(2.55%),B:5.5(0.10%),P:1e-10
		Round 2: -23.59 GTCCTCCTGT T:10.0(2.55%),B:5.5(0.10%),P:1e-10
		=Final=: -27.08 GTCCTCCTGT T:10.0(2.58%),B:4.3(0.09%),P:1e-11
		Performing exhaustive masking of motif...
		Reprioritizing potential motifs...
	24 of 25 Initial Sequence: TGGAGACCCA... (-8.665)
		Round 1: -16.68 TGGAGACCCA T:13.0(3.31%),B:21.0(0.41%),P:1e-7
		Round 2: -16.68 TGGAGACCCA T:13.0(3.31%),B:21.0(0.41%),P:1e-7
		=Final=: -18.29 TGGAGACCCA T:13.0(3.36%),B:21.0(0.43%),P:1e-7
		Performing exhaustive masking of motif...
		Reprioritizing potential motifs...
	25 of 25 Initial Sequence: ATGCAGTTGA... (-8.665)
		Round 1: -21.00 ATGCAGTTGA T:12.0(3.06%),B:12.0(0.22%),P:1e-9
		Round 2: -21.00 ATGCAGTTGA T:12.0(3.06%),B:12.0(0.22%),P:1e-9
		=Final=: -22.69 ATGCAGTTGA T:12.0(3.10%),B:12.0(0.24%),P:1e-9
		Performing exhaustive masking of motif...
		Reprioritizing potential motifs...

	Finalizing Enrichment Statistics (new in v3.4)
	Reading input files...
	5319 total sequences read
	Cache length = 11180
	Using binomial scoring
	Checking enrichment of 25 motif(s)
	|0%                                    50%                                  100%|
	=================================================================================
	Output in file: /workspace/gene_expression_predictions/outputs/annotation/homer/late_vitro_lymph/homerMotifs.motifs10


	Number of Trial motifs (-T) set to 12 (from 10) to work well with 6 CPUs
	-blen automatically set to 2
	Scanning input files...
	Parsing sequences...
	|0%                                   50%                                  100%|
	================================================================================
	Total number of Oligos: 724758
	Autoadjustment for sequence coverage in background: 1.00x

	Oligos: 724758 of 1010610 max
	Tree  : 1944396 of 5053050 max
	Optimizing memory usage...
	Cache length = 11180
	Using binomial scoring

	Global Optimization Phase: Looking for enriched oligos with up to 2 mismatches...

	Screening oligos 724758 (allowing 0 mismatches):
	|0%                                   50%                                  100%|
	================================================================================
		91.71% skipped, 8.29% checked (60052 of 724758), of those checked:
		91.71% not in target, 0.00% increased p-value, 0.00% high p-value

	Screening oligos 724758 (allowing 1 mismatches):
	|0%                                   50%                                  100%|
	================================================================================
		91.71% skipped, 8.29% checked (60052 of 724758), of those checked:
		0.00% not in target, 7.64% increased p-value, 0.02% high p-value

	Screening oligos 724758 (allowing 2 mismatches):
	|0%                                   50%                                  100%|
	================================================================================
		99.36% skipped, 0.64% checked (4640 of 724758), of those checked:
		0.00% not in target, 0.59% increased p-value, 0.00% high p-value
	Reading input files...
	5319 total sequences read
	Cache length = 11180
	Using binomial scoring

	Local Optimization Phase:
	1 of 25 Initial Sequence: TCCCTCCTCCTC... (-31.095)
		Round 1: -38.08 TCCCTCCTCCTC T:14.0(3.56%),B:5.9(0.10%),P:1e-16
		Round 2: -50.75 TCCCTCCTCCTC T:13.0(3.31%),B:3.0(0.04%),P:1e-22
		Round 3: -50.75 TCCCTCCTCCTC T:13.0(3.31%),B:3.0(0.04%),P:1e-22
		=Final=: -14.20 TCCCTCCTCCTC T:5.0(1.29%),B:3.0(0.06%),P:1e-6
		Performing exhaustive masking of motif...
		Reprioritizing potential motifs...
	2 of 25 Initial Sequence: ACCGGTCCTCCC... (-17.596)
		Round 1: -35.86 ACCDGTCCTCCC T:10.0(2.55%),B:2.1(0.04%),P:1e-15
		Round 2: -35.86 ACCDGTCCTCCC T:10.0(2.55%),B:2.1(0.04%),P:1e-15
		=Final=: -9.49 ACCDGTCCTCCC T:3.0(0.78%),B:0.0(0.00%),P:1e-4
		Performing exhaustive masking of motif...
		Reprioritizing potential motifs...
	3 of 25 Initial Sequence: GGAATGAAGCTG... (-14.145)
		Round 1: -27.07 GGAATGAAGCTG T:11.0(2.81%),B:6.0(0.10%),P:1e-11
		Round 2: -27.07 GGAATGAAGCTG T:11.0(2.81%),B:6.0(0.10%),P:1e-11
		=Final=: -28.28 GGAATGAAGCTG T:11.0(2.84%),B:6.0(0.12%),P:1e-12
		Performing exhaustive masking of motif...
		Reprioritizing potential motifs...
	4 of 25 Initial Sequence: TCAATCAATTTG... (-13.430)
		Round 1: -15.24 TCAATCAATTTG T:11.0(2.81%),B:15.2(0.30%),P:1e-6
		Round 2: -17.60 TCAATCAATTTG T:6.0(1.54%),B:1.8(0.02%),P:1e-7
		Round 3: -17.60 TCAATCAATTTG T:6.0(1.54%),B:1.8(0.02%),P:1e-7
		=Final=: -21.95 TCAATCAATTTG T:6.0(1.55%),B:1.8(0.04%),P:1e-9
		Performing exhaustive masking of motif...
		Reprioritizing potential motifs...
	5 of 25 Initial Sequence: GGGAGGCATGTT... (-13.430)
		Round 1: -13.43 GGGAGGCATGTT T:5.0(1.29%),B:2.2(0.04%),P:1e-5
		Round 2: -13.43 GGGAGGCATGTT T:5.0(1.29%),B:2.2(0.04%),P:1e-5
		=Final=: -14.20 GGGAGGCATGTT T:5.0(1.29%),B:2.2(0.04%),P:1e-6
		Performing exhaustive masking of motif...
		Reprioritizing potential motifs...
	6 of 25 Initial Sequence: GTTCTGGGGTTT... (-13.430)
		Round 1: -18.29 GTTCTGGGGTTT T:14.0(3.56%),B:21.9(0.43%),P:1e-7
		Round 2: -19.52 GYTCTGGGGTKT T:14.0(3.56%),B:19.6(0.39%),P:1e-8
		Round 3: -26.45 GCTCTTGGGTTT T:8.0(2.05%),B:3.0(0.04%),P:1e-11
		Round 4: -26.45 GCTCTTGGGTTT T:8.0(2.05%),B:3.0(0.04%),P:1e-11
		=Final=: -21.67 GCTCTTGGGTTT T:7.0(1.81%),B:3.0(0.06%),P:1e-9
		Performing exhaustive masking of motif...
		Reprioritizing potential motifs...
	7 of 25 Initial Sequence: TTTTCTCGTTCT... (-12.554)
		Round 1: -21.95 TTTTCTCGTTCT T:7.0(1.79%),B:2.2(0.04%),P:1e-9
		Round 2: -21.95 TTTTCTCGTTCT T:7.0(1.79%),B:2.2(0.04%),P:1e-9
		=Final=: -17.86 TTTTCTCGTTCT T:6.0(1.55%),B:2.2(0.04%),P:1e-7
		Performing exhaustive masking of motif...
		Reprioritizing potential motifs...
	8 of 25 Initial Sequence: ACAGGCAATGTT... (-10.858)
		Round 1: -18.24 ACAGGCAATGTT T:15.0(3.81%),B:25.9(0.51%),P:1e-7
		Round 2: -18.24 ACAGGCAATGTT T:15.0(3.81%),B:25.9(0.51%),P:1e-7
		=Final=: -19.82 ACAGGCAATGTT T:15.0(3.88%),B:25.9(0.53%),P:1e-8
		Performing exhaustive masking of motif...
		Reprioritizing potential motifs...
	9 of 25 Initial Sequence: ATGCAATTAACA... (-10.720)
		Round 1: -14.25 ATGCAATTAACA T:10.0(2.55%),B:13.6(0.26%),P:1e-6
		Round 2: -17.85 ATGCAATTAACA T:7.0(1.79%),B:3.9(0.06%),P:1e-7
		Round 3: -17.85 ATGCAATTAACA T:7.0(1.79%),B:3.9(0.06%),P:1e-7
		=Final=: -18.90 ATGCAATTAACA T:7.0(1.81%),B:3.9(0.08%),P:1e-8
		Performing exhaustive masking of motif...
		Reprioritizing potential motifs...
	10 of 25 Initial Sequence: GGCTGGAAATGC... (-10.720)
		Round 1: -16.24 GGCTGGAAATGC T:12.0(3.06%),B:17.3(0.34%),P:1e-7
		Round 2: -17.85 GGCTGGAAATGC T:7.0(1.79%),B:3.2(0.06%),P:1e-7
		Round 3: -21.95 GCCTTGAAATGC T:7.0(1.79%),B:2.5(0.04%),P:1e-9
		Round 4: -21.95 GCCTTGAAATGC T:7.0(1.79%),B:2.5(0.04%),P:1e-9
		=Final=: -21.95 GCCTTGAAATGC T:6.0(1.55%),B:1.7(0.03%),P:1e-9
		Performing exhaustive masking of motif...
		Reprioritizing potential motifs...
	11 of 25 Initial Sequence: TAGTTTGGAGGA... (-10.720)
		Round 1: -21.95 TAGTTTGGARGA T:7.0(1.79%),B:2.7(0.04%),P:1e-9
		Round 2: -21.95 TAGTTTGGARGA T:7.0(1.79%),B:2.7(0.04%),P:1e-9
		=Final=: -21.67 TAGTTTGGARGA T:7.0(1.81%),B:2.7(0.05%),P:1e-9
		Performing exhaustive masking of motif...
		Reprioritizing potential motifs...
	12 of 25 Initial Sequence: TTTTAGCTGTCT... (-10.720)
		Round 1: -13.43 TTTTAGCTGTCT T:5.0(1.29%),B:1.2(0.02%),P:1e-5
		Round 2: -13.43 TTTTAGCTGTCT T:5.0(1.29%),B:1.2(0.02%),P:1e-5
		=Final=: -17.60 TTTTAGCTGTCT T:5.0(1.29%),B:1.2(0.02%),P:1e-7
		Performing exhaustive masking of motif...
		Reprioritizing potential motifs...
	13 of 25 Initial Sequence: TTGGCTGCCAGC... (-10.720)
		Round 1: -26.12 TTGGCTGCCAGC T:18.0(4.55%),B:23.2(0.47%),P:1e-11
		Round 2: -26.12 TTGGCTGCCAGC T:18.0(4.55%),B:23.2(0.47%),P:1e-11
		=Final=: -20.93 TTGGCTGCCAGC T:15.0(3.88%),B:23.2(0.47%),P:1e-9
		Performing exhaustive masking of motif...
		Reprioritizing potential motifs...
	14 of 25 Initial Sequence: CTTGGAAATTCT... (-10.667)
		Round 1: -21.95 CTTGGAAATTCT T:7.0(1.79%),B:2.1(0.04%),P:1e-9
		Round 2: -23.16 CTTGRAAATTCT T:11.0(2.81%),B:7.6(0.14%),P:1e-10
		Round 3: -23.16 CTTGRAAATTCT T:11.0(2.81%),B:7.6(0.14%),P:1e-10
		=Final=: -24.72 CTTGRAAATTCT T:11.0(2.84%),B:7.6(0.16%),P:1e-10
		Performing exhaustive masking of motif...
		Reprioritizing potential motifs...
	15 of 25 Initial Sequence: GTGTCTCCATGG... (-10.416)
		Round 1: -24.25 GTGTCTCCATGG T:16.0(4.06%),B:19.5(0.39%),P:1e-10
		Round 2: -24.25 GTGTCTCCATGG T:16.0(4.06%),B:19.5(0.39%),P:1e-10
		=Final=: -23.51 GTGTCTCCATGG T:15.0(3.88%),B:19.5(0.39%),P:1e-10
		Performing exhaustive masking of motif...
		Reprioritizing potential motifs...
	16 of 25 Initial Sequence: GAAAATAGAAGT... (-10.383)
		Round 1: -19.51 GAAAATAGAAGT T:26.0(6.51%),B:77.3(1.55%),P:1e-8
		Round 2: -21.42 GAAAATAGAAGT T:26.0(6.51%),B:70.6(1.41%),P:1e-9
		Round 3: -21.42 GAAAATAGAAGT T:26.0(6.51%),B:70.6(1.41%),P:1e-9
		=Final=: -23.07 GAAAATAGAAGT T:26.0(6.72%),B:69.8(1.42%),P:1e-10
		Performing exhaustive masking of motif...
		Reprioritizing potential motifs...
	17 of 25 Initial Sequence: CCTCCCTTGGGA... (-9.806)
		Round 1: -17.60 CCTCCCTTGGGA T:6.0(1.54%),B:0.9(0.00%),P:1e-7
		Round 2: -17.60 CCTCCCTTGGGA T:6.0(1.54%),B:0.9(0.00%),P:1e-7
		=Final=: -21.95 CCTCCCTTGGGA T:6.0(1.55%),B:0.9(0.02%),P:1e-9
		Performing exhaustive masking of motif...
		Reprioritizing potential motifs...
	18 of 25 Initial Sequence: ACCTTTTTTACA... (-9.489)
		Round 1: -13.43 ACCTTTTTTACA T:5.0(1.29%),B:1.4(0.02%),P:1e-5
		Round 2: -13.43 ACCTTTTTTACA T:5.0(1.29%),B:1.4(0.02%),P:1e-5
		=Final=: -17.60 ACCTTTTTTACA T:5.0(1.29%),B:1.4(0.03%),P:1e-7
		Performing exhaustive masking of motif...
		Reprioritizing potential motifs...
	19 of 25 Initial Sequence: ATCCCCAGTTGA... (-9.489)
		Round 1: -12.37 AKCCCCAGTTGA T:8.0(2.05%),B:10.0(0.18%),P:1e-5
		Round 2: -17.60 ATCCCCAGTAGA T:6.0(1.54%),B:0.0(0.00%),P:1e-7
		Round 3: -17.60 ATCCCCAGTAGA T:6.0(1.54%),B:0.0(0.00%),P:1e-7
		=Final=: -21.95 ATCCCCAGTAGA T:6.0(1.55%),B:0.0(0.00%),P:1e-9
		Performing exhaustive masking of motif...
		Reprioritizing potential motifs...
	20 of 25 Initial Sequence: TCTGTCTGATCC... (-9.489)
		Round 1: -21.67 TCTGTCTGATYC T:8.0(2.05%),B:3.6(0.06%),P:1e-9
		Round 2: -21.67 TCTGTCTGATYC T:8.0(2.05%),B:3.6(0.06%),P:1e-9
		=Final=: -18.90 TCTGTCTGATYC T:7.0(1.81%),B:3.6(0.07%),P:1e-8
		Performing exhaustive masking of motif...
		Reprioritizing potential motifs...
	21 of 25 Initial Sequence: GACCCCTCCCTT... (-9.489)
		Round 1: -28.27 GAYCCCTCCCTT T:12.0(3.06%),B:6.1(0.12%),P:1e-12
		Round 2: -28.27 GAYCCCTCCCTT T:12.0(3.06%),B:6.1(0.12%),P:1e-12
		=Final=: -26.46 GAYCCCTCCCTT T:7.0(1.81%),B:1.5(0.03%),P:1e-11
		Performing exhaustive masking of motif...
		Reprioritizing potential motifs...
	22 of 25 Initial Sequence: GAACAAGCACTT... (-9.489)
		Round 1: -17.60 GAAYAAGCACTT T:6.0(1.54%),B:1.8(0.02%),P:1e-7
		Round 2: -17.85 GAACAAGCACTT T:7.0(1.79%),B:4.0(0.06%),P:1e-7
		Round 3: -17.85 GAACAAGCACTT T:7.0(1.79%),B:4.0(0.06%),P:1e-7
		=Final=: -21.95 GAACAAGCACTT T:6.0(1.55%),B:1.8(0.04%),P:1e-9
		Performing exhaustive masking of motif...
		Reprioritizing potential motifs...
	23 of 25 Initial Sequence: TGACCTGAAATG... (-9.489)
		Round 1: -15.62 TGACCTGAAATG T:13.0(3.31%),B:22.5(0.45%),P:1e-6
		Round 2: -17.10 TGACCTGAAATG T:9.0(2.30%),B:7.1(0.14%),P:1e-7
		Round 3: -17.10 TGACCTGAAATG T:9.0(2.30%),B:7.1(0.14%),P:1e-7
		=Final=: -18.76 TGACCTGAAATG T:9.0(2.33%),B:7.1(0.14%),P:1e-8
		Performing exhaustive masking of motif...
		Reprioritizing potential motifs...
	24 of 25 Initial Sequence: ATCCCCTAGTGC... (-9.489)
		Round 1: -17.60 ATCTCATAGTGC T:6.0(1.54%),B:1.2(0.02%),P:1e-7
		Round 2: -17.60 ATCTCATAGTGC T:6.0(1.54%),B:1.2(0.02%),P:1e-7
		=Final=: -21.95 ATCTCATAGTGC T:6.0(1.55%),B:1.2(0.02%),P:1e-9
		Performing exhaustive masking of motif...
		Reprioritizing potential motifs...
	25 of 25 Initial Sequence: TAAATCACCCTT... (-9.489)
		Round 1: -14.56 TAAATCACCCTT T:12.0(3.06%),B:20.9(0.41%),P:1e-6
		Round 2: -14.56 TAAATCACCCTT T:12.0(3.06%),B:20.9(0.41%),P:1e-6
		=Final=: -16.14 TAAATCACCCTT T:12.0(3.10%),B:20.9(0.42%),P:1e-7
		Performing exhaustive masking of motif...
		Reprioritizing potential motifs...

	Finalizing Enrichment Statistics (new in v3.4)
	Reading input files...
	5319 total sequences read
	Cache length = 11180
	Using binomial scoring
	Checking enrichment of 25 motif(s)
	|0%                                    50%                                  100%|
	=================================================================================
	Output in file: /workspace/gene_expression_predictions/outputs/annotation/homer/late_vitro_lymph/homerMotifs.motifs12

	(Motifs in homer2 format)
	Determining similar motifs...	59 reduced to 38 motifs
	Outputing HTML and sequence logos for motif comparison...
	Checking de novo motifs against known motifs...
	Formatting HTML page...
		1 of 38 (1e-12) similar to TEAD1(TEAD)/HepG2-TEAD1-ChIP-Seq(Encode)/Homer(0.649)
		2 of 38 (1e-11) similar to THAP1/MA0597.3/Jaspar(0.789)
		3 of 38 (1e-11) similar to Znf263(Zf)/K562-Znf263-ChIP-Seq(GSE31477)/Homer(0.723)
		4 of 38 (1e-11) similar to Ebf2/MA1604.2/Jaspar(0.866)
		5 of 38 (1e-11) similar to SD0002.1_at_AC_acceptor/Jaspar(0.735)
		6 of 38 (1e-10) similar to ZNF35/MA2333.1/Jaspar(0.689)
		7 of 38 (1e-10) similar to HOXC10/MA0905.2/Jaspar(0.820)
		8 of 38 (1e-10) similar to OLIG3/MA0827.1/Jaspar(0.726)
		9 of 38 (1e-10) similar to PB0160.1_Rfxdc2_2/Jaspar(0.652)
		10 of 38 (1e-10) similar to Stat2/MA1623.2/Jaspar(0.720)
		11 of 38 (1e-9) similar to SIX2/MA1119.2/Jaspar(0.716)
		12 of 38 (1e-9) similar to TEAD2/MA1121.2/Jaspar(0.717)
		13 of 38 (1e-9) similar to Cux2(Homeobox)/Liver-Cux2-ChIP-Seq(GSE35985)/Homer(0.723)
		14 of 38 (1e-9) similar to PH0041.1_Hmx1/Jaspar(0.608)
		15 of 38 (1e-9) similar to Ebf4/MA2122.1/Jaspar(0.741)
		16 of 38 (1e-9) similar to ZSCAN21/MA2336.1/Jaspar(0.710)
		17 of 38 (1e-9) similar to ZNF410(Zf)/CD34-ZNF410-ChIP-Seq(GSE154960)/Homer(0.626)
		18 of 38 (1e-9) similar to Nr2e3/MA0164.2/Jaspar(0.702)
		19 of 38 (1e-9) similar to MZF1/MA0056.3/Jaspar(0.602)
		20 of 38 (1e-9) similar to HMBOX1/MA0895.2/Jaspar(0.620)
		21 of 38 (1e-9) similar to ZEB1(Zf)/PDAC-ZEB1-ChIP-Seq(GSE64557)/Homer(0.709)
		22 of 38 (1e-9) similar to Tlx?(NR)/NPC-H3K4me1-ChIP-Seq(GSE16256)/Homer(0.722)
		23 of 38 (1e-8) similar to PU.1-IRF(ETS:IRF)/Bcell-PU.1-ChIP-Seq(GSE21512)/Homer(0.891)
		24 of 38 (1e-8) similar to Stat2/MA1623.2/Jaspar(0.765)
		25 of 38 (1e-8) similar to PH0063.1_Hoxb8/Jaspar(0.713)
		26 of 38 (1e-8) similar to Isl1/MA1608.2/Jaspar(0.643)
		27 of 38 (1e-7) similar to Smad2(MAD)/ES-SMAD2-ChIP-Seq(GSE29422)/Homer(0.627)
		28 of 38 (1e-7) similar to ZNF384/MA1125.2/Jaspar(0.713)
		29 of 38 (1e-7) similar to Hoxd9(Homeobox)/EB-Hoxd9.HA-ChIP-Seq(GSE142377)/Homer(0.728)
		30 of 38 (1e-6) similar to LIN54/MA0619.2/Jaspar(0.673)
		31 of 38 (1e-6) similar to Wt1/MA1627.2/Jaspar(0.667)
		32 of 38 (1e-6) similar to SP5/MA1965.2/Jaspar(0.707)
		33 of 38 (1e-6) similar to ZNF524/MA2096.1/Jaspar(0.706)
		34 of 38 (1e-5) similar to POL009.1_DCE_S_II/Jaspar(0.728)
		35 of 38 (1e-5) similar to ZNF519(Zf)/HEK293-ZNF519.GFP-ChIP-Seq(GSE58341)/Homer(0.678)
		36 of 38 (1e-5) similar to PB0163.1_Six6_2/Jaspar(0.902)
		37 of 38 (1e-3) similar to ONECUT2/MA0756.3/Jaspar(0.652)
		38 of 38 (1e-1) similar to MGA/MA0801.1/Jaspar(0.706)
	Job finished - if results look good, please send beer to ..

	Cleaning up tmp files...

