
	Position file = /workspace/gene_expression_predictions/outputs/annotation/homer/mid_vivo_blood.bed
	Genome = hg38
	Output Directory = /workspace/gene_expression_predictions/outputs/annotation/homer/mid_vivo_blood
	Fragment size set to 200
	Will use repeat masked sequences
	Using 8 CPUs
	Found mset for "human", will check against vertebrates motifs
	Peak/BED file conversion summary:
		BED/Header formatted lines: 449
		peakfile formatted lines: 0

	Peak File Statistics:
		Total Peaks: 449
		Redundant Peak IDs: 0
		Peaks lacking information: 0 (need at least 5 columns per peak)
		Peaks with misformatted coordinates: 0 (should be integer)
		Peaks with misformatted strand: 0 (should be either +/- or 0/1)

	Peak file looks good!

	Background files for 200 bp fragments found.
	Custom genome sequence directory: /workspace/.//data/genomes/hg38//

	Extracting sequences from file: /workspace/.//data/genomes/hg38///genome.fa
	Looking for peak sequences in a single file (/workspace/.//data/genomes/hg38///genome.fa)
	Extracting 247 sequences from chr8
	Extracting 202 sequences from chr9


!!!!!!!!!!!!!!!!!!!!!!!!!!!!!!!!!!!!!!!!!!!!!!!!!!!!!!!!!!!!!
	Potential Problem with Sequences (ignore if preparsing genome):
		214 of 449 removed because they had >70.00% Ns (i.e. masked repeats)
	Due to 	high repeat content, consider using a non-repeat masked genome


!!!!!!!!!!!!!!!!!!!!!!!!!!!!!!!!!!!!!!!!!!!!!!!!!!!!!!!!!!!!!

	Not removing redundant sequences


	Sequences processed:
		Auto detected maximum sequence length of 201 bp
		235 total

	Frequency Bins: 0.2 0.25 0.3 0.35 0.4 0.45 0.5 0.6 0.7 0.8
	Freq	Bin	Count
	0.2	0	2
	0.25	1	8
	0.3	2	22
	0.35	3	54
	0.4	4	52
	0.45	5	37
	0.5	6	23
	0.6	7	24
	0.7	8	12
	0.8	9	1
	Max distance to merge: direct overlap required (-d given)
	Calculating co-bound peaks relative to reference: /workspace/.//data/genomes/hg38//preparsed//hg38r.200.pos

	Comparing peaks: (peakfile, overlapping peaks, logRatio(obs/expected), logP)
		/workspace/gene_expression_predictions/outputs/annotation/homer/mid_vivo_blood/target200.pos	48	-0.77	11.93

	Co-bound by 0 peaks: 1064617
	Co-bound by 1 peaks: 48 (max: 48 effective total)

	Total sequences set to 100000

	Choosing background that matches in CpG/GC content...
	Bin	# Targets	# Background	Background Weight
	0	2	849	1.000
	1	8	3396	1.000
	2	22	9340	1.000
	3	54	22925	1.000
	4	52	22076	1.000
	5	37	15708	1.000
	6	23	9764	1.000
	7	24	10189	1.000
	8	12	5094	1.000
	9	1	425	0.999
	Assembling sequence file...
	Normalizing lower order oligos using homer2

	Reading input files...
	100001 total sequences read
	Autonormalization: 1-mers (4 total)
		A	30.13%	30.06%	1.002
		C	19.87%	19.94%	0.996
		G	19.87%	19.94%	0.996
		T	30.13%	30.06%	1.002
	Autonormalization: 2-mers (16 total)
		AA	10.16%	10.31%	0.985
		CA	7.15%	6.90%	1.037
		GA	5.83%	5.93%	0.982
		TA	7.00%	6.93%	1.010
		AC	5.13%	4.98%	1.031
		CC	4.85%	4.99%	0.971
		GC	4.04%	4.02%	1.005
		TC	5.83%	5.93%	0.982
		AG	6.99%	6.89%	1.014
		CG	0.86%	1.14%	0.755
		GG	4.85%	4.99%	0.971
		TG	7.15%	6.90%	1.037
		AT	7.87%	7.88%	0.999
		CT	6.99%	6.89%	1.014
		GT	5.13%	4.98%	1.031
		TT	10.16%	10.31%	0.985
	Autonormalization: 3-mers (64 total)
	Normalization weights can be found in file: /workspace/gene_expression_predictions/outputs/annotation/homer/mid_vivo_blood/seq.autonorm.tsv
	Converging on autonormalization solution:
	...............................................................................
	Final normalization:	Autonormalization: 1-mers (4 total)
		A	30.13%	30.14%	1.000
		C	19.87%	19.86%	1.001
		G	19.87%	19.86%	1.001
		T	30.13%	30.14%	1.000
	Autonormalization: 2-mers (16 total)
		AA	10.16%	10.18%	0.999
		CA	7.15%	7.14%	1.002
		GA	5.83%	5.85%	0.997
		TA	7.00%	6.99%	1.001
		AC	5.13%	5.12%	1.003
		CC	4.85%	4.86%	0.998
		GC	4.04%	4.03%	1.003
		TC	5.83%	5.85%	0.997
		AG	6.99%	6.97%	1.002
		CG	0.86%	0.88%	0.979
		GG	4.85%	4.86%	0.998
		TG	7.15%	7.14%	1.002
		AT	7.87%	7.88%	0.999
		CT	6.99%	6.97%	1.002
		GT	5.13%	5.12%	1.003
		TT	10.16%	10.18%	0.999
	Autonormalization: 3-mers (64 total)
	Finished preparing sequence/group files

	----------------------------------------------------------
	Known motif enrichment

	Reading input files...
	100001 total sequences read
	472 motifs loaded
	Cache length = 11180
	Using binomial scoring
	Checking enrichment of 472 motif(s)
	|0%                                    50%                                  100%|
	=================================================================================
	Preparing HTML output with sequence logos...
		1 of 472 (1e-2) Gsx2(Homeobox)/LGE-Gsx2.Flag-ChIP-Seq(GSE162589)/Homer
		2 of 472 (1e-2) COUP-TFII(NR)/K562-NR2F1-ChIP-Seq(Encode)/Homer
		3 of 472 (1e-2) LHX9(Homeobox)/Hct116-LHX9.V5-ChIP-Seq(GSE116822)/Homer
		4 of 472 (1e-2) MITF(bHLH)/MastCells-MITF-ChIP-Seq(GSE48085)/Homer
		5 of 472 (1e-2) Nur77(NR)/K562-NR4A1-ChIP-Seq(GSE31363)/Homer
	----------------------------------------------------------
	De novo motif finding (HOMER)

	Number of Trial motifs (-T) set to 8 (from 10) to work well with 8 CPUs
	Scanning input files...
	Parsing sequences...
	|0%                                   50%                                  100%|
	================================================================================
	Total number of Oligos: 32896
	Autoadjustment for sequence coverage in background: 1.01x

	Oligos: 32896 of 34497 max
	Tree  : 67288 of 172485 max
	Optimizing memory usage...
	Cache length = 11180
	Using binomial scoring

	Global Optimization Phase: Looking for enriched oligos with up to 2 mismatches...

	Screening oligos 32896 (allowing 0 mismatches):
	|0%                                   50%                                  100%|
	================================================================================
		47.25% skipped, 52.75% checked (17353 of 32896), of those checked:
		47.25% not in target, 0.00% increased p-value, 0.00% high p-value

	Screening oligos 32896 (allowing 1 mismatches):
	|0%                                   50%                                  100%|
	================================================================================
		47.25% skipped, 52.75% checked (17353 of 32896), of those checked:
		0.00% not in target, 22.78% increased p-value, 35.79% high p-value

	Screening oligos 32896 (allowing 2 mismatches):
	|0%                                   50%                                  100%|
	================================================================================
		89.69% skipped, 10.31% checked (3391 of 32896), of those checked:
		0.00% not in target, 9.93% increased p-value, 0.00% high p-value
	Reading input files...
	100001 total sequences read
	Cache length = 11180
	Using binomial scoring

	Local Optimization Phase:
	1 of 25 Initial Sequence: AAATGTGA... (-10.158)
		Round 1: -11.08 AAATGTGA T:21.0(8.57%),B:2918.9(2.83%),P:1e-4
		Round 2: -11.08 AAATGTGA T:21.0(8.57%),B:2918.9(2.83%),P:1e-4
		=Final=: -11.62 AAATGTGA T:24.0(10.21%),B:3730.3(3.71%),P:1e-5
		Performing exhaustive masking of motif...
		Reprioritizing potential motifs...
	2 of 25 Initial Sequence: GCTTGTCA... (-8.069)
		Round 1: -14.51 GCTTGTCA T:28.0(11.26%),B:3721.5(3.60%),P:1e-6
		Round 2: -14.51 GCTTGTCA T:28.0(11.26%),B:3721.5(3.60%),P:1e-6
		=Final=: -12.14 GCTTGTCA T:24.0(10.21%),B:3614.5(3.60%),P:1e-5
		Performing exhaustive masking of motif...
		Reprioritizing potential motifs...
	3 of 25 Initial Sequence: AGCTGCTG... (-7.858)
		Round 1: -10.70 AGCTGCTG T:19.0(7.78%),B:2500.7(2.43%),P:1e-4
		Round 2: -10.70 AGCTGCTG T:19.0(7.78%),B:2500.7(2.43%),P:1e-4
		=Final=: -3.81 AGCTGCTG T:10.0(4.26%),B:2030.0(2.02%),P:1e-1
		Performing exhaustive masking of motif...
		Reprioritizing potential motifs...
	4 of 25 Initial Sequence: ATATCTTG... (-7.584)
		Round 1: -12.10 ATATCTTG T:134.0(43.53%),B:35708.2(29.67%),P:1e-5
		Round 2: -12.10 ATATCTTG T:134.0(43.53%),B:35708.2(29.67%),P:1e-5
		=Final=: -16.87 ATATCTTG T:106.0(45.11%),B:28655.2(28.51%),P:1e-7
		Performing exhaustive masking of motif...
		Reprioritizing potential motifs...
	5 of 25 Initial Sequence: CCGACCAA... (-7.353)
		Round 1: -11.77 CCGACCAA T:14.0(5.80%),B:1239.4(1.21%),P:1e-5
		Round 2: -11.77 CCGACCAA T:14.0(5.80%),B:1239.4(1.21%),P:1e-5
		=Final=: -13.38 CCGACCAA T:14.0(5.96%),B:1224.1(1.22%),P:1e-5
		Performing exhaustive masking of motif...
		Reprioritizing potential motifs...
	Remaining seeds don't look promising (After initial 5 motifs, logp -7.248 > -8.371)

	Finalizing Enrichment Statistics (new in v3.4)
	Reading input files...
	100001 total sequences read
	Cache length = 11180
	Using binomial scoring
	Checking enrichment of 5 motif(s)
	|0%                                    50%                                  100%|
	=================================================================================
	Output in file: /workspace/gene_expression_predictions/outputs/annotation/homer/mid_vivo_blood/homerMotifs.motifs8


	Number of Trial motifs (-T) set to 8 (from 10) to work well with 8 CPUs
	Scanning input files...
	Parsing sequences...
	|0%                                   50%                                  100%|
	================================================================================
	Total number of Oligos: 512741
	Autoadjustment for sequence coverage in background: 1.01x

	Oligos: 512741 of 551887 max
	Tree  : 1050092 of 2759435 max
	Optimizing memory usage...
	Cache length = 11180
	Using binomial scoring

	Global Optimization Phase: Looking for enriched oligos with up to 2 mismatches...

	Screening oligos 512741 (allowing 0 mismatches):
	|0%                                   50%                                  100%|
	================================================================================
		93.39% skipped, 6.61% checked (33917 of 512741), of those checked:
		93.39% not in target, 0.00% increased p-value, 0.00% high p-value

	Screening oligos 512741 (allowing 1 mismatches):
	|0%                                   50%                                  100%|
	================================================================================
		93.39% skipped, 6.61% checked (33917 of 512741), of those checked:
		0.00% not in target, 5.89% increased p-value, 0.60% high p-value

	Screening oligos 512741 (allowing 2 mismatches):
	|0%                                   50%                                  100%|
	================================================================================
		99.36% skipped, 0.64% checked (3270 of 512741), of those checked:
		0.00% not in target, 0.55% increased p-value, 0.00% high p-value
	Reading input files...
	100001 total sequences read
	Cache length = 11180
	Using binomial scoring

	Local Optimization Phase:
	1 of 25 Initial Sequence: AGCAGCTCCC... (-21.690)
		Round 1: -21.69 AGCAGCTCCC T:8.0(3.35%),B:69.5(0.07%),P:1e-9
		Round 2: -21.69 AGCAGCTCCC T:8.0(3.35%),B:69.5(0.07%),P:1e-9
		=Final=: -1.90 AGCAGCTCCC T:1.0(0.43%),B:69.5(0.07%),P:1e0
		Performing exhaustive masking of motif...
		Reprioritizing potential motifs...
	2 of 25 Initial Sequence: ATACTCTGGG... (-10.648)
		Round 1: -20.76 ATACTCTGGG T:12.0(4.99%),B:351.4(0.35%),P:1e-9
		Round 2: -20.76 ATACTCTGGG T:12.0(4.99%),B:351.4(0.35%),P:1e-9
		=Final=: -23.36 ATACTCTGGG T:12.0(5.11%),B:351.4(0.35%),P:1e-10
		Performing exhaustive masking of motif...
		Reprioritizing potential motifs...
	3 of 25 Initial Sequence: ATGGGACACA... (-9.973)
		Round 1: -18.14 ATGGGACACA T:13.0(5.39%),B:570.1(0.56%),P:1e-7
		Round 2: -18.32 ATGGGACACA T:14.0(5.80%),B:686.8(0.67%),P:1e-7
		Round 3: -18.32 ATGGGACACA T:14.0(5.80%),B:686.8(0.67%),P:1e-7
		=Final=: -18.26 ATGGGACACA T:13.0(5.53%),B:680.9(0.68%),P:1e-7
		Performing exhaustive masking of motif...
		Reprioritizing potential motifs...
	4 of 25 Initial Sequence: CAAAAGAGGC... (-9.872)
		Round 1: -19.34 CAAAAGAGGC T:14.0(5.80%),B:628.1(0.62%),P:1e-8
		Round 2: -19.34 CAAAAGAGGC T:14.0(5.80%),B:628.1(0.62%),P:1e-8
		=Final=: -21.58 CAAAAGAGGC T:14.0(5.96%),B:624.8(0.62%),P:1e-9
		Performing exhaustive masking of motif...
		Reprioritizing potential motifs...
	5 of 25 Initial Sequence: AATTTCTAGA... (-9.601)
		Round 1: -22.72 AATTTCTAGA T:20.0(8.18%),B:1236.0(1.21%),P:1e-9
		Round 2: -22.72 AATTTCTAGA T:20.0(8.18%),B:1236.0(1.21%),P:1e-9
		=Final=: -20.17 AATTTCTAGA T:16.0(6.81%),B:964.0(0.96%),P:1e-8
		Performing exhaustive masking of motif...
		Reprioritizing potential motifs...
	6 of 25 Initial Sequence: TGAAGAGTAA... (-9.555)
		Round 1: -20.09 TGAAGAGTAA T:19.0(7.78%),B:1290.4(1.26%),P:1e-8
		Round 2: -20.96 TGAASAGTAA T:18.0(7.39%),B:1068.6(1.05%),P:1e-9
		Round 3: -20.96 TGAASAGTAA T:18.0(7.39%),B:1068.6(1.05%),P:1e-9
		=Final=: -22.91 TGAASAGTAA T:18.0(7.66%),B:1059.8(1.05%),P:1e-9
		Performing exhaustive masking of motif...
		Reprioritizing potential motifs...
	7 of 25 Initial Sequence: ATGTGCACCA... (-9.330)
		Round 1: -18.60 ATGTGCACCA T:11.0(4.58%),B:333.5(0.33%),P:1e-8
		Round 2: -18.60 ATGTGCACCA T:11.0(4.58%),B:333.5(0.33%),P:1e-8
		=Final=: -21.33 ATGTGCACCA T:11.0(4.68%),B:328.3(0.33%),P:1e-9
		Performing exhaustive masking of motif...
		Reprioritizing potential motifs...
	Remaining seeds don't look promising (After initial 5 motifs, logp -8.247 > -8.371)

	Finalizing Enrichment Statistics (new in v3.4)
	Reading input files...
	100001 total sequences read
	Cache length = 11180
	Using binomial scoring
	Checking enrichment of 7 motif(s)
	|0%                                    50%                                  100%|
	=================================================================================
	Output in file: /workspace/gene_expression_predictions/outputs/annotation/homer/mid_vivo_blood/homerMotifs.motifs10


	Number of Trial motifs (-T) set to 8 (from 10) to work well with 8 CPUs
	-blen automatically set to 2
	Scanning input files...
	Parsing sequences...
	|0%                                   50%                                  100%|
	================================================================================
	Total number of Oligos: 4787994
	Autoadjustment for sequence coverage in background: 1.01x

	Oligos: 4787994 of 8830118 max
	Tree  : 10554508 of 44150590 max
	Optimizing memory usage...
	Cache length = 11180
	Using binomial scoring

	Global Optimization Phase: Looking for enriched oligos with up to 2 mismatches...

	Screening oligos 4787994 (allowing 0 mismatches):
	|0%                                   50%                                  100%|
	================================================================================
		99.24% skipped, 0.76% checked (36210 of 4787994), of those checked:
		99.24% not in target, 0.00% increased p-value, 0.00% high p-value

	Screening oligos 4787994 (allowing 1 mismatches):
	|0%                                   50%                                  100%|
	================================================================================
		99.24% skipped, 0.76% checked (36210 of 4787994), of those checked:
		0.00% not in target, 0.75% increased p-value, 0.00% high p-value

	Screening oligos 4787994 (allowing 2 mismatches):
	|0%                                   50%                                  100%|
	================================================================================
		99.99% skipped, 0.01% checked (299 of 4787994), of those checked:
		0.00% not in target, 0.01% increased p-value, 0.00% high p-value
	Reading input files...
	100001 total sequences read
	Cache length = 11180
	Using binomial scoring

	Local Optimization Phase:
	1 of 25 Initial Sequence: TGCAGCAGCTCC... (-23.089)
		Round 1: -36.55 TGCAGCAGCTCC T:8.0(3.35%),B:9.9(0.01%),P:1e-15
		Round 2: -37.12 TACAGCATCTCC T:9.0(3.77%),B:17.5(0.02%),P:1e-16
		Round 3: -37.12 TACAGCATCTCC T:9.0(3.77%),B:17.5(0.02%),P:1e-16
		=Final=: -8.93 TACAGCATCTCC T:2.0(0.85%),B:7.7(0.01%),P:1e-3
		Performing exhaustive masking of motif...
		Reprioritizing potential motifs...
	2 of 25 Initial Sequence: GCAGCAGCTCCC... (-19.707)
		Round 1: -19.71 GCAGCAGCTCCC T:5.0(2.11%),B:8.4(0.01%),P:1e-8
		Round 2: -19.71 GCAGCAGCTCCC T:5.0(2.11%),B:8.4(0.01%),P:1e-8
		=Final=: -3.99 GCAGCAGCTCCC T:1.0(0.43%),B:8.4(0.01%),P:1e-1
		Performing exhaustive masking of motif...
		Reprioritizing potential motifs...
	3 of 25 Initial Sequence: AAAAAAAAAAAG... (-11.081)
		Round 1: -13.35 AAAAAAAAAAAG T:168.0(51.15%),B:45263.7(35.97%),P:1e-5
		Round 2: -13.35 AAAAAAAAAAAG T:168.0(51.15%),B:45263.7(35.97%),P:1e-5
		=Final=: -6.31 AAAAAAAAAAAG T:27.0(11.49%),B:6292.4(6.26%),P:1e-2
		Performing exhaustive masking of motif...
		Reprioritizing potential motifs...
	4 of 25 Initial Sequence: GGATTAAAATGT... (-10.221)
		Round 1: -19.83 GGATTAAAATGT T:17.0(6.99%),B:1003.9(0.98%),P:1e-8
		Round 2: -26.31 GGATTAAAATGT T:22.0(8.96%),B:1272.9(1.24%),P:1e-11
		Round 3: -26.31 GGATTAAAATGT T:22.0(8.96%),B:1272.9(1.24%),P:1e-11
		=Final=: -25.56 GGATTAAAATGT T:17.0(7.23%),B:777.0(0.77%),P:1e-11
		Performing exhaustive masking of motif...
		Reprioritizing potential motifs...
	5 of 25 Initial Sequence: TTTAAAACTTTT... (-8.869)
		Round 1: -14.28 TTTAAAACTTTT T:7.0(2.94%),B:127.4(0.13%),P:1e-6
		Round 2: -16.95 TTTAWAACTTCW T:9.0(3.77%),B:210.3(0.21%),P:1e-7
		Round 3: -18.61 THTATAACTTCW T:19.0(7.78%),B:1422.7(1.39%),P:1e-8
		Round 4: -18.61 THTATAACTTCW T:19.0(7.78%),B:1422.7(1.39%),P:1e-8
		=Final=: -18.75 THTATAACTTCW T:18.0(7.66%),B:1385.0(1.38%),P:1e-8
		Performing exhaustive masking of motif...
		Reprioritizing potential motifs...
	Remaining seeds don't look promising (After initial 5 motifs, logp -8.145 > -8.371)

	Finalizing Enrichment Statistics (new in v3.4)
	Reading input files...
	100001 total sequences read
	Cache length = 11180
	Using binomial scoring
	Checking enrichment of 5 motif(s)
	|0%                                    50%                                  100%|
	=================================================================================
	Output in file: /workspace/gene_expression_predictions/outputs/annotation/homer/mid_vivo_blood/homerMotifs.motifs12

	(Motifs in homer2 format)
	Determining similar motifs...	17 reduced to 10 motifs
	Outputing HTML and sequence logos for motif comparison...
	Checking de novo motifs against known motifs...
	Formatting HTML page...
		1 of 10 (1e-10) similar to PB0079.1_Sry_1/Jaspar(0.642)
		2 of 10 (1e-10) similar to ZNF416(Zf)/HEK293-ZNF416.GFP-ChIP-Seq(GSE58341)/Homer(0.665)
		3 of 10 (1e-9) similar to ZNF189/MA1725.2/Jaspar(0.721)
		4 of 10 (1e-9) similar to Zac1(Zf)/Neuro2A-Plagl1-ChIP-Seq(GSE75942)/Homer(0.671)
		5 of 10 (1e-9) similar to Zscan4c(Zf)/ESC-Zscan4c-ChIP-seq(GSE140619)/Homer(0.726)
		6 of 10 (1e-8) similar to ZNF35/MA2333.1/Jaspar(0.729)
		7 of 10 (1e-5) similar to BCL11A/MA2324.1/Jaspar(0.787)
		8 of 10 (1e-5) similar to NFIC/MA0161.3/Jaspar(0.788)
		9 of 10 (1e-3) similar to Rhox11/MA0629.2/Jaspar(0.609)
		10 of 10 (1e-2) similar to PB0182.1_Srf_2/Jaspar(0.871)
	Job finished - if results look good, please send beer to ..

	Cleaning up tmp files...

