
	Position file = /workspace/gene_expression_predictions/outputs/annotation/homer/late_vitro_liver.bed
	Genome = hg38
	Output Directory = /workspace/gene_expression_predictions/outputs/annotation/homer/late_vitro_liver
	Fragment size set to 200
	Will use repeat masked sequences
	Using 8 CPUs
	Found mset for "human", will check against vertebrates motifs
	Peak/BED file conversion summary:
		BED/Header formatted lines: 690
		peakfile formatted lines: 0

	Peak File Statistics:
		Total Peaks: 690
		Redundant Peak IDs: 0
		Peaks lacking information: 0 (need at least 5 columns per peak)
		Peaks with misformatted coordinates: 0 (should be integer)
		Peaks with misformatted strand: 0 (should be either +/- or 0/1)

	Peak file looks good!

	Background files for 200 bp fragments found.
	Custom genome sequence directory: /workspace/.//data/genomes/hg38//

	Extracting sequences from file: /workspace/.//data/genomes/hg38///genome.fa
	Looking for peak sequences in a single file (/workspace/.//data/genomes/hg38///genome.fa)
	Extracting 348 sequences from chr8
	Extracting 342 sequences from chr9


!!!!!!!!!!!!!!!!!!!!!!!!!!!!!!!!!!!!!!!!!!!!!!!!!!!!!!!!!!!!!
	Potential Problem with Sequences (ignore if preparsing genome):
		316 of 690 removed because they had >70.00% Ns (i.e. masked repeats)
	Due to 	high repeat content, consider using a non-repeat masked genome


!!!!!!!!!!!!!!!!!!!!!!!!!!!!!!!!!!!!!!!!!!!!!!!!!!!!!!!!!!!!!

	Not removing redundant sequences


	Sequences processed:
		Auto detected maximum sequence length of 201 bp
		374 total

	Frequency Bins: 0.2 0.25 0.3 0.35 0.4 0.45 0.5 0.6 0.7 0.8
	Freq	Bin	Count
	0.2	0	4
	0.25	1	13
	0.3	2	39
	0.35	3	78
	0.4	4	78
	0.45	5	65
	0.5	6	34
	0.6	7	44
	0.7	8	18
	0.8	9	1
	Max distance to merge: direct overlap required (-d given)
	Calculating co-bound peaks relative to reference: /workspace/.//data/genomes/hg38//preparsed//hg38r.200.pos

	Comparing peaks: (peakfile, overlapping peaks, logRatio(obs/expected), logP)
		/workspace/gene_expression_predictions/outputs/annotation/homer/late_vitro_liver/target200.pos	80	-0.71	15.27

	Co-bound by 0 peaks: 1064585
	Co-bound by 1 peaks: 80 (max: 80 effective total)

	Total sequences set to 100000

	Choosing background that matches in CpG/GC content...
	Bin	# Targets	# Background	Background Weight
	0	4	1066	1.000
	1	13	3463	1.000
	2	39	10389	1.000
	3	78	20778	1.000
	4	78	20778	1.000
	5	65	17315	1.000
	6	34	9057	1.000
	7	44	11721	1.000
	8	18	4795	1.000
	9	1	266	1.001
	Assembling sequence file...
	Normalizing lower order oligos using homer2

	Reading input files...
	100002 total sequences read
	Autonormalization: 1-mers (4 total)
		A	30.02%	30.02%	1.000
		C	19.98%	19.98%	1.000
		G	19.98%	19.98%	1.000
		T	30.02%	30.02%	1.000
	Autonormalization: 2-mers (16 total)
		AA	10.11%	10.29%	0.983
		CA	7.04%	6.91%	1.019
		GA	6.02%	5.93%	1.014
		TA	6.86%	6.90%	0.995
		AC	4.86%	4.98%	0.975
		CC	5.01%	5.03%	0.995
		GC	4.10%	4.03%	1.017
		TC	6.02%	5.93%	1.014
		AG	6.97%	6.90%	1.010
		CG	0.94%	1.14%	0.831
		GG	5.01%	5.03%	0.995
		TG	7.04%	6.91%	1.019
		AT	8.08%	7.85%	1.029
		CT	6.97%	6.90%	1.010
		GT	4.86%	4.98%	0.975
		TT	10.11%	10.29%	0.983
	Autonormalization: 3-mers (64 total)
	Normalization weights can be found in file: /workspace/gene_expression_predictions/outputs/annotation/homer/late_vitro_liver/seq.autonorm.tsv
	Converging on autonormalization solution:
	...............................................................................
	Final normalization:	Autonormalization: 1-mers (4 total)
		A	30.02%	30.03%	1.000
		C	19.98%	19.97%	1.000
		G	19.98%	19.97%	1.000
		T	30.02%	30.03%	1.000
	Autonormalization: 2-mers (16 total)
		AA	10.11%	10.12%	0.999
		CA	7.04%	7.03%	1.001
		GA	6.02%	6.01%	1.001
		TA	6.86%	6.87%	0.999
		AC	4.86%	4.87%	0.997
		CC	5.01%	5.01%	1.000
		GC	4.10%	4.08%	1.004
		TC	6.02%	6.01%	1.001
		AG	6.97%	6.97%	1.000
		CG	0.94%	0.95%	0.989
		GG	5.01%	5.01%	1.000
		TG	7.04%	7.03%	1.001
		AT	8.08%	8.06%	1.003
		CT	6.97%	6.97%	1.000
		GT	4.86%	4.87%	0.997
		TT	10.11%	10.12%	0.999
	Autonormalization: 3-mers (64 total)
	Finished preparing sequence/group files

	----------------------------------------------------------
	Known motif enrichment

	Reading input files...
	100002 total sequences read
	472 motifs loaded
	Cache length = 11180
	Using binomial scoring
	Checking enrichment of 472 motif(s)
	|0%                                    50%                                  100%|
	=================================================================================
	Preparing HTML output with sequence logos...
		1 of 472 (1e-2) Pitx1:Ebox(Homeobox,bHLH)/Hindlimb-Pitx1-ChIP-Seq(GSE41591)/Homer
		2 of 472 (1e-2) IRF1(IRF)/PBMC-IRF1-ChIP-Seq(GSE43036)/Homer
	----------------------------------------------------------
	De novo motif finding (HOMER)

	Number of Trial motifs (-T) set to 8 (from 10) to work well with 8 CPUs
	Scanning input files...
	Parsing sequences...
	|0%                                   50%                                  100%|
	================================================================================
	Total number of Oligos: 32896
	Autoadjustment for sequence coverage in background: 0.99x

	Oligos: 32896 of 34497 max
	Tree  : 66908 of 172485 max
	Optimizing memory usage...
	Cache length = 11180
	Using binomial scoring

	Global Optimization Phase: Looking for enriched oligos with up to 2 mismatches...

	Screening oligos 32896 (allowing 0 mismatches):
	|0%                                   50%                                  100%|
	================================================================================
		36.26% skipped, 63.74% checked (20969 of 32896), of those checked:
		36.26% not in target, 0.00% increased p-value, 0.00% high p-value

	Screening oligos 32896 (allowing 1 mismatches):
	|0%                                   50%                                  100%|
	================================================================================
		36.26% skipped, 63.74% checked (20969 of 32896), of those checked:
		0.00% not in target, 25.13% increased p-value, 44.20% high p-value

	Screening oligos 32896 (allowing 2 mismatches):
	|0%                                   50%                                  100%|
	================================================================================
		87.25% skipped, 12.75% checked (4195 of 32896), of those checked:
		0.00% not in target, 12.32% increased p-value, 0.00% high p-value
	Reading input files...
	100002 total sequences read
	Cache length = 11180
	Using binomial scoring

	Local Optimization Phase:
	1 of 25 Initial Sequence: ATATATAT... (-25.135)
		Round 1: -25.13 ATATATAT T:41.0(10.40%),B:2775.2(2.78%),P:1e-10
		Round 2: -25.13 ATATATAT T:41.0(10.40%),B:2775.2(2.78%),P:1e-10
		=Final=: -1.14 ATATATAT T:7.0(1.87%),B:1478.2(1.48%),P:1e0
		Performing exhaustive masking of motif...
		Reprioritizing potential motifs...
	2 of 25 Initial Sequence: TCCAAGAG... (-12.026)
		Round 1: -17.98 TCCAAGAG T:115.0(26.50%),B:16270.4(15.23%),P:1e-7
		Round 2: -17.98 TCCAAGAG T:115.0(26.50%),B:16270.4(15.23%),P:1e-7
		=Final=: -20.77 TCCAAGAG T:101.0(27.01%),B:14819.4(14.86%),P:1e-9
		Performing exhaustive masking of motif...
		Reprioritizing potential motifs...
	3 of 25 Initial Sequence: TAAACTCT... (-9.230)
		Round 1: -10.60 TAAACTCT T:21.0(5.47%),B:1812.8(1.82%),P:1e-4
		Round 2: -15.74 GAAACTCG T:46.0(11.59%),B:4832.4(4.79%),P:1e-6
		Round 3: -15.74 GAAACTCG T:46.0(11.59%),B:4832.4(4.79%),P:1e-6
		=Final=: -17.44 GAAACTCG T:32.0(8.56%),B:2754.5(2.76%),P:1e-7
		Performing exhaustive masking of motif...
		Reprioritizing potential motifs...
	4 of 25 Initial Sequence: GGGACAGA... (-9.082)
		Round 1: -11.63 GGGACAGA T:21.0(5.47%),B:1684.7(1.70%),P:1e-5
		Round 2: -12.12 GGGACGCA T:36.0(9.19%),B:3902.5(3.89%),P:1e-5
		Round 3: -17.32 GGGACAKA T:25.0(6.47%),B:1647.5(1.66%),P:1e-7
		Round 4: -17.32 GGGACAKA T:25.0(6.47%),B:1647.5(1.66%),P:1e-7
		=Final=: -8.59 GGGACAKA T:17.0(4.55%),B:1630.7(1.64%),P:1e-3
		Performing exhaustive masking of motif...
		Reprioritizing potential motifs...
	5 of 25 Initial Sequence: CGGCCGGC... (-8.723)
		Round 1: -21.61 CGGCCGGC T:20.0(5.21%),B:795.3(0.80%),P:1e-9
		Round 2: -21.61 CGGCCGGC T:20.0(5.21%),B:795.3(0.80%),P:1e-9
		=Final=: -7.54 CGGCCGGC T:9.0(2.41%),B:602.5(0.60%),P:1e-3
		Performing exhaustive masking of motif...
		Reprioritizing potential motifs...
	Remaining seeds don't look promising (After initial 5 motifs, logp -8.511 > -8.573)

	Finalizing Enrichment Statistics (new in v3.4)
	Reading input files...
	100002 total sequences read
	Cache length = 11180
	Using binomial scoring
	Checking enrichment of 5 motif(s)
	|0%                                    50%                                  100%|
	=================================================================================
	Output in file: /workspace/gene_expression_predictions/outputs/annotation/homer/late_vitro_liver/homerMotifs.motifs8


	Number of Trial motifs (-T) set to 8 (from 10) to work well with 8 CPUs
	Scanning input files...
	Parsing sequences...
	|0%                                   50%                                  100%|
	================================================================================
	Total number of Oligos: 512339
	Autoadjustment for sequence coverage in background: 0.99x

	Oligos: 512339 of 551887 max
	Tree  : 1048396 of 2759435 max
	Optimizing memory usage...
	Cache length = 11180
	Using binomial scoring

	Global Optimization Phase: Looking for enriched oligos with up to 2 mismatches...

	Screening oligos 512339 (allowing 0 mismatches):
	|0%                                   50%                                  100%|
	================================================================================
		89.75% skipped, 10.25% checked (52509 of 512339), of those checked:
		89.75% not in target, 0.00% increased p-value, 0.00% high p-value

	Screening oligos 512339 (allowing 1 mismatches):
	|0%                                   50%                                  100%|
	================================================================================
		89.75% skipped, 10.25% checked (52509 of 512339), of those checked:
		0.00% not in target, 8.52% increased p-value, 2.19% high p-value

	Screening oligos 512339 (allowing 2 mismatches):
	|0%                                   50%                                  100%|
	================================================================================
		98.62% skipped, 1.38% checked (7051 of 512339), of those checked:
		0.00% not in target, 1.16% increased p-value, 0.00% high p-value
	Reading input files...
	100002 total sequences read
	Cache length = 11180
	Using binomial scoring

	Local Optimization Phase:
	1 of 25 Initial Sequence: CTATATATAT... (-28.030)
		Round 1: -37.85 CTATATATAT T:39.0(9.92%),B:1715.9(1.73%),P:1e-16
		Round 2: -38.94 YTATATATAT T:58.0(14.38%),B:3520.2(3.51%),P:1e-16
		Round 3: -38.94 YTATATATAT T:58.0(14.38%),B:3520.2(3.51%),P:1e-16
		=Final=: -2.56 YTATATATAT T:11.0(2.94%),B:1790.1(1.79%),P:1e-1
		Performing exhaustive masking of motif...
		Reprioritizing potential motifs...
	2 of 25 Initial Sequence: GGGACAGAGG... (-12.309)
		Round 1: -19.31 GGGACAGAGG T:14.0(3.68%),B:380.2(0.39%),P:1e-8
		Round 2: -19.31 GGGACAGAGG T:14.0(3.68%),B:380.2(0.39%),P:1e-8
		=Final=: -5.82 GGGACAGAGG T:6.0(1.60%),B:370.0(0.37%),P:1e-2
		Performing exhaustive masking of motif...
		Reprioritizing potential motifs...
	3 of 25 Initial Sequence: TGTCGACATC... (-11.844)
		Round 1: -16.44 TGTCGACATC T:4.0(1.07%),B:3.9(0.00%),P:1e-7
		Round 2: -18.02 TGTCGACAAR T:6.0(1.59%),B:20.2(0.02%),P:1e-7
		Round 3: -18.28 TGTCGACGAG T:6.0(1.59%),B:19.7(0.02%),P:1e-7
		Round 4: -18.28 TGTCGACGAG T:6.0(1.59%),B:19.7(0.02%),P:1e-7
		=Final=: -14.26 TGTCGACGAG T:4.0(1.07%),B:17.0(0.02%),P:1e-6
		Performing exhaustive masking of motif...
		Reprioritizing potential motifs...
	4 of 25 Initial Sequence: GTTATTGCTT... (-11.092)
		Round 1: -20.09 GTTATTGCTT T:18.0(4.70%),B:682.2(0.69%),P:1e-8
		Round 2: -20.09 GTTATTGCTT T:18.0(4.70%),B:682.2(0.69%),P:1e-8
		=Final=: -19.92 GTTATTGCTT T:15.0(4.01%),B:520.8(0.52%),P:1e-8
		Performing exhaustive masking of motif...
		Reprioritizing potential motifs...
	5 of 25 Initial Sequence: CTGCTTGGCC... (-10.838)
		Round 1: -22.55 CTGCTTGGCC T:17.0(4.45%),B:498.6(0.50%),P:1e-9
		Round 2: -22.55 CTGCTTGGCC T:17.0(4.45%),B:498.6(0.50%),P:1e-9
		=Final=: -20.79 CTGCTTGGCC T:15.0(4.01%),B:487.1(0.49%),P:1e-9
		Performing exhaustive masking of motif...
		Reprioritizing potential motifs...
	6 of 25 Initial Sequence: CACATAGCAG... (-10.260)
		Round 1: -19.18 CACATAGCAG T:17.0(4.45%),B:633.7(0.64%),P:1e-8
		Round 2: -19.24 CACATAGCAG T:15.0(3.94%),B:460.3(0.47%),P:1e-8
		Round 3: -19.74 CACATAGCAG T:16.0(4.19%),B:522.8(0.53%),P:1e-8
		Round 4: -26.24 CWCATAGCAG T:36.0(9.19%),B:2153.4(2.16%),P:1e-11
		Round 5: -26.24 CWCATAGCAG T:36.0(9.19%),B:2153.4(2.16%),P:1e-11
		=Final=: -26.70 CWCATAGCAG T:34.0(9.09%),B:2121.1(2.13%),P:1e-11
		Performing exhaustive masking of motif...
		Reprioritizing potential motifs...
	7 of 25 Initial Sequence: CACTCAGGAC... (-9.846)
		Round 1: -20.62 CACTCAGGAC T:30.0(7.72%),B:1869.1(1.88%),P:1e-8
		Round 2: -22.48 CACTCAGGAC T:28.0(7.22%),B:1596.8(1.61%),P:1e-9
		Round 3: -22.48 CACTCAGGAC T:28.0(7.22%),B:1596.8(1.61%),P:1e-9
		=Final=: -23.51 CACTCAGGAC T:26.0(6.95%),B:1416.2(1.42%),P:1e-10
		Performing exhaustive masking of motif...
		Reprioritizing potential motifs...
	8 of 25 Initial Sequence: TTTGCTTTGG... (-9.823)
		Round 1: -15.92 TTTGCTTTGG T:12.0(3.16%),B:343.9(0.35%),P:1e-6
		Round 2: -18.08 TTTGCTTKGA T:21.0(5.47%),B:1103.2(1.11%),P:1e-7
		Round 3: -18.08 TTTGCTTKGA T:21.0(5.47%),B:1103.2(1.11%),P:1e-7
		=Final=: -16.70 TTTGCTTKGA T:19.0(5.08%),B:1093.2(1.10%),P:1e-7
		Performing exhaustive masking of motif...
		Reprioritizing potential motifs...
	9 of 25 Initial Sequence: AAGAGTTTAT... (-9.643)
		Round 1: -19.08 AAGAGTTTAT T:25.0(6.47%),B:1498.7(1.51%),P:1e-8
		Round 2: -20.03 AAGAGTTTAT T:35.0(8.95%),B:2604.4(2.61%),P:1e-8
		Round 3: -20.03 AAGAGTTTAT T:35.0(8.95%),B:2604.4(2.61%),P:1e-8
		=Final=: -19.31 AAGAGTTTAT T:32.0(8.56%),B:2540.1(2.55%),P:1e-8
		Performing exhaustive masking of motif...
		Reprioritizing potential motifs...
	10 of 25 Initial Sequence: GCCGGCCCGC... (-9.079)
		Round 1: -9.18 GCCGGCCCGC T:4.0(1.07%),B:24.2(0.02%),P:1e-3
		Round 2: -12.90 GCCGRCCCTC T:6.0(1.59%),B:55.2(0.06%),P:1e-5
		Round 3: -13.89 GCCGGCCCKC T:6.0(1.59%),B:45.1(0.05%),P:1e-6
		Round 4: -13.89 GCCGGCCCKC T:6.0(1.59%),B:45.1(0.05%),P:1e-6
		=Final=: -14.07 GCCGGCCCKC T:5.0(1.34%),B:43.4(0.04%),P:1e-6
		Performing exhaustive masking of motif...
		Reprioritizing potential motifs...
	11 of 25 Initial Sequence: CATGTGAGAA... (-8.888)
		Round 1: -16.75 CATGTGAGAA T:39.0(9.92%),B:3637.5(3.63%),P:1e-7
		Round 2: -16.75 CATGTGAGAA T:39.0(9.92%),B:3637.5(3.63%),P:1e-7
		=Final=: -13.76 CATGTGAGAA T:35.0(9.36%),B:3757.1(3.77%),P:1e-5
		Performing exhaustive masking of motif...
		Reprioritizing potential motifs...
	Remaining seeds don't look promising (After initial 5 motifs, logp -8.383 > -8.573)

	Finalizing Enrichment Statistics (new in v3.4)
	Reading input files...
	100002 total sequences read
	Cache length = 11180
	Using binomial scoring
	Checking enrichment of 11 motif(s)
	|0%                                    50%                                  100%|
	=================================================================================
	Output in file: /workspace/gene_expression_predictions/outputs/annotation/homer/late_vitro_liver/homerMotifs.motifs10


	Number of Trial motifs (-T) set to 8 (from 10) to work well with 8 CPUs
	-blen automatically set to 2
	Scanning input files...
	Parsing sequences...
	|0%                                   50%                                  100%|
	================================================================================
	Total number of Oligos: 4791153
	Autoadjustment for sequence coverage in background: 0.99x

	Oligos: 4791153 of 8830118 max
	Tree  : 10557484 of 44150590 max
	Optimizing memory usage...
	Cache length = 11180
	Using binomial scoring

	Global Optimization Phase: Looking for enriched oligos with up to 2 mismatches...

	Screening oligos 4791153 (allowing 0 mismatches):
	|0%                                   50%                                  100%|
	================================================================================
		98.77% skipped, 1.23% checked (58859 of 4791153), of those checked:
		98.77% not in target, 0.00% increased p-value, 0.00% high p-value

	Screening oligos 4791153 (allowing 1 mismatches):
	|0%                                   50%                                  100%|
	================================================================================
		98.77% skipped, 1.23% checked (58859 of 4791153), of those checked:
		0.00% not in target, 1.21% increased p-value, 0.00% high p-value

	Screening oligos 4791153 (allowing 2 mismatches):
	|0%                                   50%                                  100%|
	================================================================================
		99.98% skipped, 0.02% checked (747 of 4791153), of those checked:
		0.00% not in target, 0.01% increased p-value, 0.00% high p-value
	Reading input files...
	100002 total sequences read
	Cache length = 11180
	Using binomial scoring

	Local Optimization Phase:
	1 of 25 Initial Sequence: TATATATGGAGC... (-35.903)
		Round 1: -35.90 TATATATGGAGC T:7.0(1.86%),B:3.6(0.00%),P:1e-15
		Round 2: -35.90 TATATATGGAGC T:7.0(1.86%),B:3.6(0.00%),P:1e-15
		=Final=: -5.07 TATATATGGAGC T:70.0(18.72%),B:13916.6(13.95%),P:1e-2
		Performing exhaustive masking of motif...
		Reprioritizing potential motifs...
	2 of 25 Initial Sequence: ATATATGGAGCA... (-32.681)
		Round 1: -10.35 ATATATGGAGCA T:27.0(6.97%),B:2825.0(2.83%),P:1e-4
		Round 2: -17.76 ATATWTGNAGCA T:43.0(10.87%),B:3978.7(3.96%),P:1e-7
		Round 3: -17.90 ATATWTGMAGSA T:47.0(11.82%),B:4631.1(4.60%),P:1e-7
		Round 4: -19.85 ATATTTGCAGBA T:48.0(12.06%),B:4491.0(4.46%),P:1e-8
		Round 5: -19.85 ATATTTGCAGBA T:48.0(12.06%),B:4491.0(4.46%),P:1e-8
		=Final=: -20.53 ATATTTGCAGBA T:45.0(12.03%),B:4349.5(4.36%),P:1e-8
		Performing exhaustive masking of motif...
		Reprioritizing potential motifs...
	3 of 25 Initial Sequence: TATGGAGCAATA... (-32.681)
		Round 1: -10.20 TATGGAGCAATA T:47.0(11.82%),B:6273.8(6.18%),P:1e-4
		Round 2: -10.20 TATGGAGCAATA T:47.0(11.82%),B:6273.8(6.18%),P:1e-4
		=Final=: -11.62 TATGGAGCAATA T:45.0(12.03%),B:5992.4(6.01%),P:1e-5
		Performing exhaustive masking of motif...
		Reprioritizing potential motifs...
	4 of 25 Initial Sequence: AAGGGACAGAGG... (-12.389)
		Round 1: -27.16 AAGGGACAGAGG T:9.0(2.38%),B:35.8(0.04%),P:1e-11
		Round 2: -27.16 AAGGGACAGAGG T:9.0(2.38%),B:35.8(0.04%),P:1e-11
		=Final=: -7.99 AAGGGACAGAGG T:3.0(0.80%),B:35.8(0.04%),P:1e-3
		Performing exhaustive masking of motif...
		Reprioritizing potential motifs...
	5 of 25 Initial Sequence: GGCCGCCGGCGG... (-12.034)
		Round 1: -23.67 GGCCGCCGGCGG T:9.0(2.38%),B:54.5(0.05%),P:1e-10
		Round 2: -26.74 GGCMGCVGGCGG T:16.0(4.19%),B:312.5(0.32%),P:1e-11
		Round 3: -31.77 GGCCGCSGGCGG T:13.0(3.42%),B:104.6(0.11%),P:1e-13
		Round 4: -31.77 GGCCGCSGGCGG T:13.0(3.42%),B:104.6(0.11%),P:1e-13
		=Final=: -15.12 GGCCGCSGGCGG T:6.0(1.60%),B:67.9(0.07%),P:1e-6
		Performing exhaustive masking of motif...
		Reprioritizing potential motifs...
	6 of 25 Initial Sequence: TAGATCTTAGCA... (-11.844)
		Round 1: -15.60 TWGATCYTRGCW T:6.0(1.59%),B:32.2(0.03%),P:1e-6
		Round 2: -16.86 TAGATCTTAGCA T:6.0(1.59%),B:25.1(0.03%),P:1e-7
		Round 3: -16.86 TAGATCTTAGCA T:6.0(1.59%),B:25.1(0.03%),P:1e-7
		=Final=: -12.74 TAGATCTTAGCA T:4.0(1.07%),B:25.1(0.03%),P:1e-5
		Performing exhaustive masking of motif...
		Reprioritizing potential motifs...
	7 of 25 Initial Sequence: GCTGAGCACTCT... (-11.844)
		Round 1: -16.31 GCTGAGCACTCT T:8.0(2.12%),B:92.9(0.09%),P:1e-7
		Round 2: -20.98 TCTGWGSACACT T:18.0(4.70%),B:642.8(0.65%),P:1e-9
		Round 3: -30.36 KCTGAGGACACC T:21.0(5.47%),B:541.4(0.55%),P:1e-13
		Round 4: -30.36 KCTGAGGACACC T:21.0(5.47%),B:541.4(0.55%),P:1e-13
		=Final=: -33.50 KCTGAGGACACC T:21.0(5.61%),B:525.0(0.53%),P:1e-14
		Performing exhaustive masking of motif...
		Reprioritizing potential motifs...
	8 of 25 Initial Sequence: AGCTGGATGTCC... (-11.844)
		Round 1: -11.84 AGCTGGATGTCC T:3.0(0.80%),B:1.7(0.00%),P:1e-5
		Round 2: -11.84 AGCTGGATGTCC T:3.0(0.80%),B:1.7(0.00%),P:1e-5
		=Final=: -5.59 AGCTGGATGTCC T:1.0(0.27%),B:1.7(0.00%),P:1e-2
		Performing exhaustive masking of motif...
		Reprioritizing potential motifs...
	9 of 25 Initial Sequence: AATGTAATGTCA... (-10.549)
		Round 1: -23.56 AATGTAATGTCA T:25.0(6.47%),B:1188.9(1.20%),P:1e-10
		Round 2: -23.86 AATGTAATGTCA T:22.0(5.72%),B:872.6(0.88%),P:1e-10
		Round 3: -23.86 AATGTAATGTCA T:22.0(5.72%),B:872.6(0.88%),P:1e-10
		=Final=: -24.21 AATGTAATGTCA T:21.0(5.61%),B:863.7(0.87%),P:1e-10
		Performing exhaustive masking of motif...
		Reprioritizing potential motifs...
	10 of 25 Initial Sequence: ACTAAACTCTCT... (-9.560)
		Round 1: -16.66 ACTAAACTCTCT T:6.0(1.59%),B:26.2(0.03%),P:1e-7
		Round 2: -16.66 ACTAAACTCTCT T:6.0(1.59%),B:26.2(0.03%),P:1e-7
		=Final=: -16.53 ACTAAACTCTCT T:5.0(1.34%),B:26.2(0.03%),P:1e-7
		Performing exhaustive masking of motif...
		Reprioritizing potential motifs...
	11 of 25 Initial Sequence: TATGTCCCCACT... (-9.041)
		Round 1: -19.84 YATRTCCCCACT T:8.0(2.12%),B:55.6(0.06%),P:1e-8
		Round 2: -19.84 YATRTCCCCACT T:8.0(2.12%),B:55.6(0.06%),P:1e-8
		=Final=: -23.49 YATRTCCCCACT T:8.0(2.14%),B:55.6(0.06%),P:1e-10
		Performing exhaustive masking of motif...
		Reprioritizing potential motifs...
	Remaining seeds don't look promising (After initial 5 motifs, logp -8.107 > -8.573)

	Finalizing Enrichment Statistics (new in v3.4)
	Reading input files...
	100002 total sequences read
	Cache length = 11180
	Using binomial scoring
	Checking enrichment of 11 motif(s)
	|0%                                    50%                                  100%|
	=================================================================================
	Output in file: /workspace/gene_expression_predictions/outputs/annotation/homer/late_vitro_liver/homerMotifs.motifs12

	(Motifs in homer2 format)
	Determining similar motifs...	27 reduced to 18 motifs
	Outputing HTML and sequence logos for motif comparison...
	Checking de novo motifs against known motifs...
	Formatting HTML page...
		1 of 18 (1e-14) similar to Plagl1/MA1615.2/Jaspar(0.624)
		2 of 18 (1e-11) similar to PB0119.1_Foxa2_2/Jaspar(0.660)
		3 of 18 (1e-10) similar to PB0169.1_Sox15_2/Jaspar(0.704)
		4 of 18 (1e-10) similar to NFYA/MA0060.4/Jaspar(0.683)
		5 of 18 (1e-10) similar to MZF1/MA0056.3/Jaspar(0.728)
		6 of 18 (1e-9) similar to NFY(CCAAT)/Promoter/Homer(0.704)
		7 of 18 (1e-9) similar to Stat5a/MA1624.2/Jaspar(0.726)
		8 of 18 (1e-9) similar to PB0002.1_Arid5a_1/Jaspar(0.592)
		9 of 18 (1e-8) similar to ZNF652/MA1657.2/Jaspar(0.777)
		10 of 18 (1e-8) similar to Hoxd13/MA0909.4/Jaspar(0.756)
		11 of 18 (1e-6) similar to MXI1/MA1108.3/Jaspar(0.734)
		12 of 18 (1e-6) similar to TFAP2B/MA0812.2/Jaspar(0.676)
		13 of 18 (1e-6) similar to ZBTB38(Zf)/Hela-ZBTB38-ChIP-seq(GSE108618)/Homer(0.674)
		14 of 18 (1e-6) similar to ZBED4/MA2328.1/Jaspar(0.667)
		15 of 18 (1e-5) similar to PB0125.1_Gata3_2/Jaspar(0.682)
		16 of 18 (1e-3) similar to Pparg::Rxra/MA0065.3/Jaspar(0.697)
		17 of 18 (1e-2) similar to SPDEF/MA0686.2/Jaspar(0.675)
		18 of 18 (1e-1) similar to PB0080.1_Tbp_1/Jaspar(0.839)
	Job finished - if results look good, please send beer to ..

	Cleaning up tmp files...

