
	Position file = /workspace/gene_expression_predictions/outputs/annotation/homer/late_vitro_blood.bed
	Genome = hg38
	Output Directory = /workspace/gene_expression_predictions/outputs/annotation/homer/late_vitro_blood
	Fragment size set to 200
	Will use repeat masked sequences
	Using 8 CPUs
	Found mset for "human", will check against vertebrates motifs
	Peak/BED file conversion summary:
		BED/Header formatted lines: 765
		peakfile formatted lines: 0

	Peak File Statistics:
		Total Peaks: 765
		Redundant Peak IDs: 0
		Peaks lacking information: 0 (need at least 5 columns per peak)
		Peaks with misformatted coordinates: 0 (should be integer)
		Peaks with misformatted strand: 0 (should be either +/- or 0/1)

	Peak file looks good!

	Background files for 200 bp fragments found.
	Custom genome sequence directory: /workspace/.//data/genomes/hg38//

	Extracting sequences from file: /workspace/.//data/genomes/hg38///genome.fa
	Looking for peak sequences in a single file (/workspace/.//data/genomes/hg38///genome.fa)
	Extracting 392 sequences from chr8
	Extracting 373 sequences from chr9


!!!!!!!!!!!!!!!!!!!!!!!!!!!!!!!!!!!!!!!!!!!!!!!!!!!!!!!!!!!!!
	Potential Problem with Sequences (ignore if preparsing genome):
		366 of 765 removed because they had >70.00% Ns (i.e. masked repeats)
	Due to 	high repeat content, consider using a non-repeat masked genome


!!!!!!!!!!!!!!!!!!!!!!!!!!!!!!!!!!!!!!!!!!!!!!!!!!!!!!!!!!!!!

	Not removing redundant sequences


	Sequences processed:
		Auto detected maximum sequence length of 201 bp
		399 total

	Frequency Bins: 0.2 0.25 0.3 0.35 0.4 0.45 0.5 0.6 0.7 0.8
	Freq	Bin	Count
	0.2	0	1
	0.25	1	5
	0.3	2	50
	0.35	3	73
	0.4	4	89
	0.45	5	74
	0.5	6	56
	0.6	7	33
	0.7	8	13
	0.8	9	5
	Max distance to merge: direct overlap required (-d given)
	Calculating co-bound peaks relative to reference: /workspace/.//data/genomes/hg38//preparsed//hg38r.200.pos

	Comparing peaks: (peakfile, overlapping peaks, logRatio(obs/expected), logP)
		/workspace/gene_expression_predictions/outputs/annotation/homer/late_vitro_blood/target200.pos	85	-0.61	13.65

	Co-bound by 0 peaks: 1064580
	Co-bound by 1 peaks: 85 (max: 85 effective total)

	Total sequences set to 100000

	Choosing background that matches in CpG/GC content...
	Bin	# Targets	# Background	Background Weight
	0	1	250	0.999
	1	5	1248	1.000
	2	50	12481	1.000
	3	73	18223	1.000
	4	89	22217	1.000
	5	74	18472	1.000
	6	56	13979	1.000
	7	33	8238	1.000
	8	13	3245	1.000
	9	5	1248	1.000
	Assembling sequence file...
	Normalizing lower order oligos using homer2

	Reading input files...
	100000 total sequences read
	Autonormalization: 1-mers (4 total)
		A	29.97%	29.87%	1.003
		C	20.03%	20.13%	0.995
		G	20.03%	20.13%	0.995
		T	29.97%	29.87%	1.003
	Autonormalization: 2-mers (16 total)
		AA	10.05%	10.18%	0.988
		CA	7.13%	6.95%	1.026
		GA	6.12%	6.00%	1.020
		TA	6.66%	6.76%	0.985
		AC	4.92%	5.01%	0.982
		CC	4.99%	5.04%	0.990
		GC	3.97%	4.06%	0.977
		TC	6.12%	6.00%	1.020
		AG	6.98%	6.96%	1.002
		CG	0.92%	1.16%	0.791
		GG	4.99%	5.04%	0.990
		TG	7.13%	6.95%	1.026
		AT	8.06%	7.73%	1.043
		CT	6.98%	6.96%	1.002
		GT	4.92%	5.01%	0.982
		TT	10.05%	10.18%	0.988
	Autonormalization: 3-mers (64 total)
	Normalization weights can be found in file: /workspace/gene_expression_predictions/outputs/annotation/homer/late_vitro_blood/seq.autonorm.tsv
	Converging on autonormalization solution:
	...............................................................................
	Final normalization:	Autonormalization: 1-mers (4 total)
		A	29.97%	29.98%	1.000
		C	20.03%	20.02%	1.001
		G	20.03%	20.02%	1.001
		T	29.97%	29.98%	1.000
	Autonormalization: 2-mers (16 total)
		AA	10.05%	10.06%	0.999
		CA	7.13%	7.12%	1.002
		GA	6.12%	6.12%	1.000
		TA	6.66%	6.69%	0.995
		AC	4.92%	4.93%	0.998
		CC	4.99%	5.00%	1.000
		GC	3.97%	3.97%	1.001
		TC	6.12%	6.12%	1.000
		AG	6.98%	6.98%	1.000
		CG	0.92%	0.92%	0.992
		GG	4.99%	5.00%	1.000
		TG	7.13%	7.12%	1.002
		AT	8.06%	8.01%	1.007
		CT	6.98%	6.98%	1.000
		GT	4.92%	4.93%	0.998
		TT	10.05%	10.06%	0.999
	Autonormalization: 3-mers (64 total)
	Finished preparing sequence/group files

	----------------------------------------------------------
	Known motif enrichment

	Reading input files...
	100000 total sequences read
	472 motifs loaded
	Cache length = 11180
	Using binomial scoring
	Checking enrichment of 472 motif(s)
	|0%                                    50%                                  100%|
	=================================================================================
	Preparing HTML output with sequence logos...
		1 of 472 (1e-3) Tcfcp2l1(CP2)/mES-Tcfcp2l1-ChIP-Seq(GSE11431)/Homer
		2 of 472 (1e-2) KLF10(Zf)/HEK293-KLF10.GFP-ChIP-Seq(GSE58341)/Homer
		3 of 472 (1e-2) PAX5(Paired,Homeobox)/GM12878-PAX5-ChIP-Seq(GSE32465)/Homer
	----------------------------------------------------------
	De novo motif finding (HOMER)

	Number of Trial motifs (-T) set to 8 (from 10) to work well with 8 CPUs
	Scanning input files...
	Parsing sequences...
	|0%                                   50%                                  100%|
	===============================================================================
	Total number of Oligos: 32896
	Autoadjustment for sequence coverage in background: 0.99x

	Oligos: 32896 of 34497 max
	Tree  : 66976 of 172485 max
	Optimizing memory usage...
	Cache length = 11180
	Using binomial scoring

	Global Optimization Phase: Looking for enriched oligos with up to 2 mismatches...

	Screening oligos 32896 (allowing 0 mismatches):
	|0%                                   50%                                  100%|
	================================================================================
		34.62% skipped, 65.38% checked (21506 of 32896), of those checked:
		34.62% not in target, 0.00% increased p-value, 0.00% high p-value

	Screening oligos 32896 (allowing 1 mismatches):
	|0%                                   50%                                  100%|
	================================================================================
		34.62% skipped, 65.38% checked (21506 of 32896), of those checked:
		0.00% not in target, 24.69% increased p-value, 45.55% high p-value

	Screening oligos 32896 (allowing 2 mismatches):
	|0%                                   50%                                  100%|
	================================================================================
		87.04% skipped, 12.96% checked (4263 of 32896), of those checked:
		0.00% not in target, 12.24% increased p-value, 0.00% high p-value
	Reading input files...
	100000 total sequences read
	Cache length = 11180
	Using binomial scoring

	Local Optimization Phase:
	1 of 25 Initial Sequence: GTGTGTGT... (-11.483)
		Round 1: -14.09 GTGTGTGT T:58.0(13.54%),B:6834.3(6.68%),P:1e-6
		Round 2: -14.09 GTGTGTGT T:58.0(13.54%),B:6834.3(6.68%),P:1e-6
		=Final=: -4.54 GTGTGTGT T:14.0(3.51%),B:1730.3(1.73%),P:1e-1
		Performing exhaustive masking of motif...
		Reprioritizing potential motifs...
	2 of 25 Initial Sequence: CATTAGCT... (-8.805)
		Round 1: -15.90 CATTAGCT T:41.0(9.78%),B:3854.7(3.82%),P:1e-6
		Round 2: -15.90 CATTAGCT T:41.0(9.78%),B:3854.7(3.82%),P:1e-6
		=Final=: -13.51 CATTAGCT T:36.0(9.02%),B:3730.7(3.72%),P:1e-5
		Performing exhaustive masking of motif...
		Reprioritizing potential motifs...
	3 of 25 Initial Sequence: CCCAGGAG... (-8.523)
		Round 1: -20.46 CCCAGGAG T:117.0(25.44%),B:14851.6(13.94%),P:1e-8
		Round 2: -20.46 CCCAGGAG T:117.0(25.44%),B:14851.6(13.94%),P:1e-8
		=Final=: -15.08 CCCAGGAG T:81.0(20.30%),B:11509.8(11.49%),P:1e-6
		Performing exhaustive masking of motif...
		Reprioritizing potential motifs...
	4 of 25 Initial Sequence: ACCGGTCC... (-8.616)
		Round 1: -18.52 ACCGGTCC T:22.0(5.37%),B:1115.6(1.12%),P:1e-8
		Round 2: -18.52 ACCGGTCC T:22.0(5.37%),B:1115.6(1.12%),P:1e-8
		=Final=: -10.03 ACCGGTCC T:15.0(3.76%),B:1091.2(1.09%),P:1e-4
		Performing exhaustive masking of motif...
		Reprioritizing potential motifs...
	5 of 25 Initial Sequence: CTTTGTAG... (-8.382)
		Round 1: -17.06 CTTTGTAG T:65.0(15.05%),B:7293.9(7.11%),P:1e-7
		Round 2: -17.06 CTTTGTAG T:65.0(15.05%),B:7293.9(7.11%),P:1e-7
		=Final=: -14.58 CTTTGTAG T:60.0(15.04%),B:7660.8(7.65%),P:1e-6
		Performing exhaustive masking of motif...
		Reprioritizing potential motifs...
	Remaining seeds don't look promising (After initial 5 motifs, logp -7.913 > -8.601)

	Finalizing Enrichment Statistics (new in v3.4)
	Reading input files...
	100000 total sequences read
	Cache length = 11180
	Using binomial scoring
	Checking enrichment of 5 motif(s)
	|0%                                    50%                                  100%|
	=================================================================================
	Output in file: /workspace/gene_expression_predictions/outputs/annotation/homer/late_vitro_blood/homerMotifs.motifs8


	Number of Trial motifs (-T) set to 8 (from 10) to work well with 8 CPUs
	Scanning input files...
	Parsing sequences...
	|0%                                   50%                                  100%|
	===============================================================================
	Total number of Oligos: 512826
	Autoadjustment for sequence coverage in background: 0.99x

	Oligos: 512826 of 551887 max
	Tree  : 1050244 of 2759435 max
	Optimizing memory usage...
	Cache length = 11180
	Using binomial scoring

	Global Optimization Phase: Looking for enriched oligos with up to 2 mismatches...

	Screening oligos 512826 (allowing 0 mismatches):
	|0%                                   50%                                  100%|
	================================================================================
		89.02% skipped, 10.98% checked (56314 of 512826), of those checked:
		89.02% not in target, 0.00% increased p-value, 0.00% high p-value

	Screening oligos 512826 (allowing 1 mismatches):
	|0%                                   50%                                  100%|
	================================================================================
		89.02% skipped, 10.98% checked (56314 of 512826), of those checked:
		0.00% not in target, 9.09% increased p-value, 2.66% high p-value

	Screening oligos 512826 (allowing 2 mismatches):
	|0%                                   50%                                  100%|
	================================================================================
		98.50% skipped, 1.50% checked (7692 of 512826), of those checked:
		0.00% not in target, 1.28% increased p-value, 0.00% high p-value
	Reading input files...
	100000 total sequences read
	Cache length = 11180
	Using binomial scoring

	Local Optimization Phase:
	1 of 25 Initial Sequence: ACCGGTCCTC... (-16.281)
		Round 1: -23.56 ACCGGTCCTC T:11.0(2.72%),B:113.7(0.11%),P:1e-10
		Round 2: -24.21 ACCRGTCCTC T:24.0(5.84%),B:985.3(0.99%),P:1e-10
		Round 3: -24.66 ACCGGTCYTC T:22.0(5.37%),B:785.1(0.79%),P:1e-10
		Round 4: -24.66 ACCGGTCYTC T:22.0(5.37%),B:785.1(0.79%),P:1e-10
		=Final=: -12.34 ACCGGTCYTC T:14.0(3.51%),B:781.0(0.78%),P:1e-5
		Performing exhaustive masking of motif...
		Reprioritizing potential motifs...
	2 of 25 Initial Sequence: CACACACATA... (-13.169)
		Round 1: -20.75 CACACACATA T:32.0(7.72%),B:1989.4(1.99%),P:1e-9
		Round 2: -22.26 CACACACACA T:85.0(19.21%),B:9191.5(8.88%),P:1e-9
		Round 3: -27.79 YACACAHAMW T:97.0(21.61%),B:9964.2(9.59%),P:1e-12
		Round 4: -27.79 YACACAHAMW T:97.0(21.61%),B:9964.2(9.59%),P:1e-12
		=Final=: -6.43 YACACAHAMW T:60.0(15.04%),B:10229.2(10.21%),P:1e-2
		Performing exhaustive masking of motif...
		Reprioritizing potential motifs...
	3 of 25 Initial Sequence: CTGTCCACTG... (-10.247)
		Round 1: -12.44 CTGTCCACTG T:26.0(6.32%),B:2195.4(2.20%),P:1e-5
		Round 2: -15.92 CTGTCCACTG T:25.0(6.08%),B:1673.5(1.68%),P:1e-6
		Round 3: -16.58 CTGTCCACTG T:29.0(7.02%),B:2132.7(2.13%),P:1e-7
		Round 4: -16.58 CTGTCCACTG T:29.0(7.02%),B:2132.7(2.13%),P:1e-7
		=Final=: -16.60 CTGTCCACTG T:29.0(7.27%),B:2270.0(2.27%),P:1e-7
		Performing exhaustive masking of motif...
		Reprioritizing potential motifs...
	4 of 25 Initial Sequence: AACTGTTGAC... (-9.539)
		Round 1: -17.00 AACTGTTGAC T:15.0(3.69%),B:519.1(0.52%),P:1e-7
		Round 2: -17.00 AACTGTTGAC T:15.0(3.69%),B:519.1(0.52%),P:1e-7
		=Final=: -19.26 AACTGTTGAC T:14.0(3.51%),B:436.8(0.44%),P:1e-8
		Performing exhaustive masking of motif...
		Reprioritizing potential motifs...
	5 of 25 Initial Sequence: TGAGTGAAAA... (-9.288)
		Round 1: -17.31 TGAGTGAAAA T:26.0(6.32%),B:1672.4(1.68%),P:1e-7
		Round 2: -20.08 TGAGTGAAAA T:37.0(8.87%),B:2710.7(2.70%),P:1e-8
		Round 3: -20.57 TRAGTGAAAA T:39.0(9.32%),B:2934.2(2.92%),P:1e-8
		Round 4: -20.57 TRAGTGAAAA T:39.0(9.32%),B:2934.2(2.92%),P:1e-8
		=Final=: -22.32 TRAGTGAAAA T:38.0(9.52%),B:2877.8(2.87%),P:1e-9
		Performing exhaustive masking of motif...
		Reprioritizing potential motifs...
	6 of 25 Initial Sequence: AAAGGCTATG... (-8.755)
		Round 1: -16.83 AAAGGCTATG T:17.0(4.18%),B:707.6(0.71%),P:1e-7
		Round 2: -16.83 AAAGGCTATG T:17.0(4.18%),B:707.6(0.71%),P:1e-7
		=Final=: -19.08 AAAGGCTATG T:17.0(4.26%),B:694.0(0.69%),P:1e-8
		Performing exhaustive masking of motif...
		Reprioritizing potential motifs...
	Remaining seeds don't look promising (After initial 5 motifs, logp -8.349 > -8.601)

	Finalizing Enrichment Statistics (new in v3.4)
	Reading input files...
	100000 total sequences read
	Cache length = 11180
	Using binomial scoring
	Checking enrichment of 6 motif(s)
	|0%                                    50%                                  100%|
	=================================================================================
	Output in file: /workspace/gene_expression_predictions/outputs/annotation/homer/late_vitro_blood/homerMotifs.motifs10


	Number of Trial motifs (-T) set to 8 (from 10) to work well with 8 CPUs
	-blen automatically set to 2
	Scanning input files...
	Parsing sequences...
	|0%                                   50%                                  100%|
	===============================================================================
	Total number of Oligos: 4807561
	Autoadjustment for sequence coverage in background: 0.99x

	Oligos: 4807561 of 8830118 max
	Tree  : 10590800 of 44150590 max
	Optimizing memory usage...
	Cache length = 11180
	Using binomial scoring

	Global Optimization Phase: Looking for enriched oligos with up to 2 mismatches...

	Screening oligos 4807561 (allowing 0 mismatches):
	|0%                                   50%                                  100%|
	================================================================================
		98.69% skipped, 1.31% checked (63100 of 4807561), of those checked:
		98.69% not in target, 0.00% increased p-value, 0.00% high p-value

	Screening oligos 4807561 (allowing 1 mismatches):
	|0%                                   50%                                  100%|
	================================================================================
		98.69% skipped, 1.31% checked (63100 of 4807561), of those checked:
		0.00% not in target, 1.30% increased p-value, 0.00% high p-value

	Screening oligos 4807561 (allowing 2 mismatches):
	|0%                                   50%                                  100%|
	================================================================================
		99.98% skipped, 0.02% checked (744 of 4807561), of those checked:
		0.00% not in target, 0.01% increased p-value, 0.00% high p-value
	Reading input files...
	100000 total sequences read
	Cache length = 11180
	Using binomial scoring

	Local Optimization Phase:
	1 of 25 Initial Sequence: GCATCCTACACA... (-17.863)
		Round 1: -27.39 GCATCCTACACA T:8.0(1.99%),B:18.0(0.02%),P:1e-11
		Round 2: -27.39 GCATCCTACACA T:8.0(1.99%),B:18.0(0.02%),P:1e-11
		=Final=: -9.76 GCATCCTACACA T:3.0(0.75%),B:18.0(0.02%),P:1e-4
		Performing exhaustive masking of motif...
		Reprioritizing potential motifs...
	2 of 25 Initial Sequence: AACTACACACAC... (-17.022)
		Round 1: -28.96 AACTACACACAC T:7.0(1.74%),B:7.6(0.01%),P:1e-12
		Round 2: -28.96 AACTACACACAC T:7.0(1.74%),B:7.6(0.01%),P:1e-12
		=Final=: -4.85 AACTACACACAC T:3.0(0.75%),B:100.7(0.10%),P:1e-2
		Performing exhaustive masking of motif...
		Reprioritizing potential motifs...
	3 of 25 Initial Sequence: ACCGGTCCTCCC... (-16.363)
		Round 1: -26.89 ACCGGTCCTCCC T:6.0(1.49%),B:4.1(0.00%),P:1e-11
		Round 2: -26.89 ACCGGTCCTCCC T:6.0(1.49%),B:4.1(0.00%),P:1e-11
		=Final=: -5.53 ACCGGTCCTCCC T:1.0(0.25%),B:0.0(0.00%),P:1e-2
		Performing exhaustive masking of motif...
		Reprioritizing potential motifs...
	4 of 25 Initial Sequence: CCACCTGTCCTC... (-12.979)
		Round 1: -17.15 CCACCTGTCCTC T:11.0(2.72%),B:222.2(0.22%),P:1e-7
		Round 2: -24.82 CCACCGGTCCTC T:7.0(1.74%),B:13.9(0.01%),P:1e-10
		Round 3: -25.91 CCACCKGTCCTC T:7.0(1.74%),B:11.4(0.01%),P:1e-11
		Round 4: -25.91 CCACCKGTCCTC T:7.0(1.74%),B:11.4(0.01%),P:1e-11
		=Final=: -6.98 CCACCKGTCCTC T:2.0(0.50%),B:11.4(0.01%),P:1e-3
		Performing exhaustive masking of motif...
		Reprioritizing potential motifs...
	5 of 25 Initial Sequence: ACCCACCATATC... (-11.944)
		Round 1: -20.42 ACCCACCATATC T:6.0(1.49%),B:12.3(0.01%),P:1e-8
		Round 2: -20.42 ACCCACCATATC T:6.0(1.49%),B:12.3(0.01%),P:1e-8
		=Final=: -15.39 ACCCACCATATC T:4.0(1.00%),B:12.3(0.01%),P:1e-6
		Performing exhaustive masking of motif...
		Reprioritizing potential motifs...
	6 of 25 Initial Sequence: CATTAGCTCTAT... (-11.723)
		Round 1: -15.49 CATTAGCTBTAT T:10.0(2.48%),B:202.1(0.20%),P:1e-6
		Round 2: -19.65 CATTAGCTGCAT T:22.0(5.37%),B:1042.4(1.05%),P:1e-8
		Round 3: -22.37 CATTAGCTGTAT T:13.0(3.21%),B:221.6(0.22%),P:1e-9
		Round 4: -22.37 CATTAGCTGTAT T:13.0(3.21%),B:221.6(0.22%),P:1e-9
		=Final=: -25.25 CATTAGCTGTAT T:13.0(3.26%),B:220.9(0.22%),P:1e-10
		Performing exhaustive masking of motif...
		Reprioritizing potential motifs...
	7 of 25 Initial Sequence: ATGTCCTTAAAT... (-10.339)
		Round 1: -15.74 ATGTCCTTAAAT T:10.0(2.48%),B:196.5(0.20%),P:1e-6
		Round 2: -15.74 ATGTCCTTAAAT T:10.0(2.48%),B:196.5(0.20%),P:1e-6
		=Final=: -18.43 ATGTCCTTAAAT T:10.0(2.51%),B:195.3(0.19%),P:1e-8
		Performing exhaustive masking of motif...
		Reprioritizing potential motifs...
	8 of 25 Initial Sequence: GTCACATGTTCA... (-9.968)
		Round 1: -17.98 GTCACATGTTCA T:6.0(1.49%),B:19.8(0.02%),P:1e-7
		Round 2: -20.02 GATACATGDCCA T:12.0(2.97%),B:216.0(0.22%),P:1e-8
		Round 3: -20.02 GATACATGDCCA T:12.0(2.97%),B:216.0(0.22%),P:1e-8
		=Final=: -20.11 GATACATGDCCA T:11.0(2.76%),B:216.0(0.22%),P:1e-8
		Performing exhaustive masking of motif...
		Reprioritizing potential motifs...
	9 of 25 Initial Sequence: ATAGGTTAAATA... (-9.357)
		Round 1: -22.41 ATAGGTTAAATA T:7.0(1.74%),B:19.5(0.02%),P:1e-9
		Round 2: -22.41 ATAGGTTAAATA T:7.0(1.74%),B:19.5(0.02%),P:1e-9
		=Final=: -26.71 ATAGGTTAAATA T:7.0(1.75%),B:19.5(0.02%),P:1e-11
		Performing exhaustive masking of motif...
		Reprioritizing potential motifs...
	10 of 25 Initial Sequence: TTCACAGCAGAG... (-9.357)
		Round 1: -19.59 TTCACAGCAGAG T:7.0(1.74%),B:30.3(0.03%),P:1e-8
		Round 2: -19.59 TTCACAGCAGAG T:7.0(1.74%),B:30.3(0.03%),P:1e-8
		=Final=: -23.55 TTCACAGCAGAG T:7.0(1.75%),B:30.3(0.03%),P:1e-10
		Performing exhaustive masking of motif...
		Reprioritizing potential motifs...
	11 of 25 Initial Sequence: CCCACTCCTCCG... (-8.994)
		Round 1: -22.63 CCCACTCCTCCG T:13.0(3.21%),B:216.9(0.22%),P:1e-9
		Round 2: -25.02 CCCACTCCTCCG T:13.0(3.21%),B:175.7(0.18%),P:1e-10
		Round 3: -25.02 CCCACTCCTCCG T:13.0(3.21%),B:175.7(0.18%),P:1e-10
		=Final=: -20.05 CCCACTCCTCCG T:10.0(2.51%),B:164.5(0.16%),P:1e-8
		Performing exhaustive masking of motif...
		Reprioritizing potential motifs...
	Remaining seeds don't look promising (After initial 5 motifs, logp -8.515 > -8.601)

	Finalizing Enrichment Statistics (new in v3.4)
	Reading input files...
	100000 total sequences read
	Cache length = 11180
	Using binomial scoring
	Checking enrichment of 11 motif(s)
	|0%                                    50%                                  100%|
	=================================================================================
	Output in file: /workspace/gene_expression_predictions/outputs/annotation/homer/late_vitro_blood/homerMotifs.motifs12

	(Motifs in homer2 format)
	Determining similar motifs...	22 reduced to 16 motifs
	Outputing HTML and sequence logos for motif comparison...
	Checking de novo motifs against known motifs...
	Formatting HTML page...
		1 of 16 (1e-11) similar to ZNF652/HepG2-ZNF652.Flag-ChIP-Seq(Encode)/Homer(0.671)
		2 of 16 (1e-10) similar to Isl1/MA1608.2/Jaspar(0.660)
		3 of 16 (1e-10) similar to ZNF317/MA1593.2/Jaspar(0.777)
		4 of 16 (1e-9) similar to Nfatc1/MA0624.3/Jaspar(0.671)
		5 of 16 (1e-8) similar to DMRTA1/MA1707.2/Jaspar(0.665)
		6 of 16 (1e-8) similar to PB0114.1_Egr1_2/Jaspar(0.766)
		7 of 16 (1e-8) similar to SD0003.1_at_AC_acceptor/Jaspar(0.733)
		8 of 16 (1e-8) similar to Foxo1(Forkhead)/RAW-Foxo1-ChIP-Seq(Fan_et_al.)/Homer(0.754)
		9 of 16 (1e-8) similar to SD0003.1_at_AC_acceptor/Jaspar(0.721)
		10 of 16 (1e-7) similar to BCL11A/MA2324.1/Jaspar(0.744)
		11 of 16 (1e-6) similar to PB0025.1_Glis2_1/Jaspar(0.712)
		12 of 16 (1e-6) similar to Ebf4/MA2122.1/Jaspar(0.759)
		13 of 16 (1e-6) similar to SOX10/MA0442.3/Jaspar(0.861)
		14 of 16 (1e-5) similar to Znf263(Zf)/K562-Znf263-ChIP-Seq(GSE31477)/Homer(0.611)
		15 of 16 (1e-4) similar to PB0181.1_Spdef_2/Jaspar(0.634)
		16 of 16 (1e-2) similar to PB0208.1_Zscan4_2/Jaspar(0.714)
	Job finished - if results look good, please send beer to ..

	Cleaning up tmp files...

