
	Position file = /workspace/gene_expression_predictions/outputs/annotation/homer/late_vivo_lymph.bed
	Genome = hg38
	Output Directory = /workspace/gene_expression_predictions/outputs/annotation/homer/late_vivo_lymph
	Fragment size set to 200
	Will use repeat masked sequences
	Using 8 CPUs
	Found mset for "human", will check against vertebrates motifs
	Peak/BED file conversion summary:
		BED/Header formatted lines: 541
		peakfile formatted lines: 0

	Peak File Statistics:
		Total Peaks: 541
		Redundant Peak IDs: 0
		Peaks lacking information: 0 (need at least 5 columns per peak)
		Peaks with misformatted coordinates: 0 (should be integer)
		Peaks with misformatted strand: 0 (should be either +/- or 0/1)

	Peak file looks good!

	Background files for 200 bp fragments found.
	Custom genome sequence directory: /workspace/.//data/genomes/hg38//

	Extracting sequences from file: /workspace/.//data/genomes/hg38///genome.fa
	Looking for peak sequences in a single file (/workspace/.//data/genomes/hg38///genome.fa)
	Extracting 261 sequences from chr8
	Extracting 280 sequences from chr9


!!!!!!!!!!!!!!!!!!!!!!!!!!!!!!!!!!!!!!!!!!!!!!!!!!!!!!!!!!!!!
	Potential Problem with Sequences (ignore if preparsing genome):
		253 of 541 removed because they had >70.00% Ns (i.e. masked repeats)
	Due to 	high repeat content, consider using a non-repeat masked genome


!!!!!!!!!!!!!!!!!!!!!!!!!!!!!!!!!!!!!!!!!!!!!!!!!!!!!!!!!!!!!

	Not removing redundant sequences


	Sequences processed:
		Auto detected maximum sequence length of 201 bp
		288 total

	Frequency Bins: 0.2 0.25 0.3 0.35 0.4 0.45 0.5 0.6 0.7 0.8
	Freq	Bin	Count
	0.2	0	3
	0.25	1	10
	0.3	2	32
	0.35	3	64
	0.4	4	63
	0.45	5	48
	0.5	6	23
	0.6	7	33
	0.7	8	12
	Max distance to merge: direct overlap required (-d given)
	Calculating co-bound peaks relative to reference: /workspace/.//data/genomes/hg38//preparsed//hg38r.200.pos

	Comparing peaks: (peakfile, overlapping peaks, logRatio(obs/expected), logP)
		/workspace/gene_expression_predictions/outputs/annotation/homer/late_vivo_lymph/target200.pos	56	-0.74	12.67

	Co-bound by 0 peaks: 1064609
	Co-bound by 1 peaks: 56 (max: 56 effective total)

	Total sequences set to 100000

	Choosing background that matches in CpG/GC content...
	Bin	# Targets	# Background	Background Weight
	0	3	1039	1.000
	1	10	3462	1.000
	2	32	11079	1.000
	3	64	22158	1.000
	4	63	21812	1.000
	5	48	16619	1.000
	6	23	7963	1.000
	7	33	11425	1.000
	8	12	4155	1.000
	Assembling sequence file...
	Normalizing lower order oligos using homer2

	Reading input files...
	100000 total sequences read
	Autonormalization: 1-mers (4 total)
		A	30.36%	30.31%	1.002
		C	19.64%	19.69%	0.997
		G	19.64%	19.69%	0.997
		T	30.36%	30.31%	1.002
	Autonormalization: 2-mers (16 total)
		AA	10.28%	10.47%	0.982
		CA	7.04%	6.89%	1.021
		GA	5.86%	5.92%	0.990
		TA	7.18%	7.05%	1.018
		AC	4.98%	4.98%	1.000
		CC	4.80%	4.87%	0.986
		GC	3.99%	3.91%	1.021
		TC	5.86%	5.92%	0.990
		AG	7.00%	6.86%	1.019
		CG	0.81%	1.06%	0.769
		GG	4.80%	4.87%	0.986
		TG	7.04%	6.89%	1.021
		AT	8.09%	8.01%	1.010
		CT	7.00%	6.86%	1.019
		GT	4.98%	4.98%	1.000
		TT	10.28%	10.47%	0.982
	Autonormalization: 3-mers (64 total)
	Normalization weights can be found in file: /workspace/gene_expression_predictions/outputs/annotation/homer/late_vivo_lymph/seq.autonorm.tsv
	Converging on autonormalization solution:
	...............................................................................
	Final normalization:	Autonormalization: 1-mers (4 total)
		A	30.36%	30.35%	1.000
		C	19.64%	19.65%	1.000
		G	19.64%	19.65%	1.000
		T	30.36%	30.35%	1.000
	Autonormalization: 2-mers (16 total)
		AA	10.28%	10.30%	0.999
		CA	7.04%	7.03%	1.001
		GA	5.86%	5.87%	0.999
		TA	7.18%	7.16%	1.002
		AC	4.98%	4.99%	0.998
		CC	4.80%	4.81%	0.999
		GC	3.99%	3.97%	1.006
		TC	5.86%	5.87%	0.999
		AG	7.00%	6.98%	1.003
		CG	0.81%	0.83%	0.986
		GG	4.80%	4.81%	0.999
		TG	7.04%	7.03%	1.001
		AT	8.09%	8.09%	1.000
		CT	7.00%	6.98%	1.003
		GT	4.98%	4.99%	0.998
		TT	10.28%	10.30%	0.999
	Autonormalization: 3-mers (64 total)
	Finished preparing sequence/group files

	----------------------------------------------------------
	Known motif enrichment

	Reading input files...
	100000 total sequences read
	472 motifs loaded
	Cache length = 11180
	Using binomial scoring
	Checking enrichment of 472 motif(s)
	|0%                                    50%                                  100%|
	=================================================================================
	Preparing HTML output with sequence logos...
		1 of 472 (1e-2) NFkB-p65-Rel(RHD)/ThioMac-LPS-Expression(GSE23622)/Homer
		2 of 472 (1e-2) ZBED2(Zf)/SUIT2-ZBED2.HA-ChIP-Seq(GSE141606)/Homer
	----------------------------------------------------------
	De novo motif finding (HOMER)

	Number of Trial motifs (-T) set to 8 (from 10) to work well with 8 CPUs
	Scanning input files...
	Parsing sequences...
	|0%                                   50%                                  100%|
	===============================================================================
	Total number of Oligos: 32896
	Autoadjustment for sequence coverage in background: 0.99x

	Oligos: 32896 of 34497 max
	Tree  : 67048 of 172485 max
	Optimizing memory usage...
	Cache length = 11180
	Using binomial scoring

	Global Optimization Phase: Looking for enriched oligos with up to 2 mismatches...

	Screening oligos 32896 (allowing 0 mismatches):
	|0%                                   50%                                  100%|
	================================================================================
		42.41% skipped, 57.59% checked (18946 of 32896), of those checked:
		42.41% not in target, 0.00% increased p-value, 0.00% high p-value

	Screening oligos 32896 (allowing 1 mismatches):
	|0%                                   50%                                  100%|
	================================================================================
		42.41% skipped, 57.59% checked (18946 of 32896), of those checked:
		0.00% not in target, 23.71% increased p-value, 39.75% high p-value

	Screening oligos 32896 (allowing 2 mismatches):
	|0%                                   50%                                  100%|
	================================================================================
		89.18% skipped, 10.82% checked (3558 of 32896), of those checked:
		0.00% not in target, 10.46% increased p-value, 0.00% high p-value
	Reading input files...
	100000 total sequences read
	Cache length = 11180
	Using binomial scoring

	Local Optimization Phase:
	1 of 25 Initial Sequence: TGCATCTC... (-8.601)
		Round 1: -14.87 TGCATCTC T:60.0(18.84%),B:9582.3(9.15%),P:1e-6
		Round 2: -14.87 TGCATCTC T:60.0(18.84%),B:9582.3(9.15%),P:1e-6
		=Final=: -17.23 TGCATCTC T:56.0(19.44%),B:9037.5(8.99%),P:1e-7
		Performing exhaustive masking of motif...
		Reprioritizing potential motifs...
	2 of 25 Initial Sequence: GTGTAGTT... (-8.412)
		Round 1: -8.41 GTGTAGTT T:8.0(2.74%),B:412.1(0.41%),P:1e-3
		Round 2: -8.41 GTGTAGTT T:8.0(2.74%),B:412.1(0.41%),P:1e-3
		=Final=: -2.25 GTGTAGTT T:3.0(1.04%),B:394.9(0.39%),P:1e0
		Performing exhaustive masking of motif...
		Reprioritizing potential motifs...
	3 of 25 Initial Sequence: ACAAATAT... (-7.279)
		Round 1: -12.36 ACAAATAT T:58.0(18.27%),B:9884.3(9.43%),P:1e-5
		Round 2: -12.36 ACAAATAT T:58.0(18.27%),B:9884.3(9.43%),P:1e-5
		=Final=: -7.77 ACAAATAT T:21.0(7.29%),B:3195.0(3.18%),P:1e-3
		Performing exhaustive masking of motif...
		Reprioritizing potential motifs...
	4 of 25 Initial Sequence: TCTAATCA... (-6.986)
		Round 1: -11.63 TCTAATCA T:65.0(20.24%),B:11936.8(11.27%),P:1e-5
		Round 2: -11.63 TCTAATCA T:65.0(20.24%),B:11936.8(11.27%),P:1e-5
		=Final=: -11.63 TCTAATCA T:57.0(19.79%),B:11061.6(11.00%),P:1e-5
		Performing exhaustive masking of motif...
		Reprioritizing potential motifs...
	5 of 25 Initial Sequence: GAAGGACA... (-7.033)
		Round 1: -9.61 GAAGGACA T:22.0(7.37%),B:2805.3(2.77%),P:1e-4
		Round 2: -9.63 GAATGCCA T:30.0(9.91%),B:4412.7(4.32%),P:1e-4
		Round 3: -10.38 GAATGCCA T:42.0(13.59%),B:6992.5(6.76%),P:1e-4
		Round 4: -12.79 GAAKGCCA T:57.0(17.98%),B:9449.7(9.03%),P:1e-5
		Round 5: -12.79 GAAKGCCA T:57.0(17.98%),B:9449.7(9.03%),P:1e-5
		=Final=: -10.27 GAAKGCCA T:51.0(17.71%),B:9963.5(9.91%),P:1e-4
		Performing exhaustive masking of motif...
		Reprioritizing potential motifs...
	Remaining seeds don't look promising (After initial 5 motifs, logp -6.803 > -8.459)

	Finalizing Enrichment Statistics (new in v3.4)
	Reading input files...
	100000 total sequences read
	Cache length = 11180
	Using binomial scoring
	Checking enrichment of 5 motif(s)
	|0%                                    50%                                  100%|
	=================================================================================
	Output in file: /workspace/gene_expression_predictions/outputs/annotation/homer/late_vivo_lymph/homerMotifs.motifs8


	Number of Trial motifs (-T) set to 8 (from 10) to work well with 8 CPUs
	Scanning input files...
	Parsing sequences...
	|0%                                   50%                                  100%|
	===============================================================================
	Total number of Oligos: 511233
	Autoadjustment for sequence coverage in background: 0.99x

	Oligos: 511233 of 551887 max
	Tree  : 1048224 of 2759435 max
	Optimizing memory usage...
	Cache length = 11180
	Using binomial scoring

	Global Optimization Phase: Looking for enriched oligos with up to 2 mismatches...

	Screening oligos 511233 (allowing 0 mismatches):
	|0%                                   50%                                  100%|
	================================================================================
		91.93% skipped, 8.07% checked (41264 of 511233), of those checked:
		91.93% not in target, 0.00% increased p-value, 0.00% high p-value

	Screening oligos 511233 (allowing 1 mismatches):
	|0%                                   50%                                  100%|
	================================================================================
		91.93% skipped, 8.07% checked (41264 of 511233), of those checked:
		0.00% not in target, 6.96% increased p-value, 1.12% high p-value

	Screening oligos 511233 (allowing 2 mismatches):
	|0%                                   50%                                  100%|
	================================================================================
		99.06% skipped, 0.94% checked (4786 of 511233), of those checked:
		0.00% not in target, 0.80% increased p-value, 0.00% high p-value
	Reading input files...
	100000 total sequences read
	Cache length = 11180
	Using binomial scoring

	Local Optimization Phase:
	1 of 25 Initial Sequence: AAACTACACA... (-11.830)
		Round 1: -16.30 AAACTACACA T:34.0(11.15%),B:3875.1(3.81%),P:1e-7
		Round 2: -19.54 AAACTACACA T:40.0(12.99%),B:4351.8(4.26%),P:1e-8
		Round 3: -19.54 AAACTACACA T:40.0(12.99%),B:4351.8(4.26%),P:1e-8
		=Final=: -13.29 AAACTACACA T:31.0(10.76%),B:4182.9(4.16%),P:1e-5
		Performing exhaustive masking of motif...
		Reprioritizing potential motifs...
	2 of 25 Initial Sequence: CAGTTGACCC... (-11.246)
		Round 1: -21.03 CAGTTGACCC T:11.0(3.75%),B:206.8(0.21%),P:1e-9
		Round 2: -21.03 CAGTTGACCC T:11.0(3.75%),B:206.8(0.21%),P:1e-9
		=Final=: -24.07 CAGTTGACCC T:11.0(3.82%),B:205.4(0.20%),P:1e-10
		Performing exhaustive masking of motif...
		Reprioritizing potential motifs...
	3 of 25 Initial Sequence: TTCCCGGTGC... (-10.202)
		Round 1: -12.58 TTYCCGGTGC T:10.0(3.42%),B:404.1(0.40%),P:1e-5
		Round 2: -12.72 TTBCCGGTGC T:6.0(2.07%),B:75.5(0.08%),P:1e-5
		Round 3: -14.43 TTYCCGGTGC T:6.0(2.07%),B:53.3(0.05%),P:1e-6
		Round 4: -15.07 TTYCCGGTGC T:5.0(1.72%),B:19.2(0.02%),P:1e-6
		Round 5: -15.07 TTYCCGGTGC T:5.0(1.72%),B:19.2(0.02%),P:1e-6
		=Final=: -19.42 TTYCCGGTGC T:5.0(1.74%),B:19.2(0.02%),P:1e-8
		Performing exhaustive masking of motif...
		Reprioritizing potential motifs...
	4 of 25 Initial Sequence: CAGAAAGGAA... (-9.793)
		Round 1: -17.21 CAGAAAGGAA T:24.0(8.01%),B:2032.9(2.01%),P:1e-7
		Round 2: -17.21 CAGAAAGGAA T:24.0(8.01%),B:2032.9(2.01%),P:1e-7
		=Final=: -17.46 CAGAAAGGAA T:23.0(7.99%),B:1998.5(1.99%),P:1e-7
		Performing exhaustive masking of motif...
		Reprioritizing potential motifs...
	5 of 25 Initial Sequence: TAAATCAGAC... (-8.964)
		Round 1: -17.42 TAAATCAGAC T:33.0(10.84%),B:3483.5(3.43%),P:1e-7
		Round 2: -18.70 TAAATCAGAC T:24.0(8.01%),B:1870.8(1.86%),P:1e-8
		Round 3: -18.70 TAAATCAGAC T:24.0(8.01%),B:1870.8(1.86%),P:1e-8
		=Final=: -17.82 TAAATCAGAC T:18.0(6.25%),B:1196.3(1.19%),P:1e-7
		Performing exhaustive masking of motif...
		Reprioritizing potential motifs...
	6 of 25 Initial Sequence: ATGGGTGAGG... (-8.815)
		Round 1: -16.75 ATGGGTGAGG T:29.0(9.59%),B:2809.2(2.77%),P:1e-7
		Round 2: -19.94 ATGGGTGAGG T:23.0(7.69%),B:1595.7(1.59%),P:1e-8
		Round 3: -19.94 ATGGGTGAGG T:23.0(7.69%),B:1595.7(1.59%),P:1e-8
		=Final=: -20.25 ATGGGTGAGG T:22.0(7.64%),B:1566.2(1.56%),P:1e-8
		Performing exhaustive masking of motif...
		Reprioritizing potential motifs...
	7 of 25 Initial Sequence: GAAGGACATC... (-8.760)
		Round 1: -19.20 GAAGGACATC T:12.0(4.09%),B:327.6(0.33%),P:1e-8
		Round 2: -19.20 GAAGGACATC T:12.0(4.09%),B:327.6(0.33%),P:1e-8
		=Final=: -19.37 GAAGGACATC T:11.0(3.82%),B:323.2(0.32%),P:1e-8
		Performing exhaustive masking of motif...
		Reprioritizing potential motifs...
	8 of 25 Initial Sequence: TAATTGGAAA... (-8.667)
		Round 1: -18.10 TAATTGGAAA T:66.0(20.51%),B:9948.2(9.48%),P:1e-7
		Round 2: -18.10 TAATTGGAAA T:66.0(20.51%),B:9948.2(9.48%),P:1e-7
		=Final=: -20.45 TAATTGGAAA T:49.0(17.01%),B:6651.1(6.61%),P:1e-8
		Performing exhaustive masking of motif...
		Reprioritizing potential motifs...
	9 of 25 Initial Sequence: CAGAAAACGT... (-8.616)
		Round 1: -11.74 CAGAAAACGT T:12.0(4.09%),B:703.8(0.70%),P:1e-5
		Round 2: -11.74 CAGAAAACGT T:12.0(4.09%),B:703.8(0.70%),P:1e-5
		=Final=: -13.63 CAGAAAACGT T:12.0(4.17%),B:701.2(0.70%),P:1e-5
		Performing exhaustive masking of motif...
		Reprioritizing potential motifs...
	Remaining seeds don't look promising (After initial 5 motifs, logp -8.300 > -8.459)

	Finalizing Enrichment Statistics (new in v3.4)
	Reading input files...
	100000 total sequences read
	Cache length = 11180
	Using binomial scoring
	Checking enrichment of 9 motif(s)
	|0%                                    50%                                  100%|
	=================================================================================
	Output in file: /workspace/gene_expression_predictions/outputs/annotation/homer/late_vivo_lymph/homerMotifs.motifs10


	Number of Trial motifs (-T) set to 8 (from 10) to work well with 8 CPUs
	-blen automatically set to 2
	Scanning input files...
	Parsing sequences...
	|0%                                   50%                                  100%|
	===============================================================================
	Total number of Oligos: 4736787
	Autoadjustment for sequence coverage in background: 0.99x

	Oligos: 4736787 of 8830118 max
	Tree  : 10442944 of 44150590 max
	Optimizing memory usage...
	Cache length = 11180
	Using binomial scoring

	Global Optimization Phase: Looking for enriched oligos with up to 2 mismatches...

	Screening oligos 4736787 (allowing 0 mismatches):
	|0%                                   50%                                  100%|
	================================================================================
		99.05% skipped, 0.95% checked (45022 of 4736787), of those checked:
		99.05% not in target, 0.00% increased p-value, 0.00% high p-value

	Screening oligos 4736787 (allowing 1 mismatches):
	|0%                                   50%                                  100%|
	================================================================================
		99.05% skipped, 0.95% checked (45022 of 4736787), of those checked:
		0.00% not in target, 0.94% increased p-value, 0.00% high p-value

	Screening oligos 4736787 (allowing 2 mismatches):
	|0%                                   50%                                  100%|
	================================================================================
		99.99% skipped, 0.01% checked (497 of 4736787), of those checked:
		0.00% not in target, 0.01% increased p-value, 0.00% high p-value
	Reading input files...
	100000 total sequences read
	Cache length = 11180
	Using binomial scoring

	Local Optimization Phase:
	1 of 25 Initial Sequence: ACTACACACACA... (-16.734)
		Round 1: -26.66 ACTACACACACA T:10.0(3.42%),B:78.4(0.08%),P:1e-11
		Round 2: -30.13 WCTATACATABA T:27.0(8.96%),B:1261.3(1.26%),P:1e-13
		Round 3: -30.13 WCTATACATABA T:27.0(8.96%),B:1261.3(1.26%),P:1e-13
		=Final=: -5.47 WCTATACATABA T:6.0(2.08%),B:521.8(0.52%),P:1e-2
		Performing exhaustive masking of motif...
		Reprioritizing potential motifs...
	2 of 25 Initial Sequence: TTTTTTTTTTTG... (-10.283)
		Round 1: -10.28 TTTTTTTTTTTG T:35.0(11.46%),B:5463.7(5.33%),P:1e-4
		Round 2: -10.28 TTTTTTTTTTTG T:35.0(11.46%),B:5463.7(5.33%),P:1e-4
		=Final=: -3.52 TTTTTTTTTTTG T:14.0(4.86%),B:2761.0(2.75%),P:1e-1
		Performing exhaustive masking of motif...
		Reprioritizing potential motifs...
	3 of 25 Initial Sequence: ACAGCCTCCTTA... (-10.141)
		Round 1: -17.30 ACAGCCTCCTTA T:6.0(2.07%),B:30.0(0.03%),P:1e-7
		Round 2: -17.30 ACAGCCTCCTTA T:6.0(2.07%),B:30.0(0.03%),P:1e-7
		=Final=: -21.43 ACAGCCTCCTTA T:6.0(2.08%),B:30.0(0.03%),P:1e-9
		Performing exhaustive masking of motif...
		Reprioritizing potential motifs...
	4 of 25 Initial Sequence: AATCATACTATT... (-8.978)
		Round 1: -16.95 AATCATACTATT T:16.0(5.41%),B:857.1(0.85%),P:1e-7
		Round 2: -16.95 AATCATACTATT T:16.0(5.41%),B:857.1(0.85%),P:1e-7
		=Final=: -19.11 AATCATACTATT T:16.0(5.56%),B:845.1(0.84%),P:1e-8
		Performing exhaustive masking of motif...
		Reprioritizing potential motifs...
	5 of 25 Initial Sequence: AAAATATAGGAT... (-8.821)
		Round 1: -11.53 AAAATATAGGAT T:11.0(3.75%),B:585.8(0.58%),P:1e-5
		Round 2: -15.33 AAAATATAGKAT T:11.0(3.75%),B:380.8(0.38%),P:1e-6
		Round 3: -15.33 AAAATATAGKAT T:11.0(3.75%),B:380.8(0.38%),P:1e-6
		=Final=: -17.72 AAAATATAGKAT T:11.0(3.82%),B:380.8(0.38%),P:1e-7
		Performing exhaustive masking of motif...
		Reprioritizing potential motifs...
	6 of 25 Initial Sequence: TGGCTGATTTAG... (-8.672)
		Round 1: -16.32 TGGCTGATTTAG T:24.0(8.01%),B:2137.3(2.12%),P:1e-7
		Round 2: -16.32 TGGCTGATTTAG T:24.0(8.01%),B:2137.3(2.12%),P:1e-7
		=Final=: -15.17 TGGCTGATTTAG T:24.0(8.33%),B:2457.3(2.44%),P:1e-6
		Performing exhaustive masking of motif...
		Reprioritizing potential motifs...
	7 of 25 Initial Sequence: TGTGAGGCAATA... (-8.632)
		Round 1: -15.54 TGTGAGGCAATA T:5.0(1.72%),B:17.8(0.02%),P:1e-6
		Round 2: -16.33 TGTGAGGCAATA T:64.0(19.96%),B:9940.5(9.48%),P:1e-7
		Round 3: -17.58 TGTGAGRMAATA T:47.0(15.08%),B:6053.4(5.88%),P:1e-7
		Round 4: -19.32 TKTGARDAAATA T:35.0(11.46%),B:3581.7(3.52%),P:1e-8
		Round 5: -19.32 TKTGARDAAATA T:35.0(11.46%),B:3581.7(3.52%),P:1e-8
		=Final=: -19.84 TKTGARDAAATA T:33.0(11.46%),B:3468.7(3.45%),P:1e-8
		Performing exhaustive masking of motif...
		Reprioritizing potential motifs...
	8 of 25 Initial Sequence: AAATATGAAAGC... (-8.514)
		Round 1: -16.89 AAATATGAAARC T:20.0(6.72%),B:1422.9(1.41%),P:1e-7
		Round 2: -20.56 AAATATGAAAAC T:17.0(5.74%),B:759.0(0.76%),P:1e-8
		Round 3: -21.20 AAATATGAAAAC T:16.0(5.41%),B:619.6(0.62%),P:1e-9
		Round 4: -22.87 RAATATGAAAAC T:15.0(5.08%),B:457.5(0.46%),P:1e-9
		Round 5: -22.87 RAATATGAAAAC T:15.0(5.08%),B:457.5(0.46%),P:1e-9
		=Final=: -20.49 RAATATGAAAAC T:13.0(4.51%),B:457.5(0.45%),P:1e-8
		Performing exhaustive masking of motif...
		Reprioritizing potential motifs...
	Remaining seeds don't look promising (After initial 5 motifs, logp -7.864 > -8.459)

	Finalizing Enrichment Statistics (new in v3.4)
	Reading input files...
	100000 total sequences read
	Cache length = 11180
	Using binomial scoring
	Checking enrichment of 8 motif(s)
	|0%                                    50%                                  100%|
	=================================================================================
	Output in file: /workspace/gene_expression_predictions/outputs/annotation/homer/late_vivo_lymph/homerMotifs.motifs12

	(Motifs in homer2 format)
	Determining similar motifs...	22 reduced to 16 motifs
	Outputing HTML and sequence logos for motif comparison...
	Checking de novo motifs against known motifs...
	Formatting HTML page...
		1 of 16 (1e-10) similar to PB0030.1_Hnf4a_1/Jaspar(0.793)
		2 of 16 (1e-9) similar to ZNF770/MA2099.1/Jaspar(0.620)
		3 of 16 (1e-8) similar to EN2/MA0642.3/Jaspar(0.760)
		4 of 16 (1e-8) similar to Klf4(Zf)/mES-Klf4-ChIP-Seq(GSE11431)/Homer(0.785)
		5 of 16 (1e-8) similar to PB0148.1_Mtf1_2/Jaspar(0.732)
		6 of 16 (1e-8) similar to FOXM1(Forkhead)/MCF7-FOXM1-ChIP-Seq(GSE72977)/Homer(0.651)
		7 of 16 (1e-8) similar to ETV2/MA0762.2/Jaspar(0.762)
		8 of 16 (1e-8) similar to SD0003.1_at_AC_acceptor/Jaspar(0.710)
		9 of 16 (1e-8) similar to PHOX2B/MA0681.3/Jaspar(0.637)
		10 of 16 (1e-7) similar to PBX2/MA1113.3/Jaspar(0.712)
		11 of 16 (1e-7) similar to MEF2A/MA0052.5/Jaspar(0.697)
		12 of 16 (1e-7) similar to Elf5/MA0136.4/Jaspar(0.717)
		13 of 16 (1e-7) similar to HAND2/MA1638.2/Jaspar(0.672)
		14 of 16 (1e-5) similar to ZIM3/MA1709.2/Jaspar(0.741)
		15 of 16 (1e-5) similar to RUNX1(Runt)/Jurkat-RUNX1-ChIP-Seq(GSE29180)/Homer(0.721)
		16 of 16 (1e-1) similar to PB0182.1_Srf_2/Jaspar(0.798)
	Job finished - if results look good, please send beer to ..

	Cleaning up tmp files...

