
	Position file = /workspace/gene_expression_predictions/outputs/annotation/homer/mid_vitro_blood.bed
	Genome = hg38
	Output Directory = /workspace/gene_expression_predictions/outputs/annotation/homer/mid_vitro_blood
	Fragment size set to 200
	Will use repeat masked sequences
	Using 8 CPUs
	Found mset for "human", will check against vertebrates motifs
	Peak/BED file conversion summary:
		BED/Header formatted lines: 458
		peakfile formatted lines: 0

	Peak File Statistics:
		Total Peaks: 458
		Redundant Peak IDs: 0
		Peaks lacking information: 0 (need at least 5 columns per peak)
		Peaks with misformatted coordinates: 0 (should be integer)
		Peaks with misformatted strand: 0 (should be either +/- or 0/1)

	Peak file looks good!

	Background files for 200 bp fragments found.
	Custom genome sequence directory: /workspace/.//data/genomes/hg38//

	Extracting sequences from file: /workspace/.//data/genomes/hg38///genome.fa
	Looking for peak sequences in a single file (/workspace/.//data/genomes/hg38///genome.fa)
	Extracting 225 sequences from chr8
	Extracting 233 sequences from chr9


!!!!!!!!!!!!!!!!!!!!!!!!!!!!!!!!!!!!!!!!!!!!!!!!!!!!!!!!!!!!!
	Potential Problem with Sequences (ignore if preparsing genome):
		219 of 458 removed because they had >70.00% Ns (i.e. masked repeats)
	Due to 	high repeat content, consider using a non-repeat masked genome


!!!!!!!!!!!!!!!!!!!!!!!!!!!!!!!!!!!!!!!!!!!!!!!!!!!!!!!!!!!!!

	Not removing redundant sequences


	Sequences processed:
		Auto detected maximum sequence length of 201 bp
		239 total

	Frequency Bins: 0.2 0.25 0.3 0.35 0.4 0.45 0.5 0.6 0.7 0.8
	Freq	Bin	Count
	0.25	1	10
	0.3	2	30
	0.35	3	56
	0.4	4	57
	0.45	5	34
	0.5	6	17
	0.6	7	25
	0.7	8	8
	0.8	9	1
	10	10	1
	Max distance to merge: direct overlap required (-d given)
	Calculating co-bound peaks relative to reference: /workspace/.//data/genomes/hg38//preparsed//hg38r.200.pos

	Comparing peaks: (peakfile, overlapping peaks, logRatio(obs/expected), logP)
		/workspace/gene_expression_predictions/outputs/annotation/homer/mid_vitro_blood/target200.pos	52	-0.58	7.89

	Co-bound by 0 peaks: 1064613
	Co-bound by 1 peaks: 52 (max: 52 effective total)

	Total sequences set to 100000

	Choosing background that matches in CpG/GC content...
	Bin	# Targets	# Background	Background Weight
	1	10	4174	1.000
	2	30	12522	1.000
	3	56	23375	1.000
	4	57	23792	1.000
	5	34	14192	1.000
	6	17	7096	1.000
	7	25	10435	1.000
	8	8	3339	1.000
	9	1	417	1.001
	10	1	417	1.001
	Assembling sequence file...
	Normalizing lower order oligos using homer2

	Reading input files...
	99998 total sequences read
	Autonormalization: 1-mers (4 total)
		A	30.52%	30.48%	1.001
		C	19.48%	19.52%	0.998
		G	19.48%	19.52%	0.998
		T	30.52%	30.48%	1.001
	Autonormalization: 2-mers (16 total)
		AA	10.45%	10.61%	0.985
		CA	7.00%	6.83%	1.025
		GA	5.82%	5.88%	0.989
		TA	7.25%	7.17%	1.010
		AC	4.93%	4.97%	0.992
		CC	4.86%	4.78%	1.018
		GC	3.86%	3.88%	0.994
		TC	5.82%	5.88%	0.989
		AG	6.75%	6.80%	0.992
		CG	0.86%	1.09%	0.788
		GG	4.86%	4.78%	1.018
		TG	7.00%	6.83%	1.025
		AT	8.39%	8.10%	1.036
		CT	6.75%	6.80%	0.992
		GT	4.93%	4.97%	0.992
		TT	10.45%	10.61%	0.985
	Autonormalization: 3-mers (64 total)
	Normalization weights can be found in file: /workspace/gene_expression_predictions/outputs/annotation/homer/mid_vitro_blood/seq.autonorm.tsv
	Converging on autonormalization solution:
	...............................................................................
	Final normalization:	Autonormalization: 1-mers (4 total)
		A	30.52%	30.52%	1.000
		C	19.48%	19.48%	1.000
		G	19.48%	19.48%	1.000
		T	30.52%	30.52%	1.000
	Autonormalization: 2-mers (16 total)
		AA	10.45%	10.46%	0.999
		CA	7.00%	6.99%	1.002
		GA	5.82%	5.82%	0.999
		TA	7.25%	7.26%	0.999
		AC	4.93%	4.94%	0.999
		CC	4.86%	4.85%	1.003
		GC	3.86%	3.87%	0.999
		TC	5.82%	5.82%	0.999
		AG	6.75%	6.75%	0.999
		CG	0.86%	0.88%	0.980
		GG	4.86%	4.85%	1.003
		TG	7.00%	6.99%	1.002
		AT	8.39%	8.37%	1.003
		CT	6.75%	6.75%	0.999
		GT	4.93%	4.94%	0.999
		TT	10.45%	10.46%	0.999
	Autonormalization: 3-mers (64 total)
	Finished preparing sequence/group files

	----------------------------------------------------------
	Known motif enrichment

	Reading input files...
	99998 total sequences read
	472 motifs loaded
	Cache length = 11180
	Using binomial scoring
	Checking enrichment of 472 motif(s)
	|0%                                    50%                                  100%|
	=================================================================================
	Preparing HTML output with sequence logos...
		1 of 472 (1e-3) HOXA3(Homeobox)/mEmbryo-Hoxa3-ChIP-Seq(E-MTAB-8607)/Homer
		2 of 472 (1e-3) Sox6(HMG)/Myotubes-Sox6-ChIP-Seq(GSE32627)/Homer
		3 of 472 (1e-3) Sox3(HMG)/NPC-Sox3-ChIP-Seq(GSE33059)/Homer
		4 of 472 (1e-2) SOX1(HMG)/NPC-SOX1-ChIP-Seq(GSE138215)/Homer
		5 of 472 (1e-2) Phox2b(Homeobox)/CLBGA-PHOX2B-ChIP-Seq(GSE90683)/Homer
		6 of 472 (1e-2) Gata4(Zf)/Heart-Gata4-ChIP-Seq(GSE35151)/Homer
	----------------------------------------------------------
	De novo motif finding (HOMER)

	Number of Trial motifs (-T) set to 8 (from 10) to work well with 8 CPUs
	Scanning input files...
	Parsing sequences...
	|0%                                   50%                                  100%|
	================================================================================
	Total number of Oligos: 32896
	Autoadjustment for sequence coverage in background: 0.98x

	Oligos: 32896 of 34497 max
	Tree  : 67104 of 172485 max
	Optimizing memory usage...
	Cache length = 11180
	Using binomial scoring

	Global Optimization Phase: Looking for enriched oligos with up to 2 mismatches...

	Screening oligos 32896 (allowing 0 mismatches):
	|0%                                   50%                                  100%|
	================================================================================
		46.39% skipped, 53.61% checked (17636 of 32896), of those checked:
		46.39% not in target, 0.00% increased p-value, 0.00% high p-value

	Screening oligos 32896 (allowing 1 mismatches):
	|0%                                   50%                                  100%|
	================================================================================
		46.39% skipped, 53.61% checked (17636 of 32896), of those checked:
		0.00% not in target, 22.91% increased p-value, 36.60% high p-value

	Screening oligos 32896 (allowing 2 mismatches):
	|0%                                   50%                                  100%|
	================================================================================
		89.98% skipped, 10.02% checked (3295 of 32896), of those checked:
		0.00% not in target, 9.53% increased p-value, 0.00% high p-value
	Reading input files...
	99998 total sequences read
	Cache length = 11180
	Using binomial scoring

	Local Optimization Phase:
	1 of 25 Initial Sequence: AGTTGTAA... (-9.432)
		Round 1: -9.43 AGTTGTAA T:10.0(4.11%),B:721.2(0.73%),P:1e-4
		Round 2: -9.43 AGTTGTAA T:10.0(4.11%),B:721.2(0.73%),P:1e-4
		=Final=: -7.88 AGTTGTAA T:8.0(3.35%),B:716.8(0.72%),P:1e-3
		Performing exhaustive masking of motif...
		Reprioritizing potential motifs...
	2 of 25 Initial Sequence: ACATCCCA... (-9.395)
		Round 1: -11.63 ACATCCCA T:13.0(5.30%),B:1015.6(1.03%),P:1e-5
		Round 2: -14.18 ACATCSTA T:19.0(7.66%),B:1834.3(1.85%),P:1e-6
		Round 3: -14.37 ACTTCGTA T:52.0(19.59%),B:9172.7(8.92%),P:1e-6
		Round 4: -14.37 ACTTCGTA T:52.0(19.59%),B:9172.7(8.92%),P:1e-6
		=Final=: -9.92 ACTTCGTA T:40.0(16.74%),B:8688.7(8.70%),P:1e-4
		Performing exhaustive masking of motif...
		Reprioritizing potential motifs...
	3 of 25 Initial Sequence: ACCCACGG... (-8.692)
		Round 1: -21.66 ACCCACGG T:22.0(8.81%),B:1566.6(1.58%),P:1e-9
		Round 2: -21.66 ACCCACGG T:22.0(8.81%),B:1566.6(1.58%),P:1e-9
		=Final=: -20.91 ACCCACGG T:22.0(9.21%),B:1820.1(1.82%),P:1e-9
		Performing exhaustive masking of motif...
		Reprioritizing potential motifs...
	4 of 25 Initial Sequence: ATCCCTTT... (-8.519)
		Round 1: -15.74 ATCCCTTT T:54.0(20.26%),B:9339.6(9.08%),P:1e-6
		Round 2: -15.74 ATCCCTTT T:54.0(20.26%),B:9339.6(9.08%),P:1e-6
		=Final=: -15.89 ATCCCTTT T:40.0(16.74%),B:6781.4(6.79%),P:1e-6
		Performing exhaustive masking of motif...
		Reprioritizing potential motifs...
	5 of 25 Initial Sequence: TGAACTGT... (-7.768)
		Round 1: -14.34 TGAACTGT T:51.0(19.25%),B:9183.7(8.93%),P:1e-6
		Round 2: -14.34 TGAACTGT T:51.0(19.25%),B:9183.7(8.93%),P:1e-6
		=Final=: -13.34 TGAACTGT T:37.0(15.48%),B:6654.3(6.66%),P:1e-5
		Performing exhaustive masking of motif...
		Reprioritizing potential motifs...
	Remaining seeds don't look promising (After initial 5 motifs, logp -7.478 > -8.378)

	Finalizing Enrichment Statistics (new in v3.4)
	Reading input files...
	99998 total sequences read
	Cache length = 11180
	Using binomial scoring
	Checking enrichment of 5 motif(s)
	|0%                                    50%                                  100%|
	=================================================================================
	Output in file: /workspace/gene_expression_predictions/outputs/annotation/homer/mid_vitro_blood/homerMotifs.motifs8


	Number of Trial motifs (-T) set to 8 (from 10) to work well with 8 CPUs
	Scanning input files...
	Parsing sequences...
	|0%                                   50%                                  100%|
	================================================================================
	Total number of Oligos: 510959
	Autoadjustment for sequence coverage in background: 0.98x

	Oligos: 510959 of 551887 max
	Tree  : 1047716 of 2759435 max
	Optimizing memory usage...
	Cache length = 11180
	Using binomial scoring

	Global Optimization Phase: Looking for enriched oligos with up to 2 mismatches...

	Screening oligos 510959 (allowing 0 mismatches):
	|0%                                   50%                                  100%|
	================================================================================
		93.10% skipped, 6.90% checked (35261 of 510959), of those checked:
		93.10% not in target, 0.00% increased p-value, 0.00% high p-value

	Screening oligos 510959 (allowing 1 mismatches):
	|0%                                   50%                                  100%|
	================================================================================
		93.10% skipped, 6.90% checked (35261 of 510959), of those checked:
		0.00% not in target, 6.13% increased p-value, 0.78% high p-value

	Screening oligos 510959 (allowing 2 mismatches):
	|0%                                   50%                                  100%|
	================================================================================
		99.35% skipped, 0.65% checked (3330 of 510959), of those checked:
		0.00% not in target, 0.57% increased p-value, 0.00% high p-value
	Reading input files...
	99998 total sequences read
	Cache length = 11180
	Using binomial scoring

	Local Optimization Phase:
	1 of 25 Initial Sequence: AAACATCCCA... (-19.145)
		Round 1: -22.39 AAACATCCCA T:9.0(3.70%),B:99.5(0.10%),P:1e-9
		Round 2: -23.35 MAACATCCTA T:11.0(4.51%),B:192.1(0.20%),P:1e-10
		Round 3: -23.59 AMACAKCCYA T:20.0(8.04%),B:1114.6(1.13%),P:1e-10
		Round 4: -25.16 ACACAKCCTA T:22.0(8.81%),B:1287.9(1.30%),P:1e-10
		Round 5: -25.16 ACACAKCCTA T:22.0(8.81%),B:1287.9(1.30%),P:1e-10
		=Final=: -17.91 ACACAKCCTA T:21.0(8.79%),B:1964.7(1.97%),P:1e-7
		Performing exhaustive masking of motif...
		Reprioritizing potential motifs...
	2 of 25 Initial Sequence: TGGTAATTAC... (-9.710)
		Round 1: -22.03 TGGTAATTAC T:18.0(7.27%),B:944.8(0.96%),P:1e-9
		Round 2: -22.21 TGGTAATTAC T:19.0(7.66%),B:1068.4(1.08%),P:1e-9
		Round 3: -23.26 TGGTAATTAC T:19.0(7.66%),B:1000.6(1.01%),P:1e-10
		Round 4: -27.36 TGGTAATTAC T:18.0(7.27%),B:666.5(0.68%),P:1e-11
		Round 5: -27.36 TGGTAATTAC T:18.0(7.27%),B:666.5(0.68%),P:1e-11
		=Final=: -18.07 TGGTAATTAC T:12.0(5.02%),B:554.0(0.55%),P:1e-7
		Performing exhaustive masking of motif...
		Reprioritizing potential motifs...
	3 of 25 Initial Sequence: TCACAGTTAA... (-9.657)
		Round 1: -18.56 TCACAGTTAA T:16.0(6.49%),B:901.3(0.91%),P:1e-8
		Round 2: -19.02 TCACAGTTAA T:17.0(6.88%),B:1010.1(1.02%),P:1e-8
		Round 3: -19.02 TCACAGTTAA T:17.0(6.88%),B:1010.1(1.02%),P:1e-8
		=Final=: -19.29 TCACAGTTAA T:16.0(6.69%),B:1003.8(1.00%),P:1e-8
		Performing exhaustive masking of motif...
		Reprioritizing potential motifs...
	4 of 25 Initial Sequence: CATGTCATGT... (-9.245)
		Round 1: -18.62 CATGTCATGT T:13.0(5.30%),B:518.2(0.53%),P:1e-8
		Round 2: -18.84 CATGTCATGT T:16.0(6.49%),B:881.4(0.89%),P:1e-8
		Round 3: -20.90 CATGTCATGT T:17.0(6.88%),B:882.8(0.89%),P:1e-9
		Round 4: -20.90 CATGTCATGT T:17.0(6.88%),B:882.8(0.89%),P:1e-9
		=Final=: -17.47 CATGTCATGT T:14.0(5.86%),B:847.4(0.85%),P:1e-7
		Performing exhaustive masking of motif...
		Reprioritizing potential motifs...
	5 of 25 Initial Sequence: TTCCAGGTCA... (-9.122)
		Round 1: -16.99 TTCCAGGTCA T:14.0(5.70%),B:731.1(0.74%),P:1e-7
		Round 2: -16.99 TTCCAGGTCA T:14.0(5.70%),B:731.1(0.74%),P:1e-7
		=Final=: -18.82 TTCCAGGTCA T:13.0(5.44%),B:633.7(0.63%),P:1e-8
		Performing exhaustive masking of motif...
		Reprioritizing potential motifs...
	6 of 25 Initial Sequence: CTTACAACTT... (-8.583)
		Round 1: -15.61 CTTACAACTT T:9.0(3.70%),B:238.8(0.24%),P:1e-6
		Round 2: -15.61 CTTACAACTT T:9.0(3.70%),B:238.8(0.24%),P:1e-6
		=Final=: -13.07 CTTACAACTT T:7.0(2.93%),B:237.2(0.24%),P:1e-5
		Performing exhaustive masking of motif...
		Reprioritizing potential motifs...
	Remaining seeds don't look promising (After initial 5 motifs, logp -8.227 > -8.378)

	Finalizing Enrichment Statistics (new in v3.4)
	Reading input files...
	99998 total sequences read
	Cache length = 11180
	Using binomial scoring
	Checking enrichment of 6 motif(s)
	|0%                                    50%                                  100%|
	=================================================================================
	Output in file: /workspace/gene_expression_predictions/outputs/annotation/homer/mid_vitro_blood/homerMotifs.motifs10


	Number of Trial motifs (-T) set to 8 (from 10) to work well with 8 CPUs
	-blen automatically set to 2
	Scanning input files...
	Parsing sequences...
	|0%                                   50%                                  100%|
	================================================================================
	Total number of Oligos: 4711340
	Autoadjustment for sequence coverage in background: 0.98x

	Oligos: 4711340 of 8830118 max
	Tree  : 10393172 of 44150590 max
	Optimizing memory usage...
	Cache length = 11180
	Using binomial scoring

	Global Optimization Phase: Looking for enriched oligos with up to 2 mismatches...

	Screening oligos 4711340 (allowing 0 mismatches):
	|0%                                   50%                                  100%|
	================================================================================
		99.20% skipped, 0.80% checked (37847 of 4711340), of those checked:
		99.20% not in target, 0.00% increased p-value, 0.00% high p-value

	Screening oligos 4711340 (allowing 1 mismatches):
	|0%                                   50%                                  100%|
	================================================================================
		99.20% skipped, 0.80% checked (37847 of 4711340), of those checked:
		0.00% not in target, 0.80% increased p-value, 0.00% high p-value

	Screening oligos 4711340 (allowing 2 mismatches):
	|0%                                   50%                                  100%|
	================================================================================
		99.99% skipped, 0.01% checked (245 of 4711340), of those checked:
		0.00% not in target, 0.00% increased p-value, 0.00% high p-value
	Reading input files...
	99998 total sequences read
	Cache length = 11180
	Using binomial scoring

	Local Optimization Phase:
	1 of 25 Initial Sequence: TAAACATCCCAC... (-27.273)
		Round 1: -29.43 TAAACATCCCAC T:6.0(2.48%),B:4.4(0.00%),P:1e-12
		Round 2: -29.43 TAAACATCCCAC T:6.0(2.48%),B:4.4(0.00%),P:1e-12
		=Final=: -10.00 TAAACATCCCAC T:2.0(0.84%),B:4.4(0.00%),P:1e-4
		Performing exhaustive masking of motif...
		Reprioritizing potential motifs...
	2 of 25 Initial Sequence: CCATTCCCCCTC... (-12.733)
		Round 1: -16.56 CCATTCCCCCTC T:4.0(1.66%),B:4.7(0.00%),P:1e-7
		Round 2: -16.56 CCATTCCCCCTC T:4.0(1.66%),B:4.7(0.00%),P:1e-7
		=Final=: -6.04 CCATTCCCCCTC T:1.0(0.42%),B:1.4(0.00%),P:1e-2
		Performing exhaustive masking of motif...
		Reprioritizing potential motifs...
	3 of 25 Initial Sequence: TGGAGACATAAT... (-12.733)
		Round 1: -13.64 TGGAGACATAAT T:8.0(3.30%),B:214.8(0.22%),P:1e-5
		Round 2: -13.64 TGGAGACATAAT T:8.0(3.30%),B:214.8(0.22%),P:1e-5
		=Final=: -17.84 TGGAGACATAAT T:3.0(1.26%),B:2.1(0.00%),P:1e-7
		Performing exhaustive masking of motif...
		Reprioritizing potential motifs...
	4 of 25 Initial Sequence: CCCCACCTCAAC... (-12.733)
		Round 1: -18.50 CCCCACCTYAAC T:5.0(2.07%),B:10.3(0.01%),P:1e-8
		Round 2: -21.15 CCCCACCTBAAC T:7.0(2.89%),B:38.4(0.04%),P:1e-9
		Round 3: -21.15 CCCCACCTBAAC T:7.0(2.89%),B:38.4(0.04%),P:1e-9
		=Final=: -16.89 CCCCACCTBAAC T:5.0(2.09%),B:38.4(0.04%),P:1e-7
		Performing exhaustive masking of motif...
		Reprioritizing potential motifs...
	5 of 25 Initial Sequence: TTTGGGATCCCA... (-12.733)
		Round 1: -16.74 WWTGGGMTCCCM T:5.0(2.07%),B:15.9(0.02%),P:1e-7
		Round 2: -18.55 AWTGGGATCCCA T:22.0(8.81%),B:1874.3(1.89%),P:1e-8
		Round 3: -20.63 AWKGGKNDCMCM T:18.0(7.27%),B:1037.6(1.05%),P:1e-8
		Round 4: -20.63 AWKGGKNDCMCM T:18.0(7.27%),B:1037.6(1.05%),P:1e-8
		=Final=: -17.63 AWKGGKNDCMCM T:15.0(6.28%),B:980.9(0.98%),P:1e-7
		Performing exhaustive masking of motif...
		Reprioritizing potential motifs...
	6 of 25 Initial Sequence: CTTACAACTTAT... (-9.965)
		Round 1: -18.34 CTTACAACTTWT T:11.0(4.51%),B:325.8(0.33%),P:1e-7
		Round 2: -18.34 CTTACAACTTWT T:11.0(4.51%),B:325.8(0.33%),P:1e-7
		=Final=: -15.97 CTTACAACTTWT T:9.0(3.77%),B:322.7(0.32%),P:1e-6
		Performing exhaustive masking of motif...
		Reprioritizing potential motifs...
	7 of 25 Initial Sequence: AAGGAGCCTCCT... (-9.319)
		Round 1: -18.84 ARKRAGCCTMCT T:8.0(3.30%),B:99.9(0.10%),P:1e-8
		Round 2: -18.84 ARKRAGCCTMCT T:8.0(3.30%),B:99.9(0.10%),P:1e-8
		=Final=: -15.60 ARKRAGCCTMCT T:6.0(2.51%),B:97.5(0.10%),P:1e-6
		Performing exhaustive masking of motif...
		Reprioritizing potential motifs...
	8 of 25 Initial Sequence: CTGAACTGTTCA... (-8.892)
		Round 1: -15.74 CTGAACTGTTCA T:5.0(2.07%),B:19.9(0.02%),P:1e-6
		Round 2: -15.74 CTGAACTGTTCA T:5.0(2.07%),B:19.9(0.02%),P:1e-6
		=Final=: -20.32 CTGAACTGTTCA T:5.0(2.09%),B:19.9(0.02%),P:1e-8
		Performing exhaustive masking of motif...
		Reprioritizing potential motifs...
	Remaining seeds don't look promising (After initial 5 motifs, logp -8.350 > -8.378)

	Finalizing Enrichment Statistics (new in v3.4)
	Reading input files...
	99998 total sequences read
	Cache length = 11180
	Using binomial scoring
	Checking enrichment of 8 motif(s)
	|0%                                    50%                                  100%|
	=================================================================================
	Output in file: /workspace/gene_expression_predictions/outputs/annotation/homer/mid_vitro_blood/homerMotifs.motifs12

	(Motifs in homer2 format)
	Determining similar motifs...	19 reduced to 14 motifs
	Outputing HTML and sequence logos for motif comparison...
	Checking de novo motifs against known motifs...
	Formatting HTML page...
		1 of 14 (1e-9) similar to EBF3/MA1637.2/Jaspar(0.707)
		2 of 14 (1e-8) similar to NR1I3/MA1534.2/Jaspar(0.676)
		3 of 14 (1e-8) similar to TCF7/MA0769.3/Jaspar(0.660)
		4 of 14 (1e-8) similar to NR5A1/MA1540.3/Jaspar(0.805)
		5 of 14 (1e-7) similar to PH0061.1_Hoxb6/Jaspar(0.849)
		6 of 14 (1e-7) similar to PB0181.1_Spdef_2/Jaspar(0.742)
		7 of 14 (1e-7) similar to ETV2::HOXB13/MA1943.2/Jaspar(0.590)
		8 of 14 (1e-7) similar to MF0003.1_REL_class/Jaspar(0.624)
		9 of 14 (1e-7) similar to PH0084.1_Irx3_2/Jaspar(0.607)
		10 of 14 (1e-7) similar to PB0110.1_Bcl6b_2/Jaspar(0.629)
		11 of 14 (1e-6) similar to PB0136.1_IRC900814_2/Jaspar(0.636)
		12 of 14 (1e-6) similar to Lef1/MA0768.3/Jaspar(0.688)
		13 of 14 (1e-6) similar to ZKSCAN1/MA1585.2/Jaspar(0.655)
		14 of 14 (1e-2) similar to RELB/MA1117.2/Jaspar(0.781)
	Job finished - if results look good, please send beer to ..

	Cleaning up tmp files...

